alt2 min phase gs dist fb fuel lat lon hdg
9300 0 1 0 0 0 0 -89.9975 139.2728 25
9400 0.1666667 1 221.9163 0.6160131 5441.673 15.12418 -89.9882 180.7281 25
9500 0.1666667 1 222.2301 0.6168845 5435.399 15.10675 -89.97888 196.273 25
9600 0.1666667 1 222.5438 0.617756 5429.124 15.08932 -89.96955 206.0478 25
9700 0.1666667 1 222.8575 0.6186275 5422.85 15.0719 -89.9602 213.1976 25
9800 0.1666667 1 223.1712 0.6194989 5416.575 15.05447 -89.95084 218.8395 25
9900 0.1666667 1 223.485 0.6203704 5410.301 15.03704 -89.94147 223.5013 25
10000 0.1666667 1 223.7987 0.6212418 5404.026 15.01961 -89.93139 225.1719 355
10100 0.1666667 1 224.1124 0.6221133 5397.752 15.00218 -89.92176 222.4808 325
10200 0.1666667 1 224.4261 0.6229847 5391.477 14.98475 -89.91507 217.0281 301
10300 0.1666667 1 224.7399 0.6238562 5385.203 14.96732 -89.90971 211.1976 301
10400 0.1666667 1 225.0536 0.6247277 5378.928 14.94989 -89.90435 205.6958 301
10500 0.1666667 1 225.3673 0.6255991 5372.654 14.93246 -89.89898 200.4871 301
10600 0.1666667 1 225.681 0.6264706 5366.379 14.91503 -89.8936 195.5416 301
10700 0.1666667 1 225.9948 0.627342 5360.105 14.8976 -89.88822 190.8335 301
10800 0.1666667 1 226.3085 0.6282135 5353.83 14.88017 -89.8827 186.3816 308
10900 0.1666667 1 226.6222 0.629085 5347.556 14.86275 -89.87443 183.4139 336
11000 0.1666667 1 226.9359 0.6299564 5341.281 14.84532 -89.86483 181.5363 336
11100 0.1666667 1 227.2497 0.6308279 5335.007 14.82789 -89.85523 179.7851 336
11200 0.1666667 1 227.5634 0.6316993 5328.732 14.81046 -89.84561 178.1443 336
11300 0.1666667 1 227.8771 0.6325708 5322.458 14.79303 -89.83598 176.6005 336
11400 0.1666667 1 228.1908 0.6334423 5316.183 14.7756 -89.82633 175.143 336
11500 0.1666667 1 228.5046 0.6343137 5309.908 14.75817 -89.81667 173.7703 339
11600 0.1666667 1 228.8183 0.6351852 5303.634 14.74074 -89.80633 173.0991 350
11700 0.1666667 1 229.132 0.6360566 5297.359 14.72331 -89.79589 172.5687 350
11800 0.1666667 1 229.4458 0.6369281 5291.085 14.70588 -89.78543 172.0641 350
11900 0.1666667 1 229.7595 0.6377996 5284.81 14.68845 -89.77497 171.5828 350
12000 0.1666667 1 230.0732 0.638671 5278.536 14.67102 -89.76448 171.1228 350
12100 0.1666667 1 230.3869 0.6395425 5272.261 14.65359 -89.75399 170.6823 350
12200 0.1666667 1 230.7007 0.6404139 5265.987 14.63617 -89.74341 170.3597 354
12300 0.1666667 1 231.0144 0.6412854 5259.712 14.61874 -89.73278 170.1153 354
12400 0.1666667 1 231.3281 0.6421569 5253.438 14.60131 -89.72214 169.8801 354
12500 0.1666667 1 231.6418 0.6430283 5247.163 14.58388 -89.71148 169.6534 354
12600 0.1666667 1 231.9556 0.6438998 5240.889 14.56645 -89.70081 169.4346 354
12700 0.1666667 1 232.2693 0.6447712 5234.614 14.54902 -89.69012 169.2233 354
12800 0.1666667 1 232.583 0.6456427 5228.34 14.53159 -89.67941 169.0374 355
12900 0.1666667 1 232.8967 0.6465142 5222.065 14.51416 -89.66867 168.8723 355
13000 0.1666667 1 233.2105 0.6473856 5215.791 14.49673 -89.65792 168.7122 355
13100 0.1666667 1 233.5242 0.6482571 5209.516 14.4793 -89.64716 168.5569 355
13200 0.1666667 1 233.8379 0.6491285 5203.242 14.46187 -89.63638 168.4061 355
13300 0.1666667 1 234.1516 0.65 5196.967 14.44444 -89.62559 168.2595 355
13400 0.1666667 1 234.4654 0.6508715 5190.693 14.42702 -89.61478 168.1324 356
13500 0.1666667 1 234.7791 0.6517429 5184.418 14.40959 -89.60394 168.0213 356
13600 0.1666667 1 235.0928 0.6526144 5178.144 14.39216 -89.59309 167.913 356
13700 0.1666667 1 235.4065 0.6534858 5171.869 14.37473 -89.58223 167.8074 356
13800 0.1666667 1 235.7203 0.6543573 5165.595 14.3573 -89.57135 167.7044 356
13900 0.1666667 1 236.034 0.6552288 5159.32 14.33987 -89.56045 167.6039 356
14000 0.1666667 1 236.3477 0.6561002 5153.046 14.32244 -89.54954 167.5191 357
14100 0.1666667 1 236.6614 0.6569717 5146.771 14.30501 -89.5386 167.4471 357
14200 0.1666667 1 236.9752 0.6578431 5140.497 14.28758 -89.52765 167.3766 357
14300 0.1666667 1 237.2889 0.6587146 5134.222 14.27015 -89.51669 167.3077 357
14400 0.1666667 1 237.6026 0.6595861 5127.948 14.25272 -89.50571 167.2403 357
14500 0.1666667 1 237.9163 0.6604575 5121.673 14.23529 -89.49472 167.1742 357
14600 0.1666667 1 238.2301 0.661329 5115.399 14.21786 -89.48371 167.1095 357
14700 0.1666667 1 238.5438 0.6622004 5109.124 14.20044 -89.47269 167.0461 357
14800 0.1666667 1 238.8575 0.6630719 5102.85 14.18301 -89.46166 166.9839 357
14900 0.1666667 1 239.1712 0.6639434 5096.575 14.16558 -89.4506 166.9229 357
15000 0.1666667 1 239.485 0.6648148 5090.301 14.14815 -89.43954 166.863 357
15100 0.1666667 1 239.7987 0.6656863 5084.026 14.13072 -89.42846 166.8042 357
15200 0.1666667 1 240.1124 0.6665577 5077.752 14.11329 -89.41737 166.7465 357
15300 0.1666667 1 240.4261 0.6674292 5071.477 14.09586 -89.40626 166.6898 357
15400 0.1666667 1 240.7399 0.6683007 5065.203 14.07843 -89.39513 166.6341 357
15500 0.1666667 1 241.0536 0.6691721 5058.928 14.061 -89.384 166.5793 357
15600 0.1666667 1 241.3673 0.6700436 5052.654 14.04357 -89.37284 166.5254 357
15700 0.1666667 1 241.681 0.670915 5046.379 14.02614 -89.36168 166.4724 357
15800 0.1666667 1 241.9948 0.6717865 5040.105 14.00871 -89.35049 166.4298 358
15900 0.1666667 1 242.3085 0.672658 5033.83 13.99129 -89.33929 166.3956 358
16000 0.1666667 1 242.6222 0.6735294 5027.556 13.97386 -89.32807 166.3619 358
16100 0.1666667 1 242.9359 0.6744009 5021.281 13.95643 -89.31684 166.3287 358
16200 0.1666667 1 243.2497 0.6752723 5015.007 13.939 -89.30559 166.296 358
16300 0.1666667 1 243.5634 0.6761438 5008.732 13.92157 -89.29433 166.2638 358
16400 0.1666667 1 243.8771 0.6770153 5002.458 13.90414 -89.28305 166.2321 358
16500 0.1666667 1 244.1908 0.6778867 4996.183 13.88671 -89.27176 166.2008 358
16600 0.1666667 1 244.5046 0.6787582 4989.908 13.86928 -89.26045 166.17 358
16700 0.1666667 1 244.8183 0.6796296 4983.634 13.85185 -89.24913 166.1396 358
16800 0.1666667 1 245.132 0.6805011 4977.359 13.83442 -89.2378 166.1096 358
16900 0.1666667 1 245.4458 0.6813725 4971.085 13.81699 -89.22645 166.0801 358
17000 0.1666667 1 245.7595 0.682244 4964.81 13.79956 -89.21508 166.0509 358
17100 0.1666667 1 246.0732 0.6831155 4958.536 13.78214 -89.20371 166.0221 358
17200 0.1666667 1 246.3869 0.6839869 4952.261 13.76471 -89.19231 165.9937 358
17300 0.1666667 1 246.7007 0.6848584 4945.987 13.74728 -89.18091 165.9656 358
17400 0.1666667 1 247.0144 0.6857298 4939.712 13.72985 -89.16948 165.9379 358
17500 0.1666667 1 247.3281 0.6866013 4933.438 13.71242 -89.15805 165.9105 358
17600 0.1666667 1 247.6418 0.6874728 4927.163 13.69499 -89.1466 165.8835 358
17700 0.1666667 1 247.9556 0.6883442 4920.889 13.67756 -89.13513 165.8568 358
17800 0.1666667 1 248.2693 0.6892157 4914.614 13.66013 -89.12365 165.8304 358
17900 0.1666667 1 248.583 0.6900871 4908.34 13.6427 -89.11216 165.8043 358
18000 0.1666667 1 248.8967 0.6909586 4902.065 13.62527 -89.10065 165.7786 358
18100 0.1666667 1 249.2105 0.6918301 4895.791 13.60784 -89.08912 165.7531 358
18200 0.1666667 1 249.5242 0.6927015 4889.516 13.59041 -89.07759 165.7279 358
18300 0.1666667 1 249.8379 0.693573 4883.242 13.57298 -89.06603 165.703 358
18400 0.1666667 1 250.1516 0.6944444 4876.967 13.55556 -89.05447 165.6784 358
18500 0.1666667 1 250.4654 0.6953159 4870.693 13.53813 -89.04289 165.654 358
18600 0.1666667 1 250.7791 0.6961874 4864.418 13.5207 -89.03129 165.6299 358
18700 0.1666667 1 251.0928 0.6970588 4858.144 13.50327 -89.01968 165.6061 358
18800 0.1666667 1 251.4065 0.6979303 4851.869 13.48584 -89.00805 165.589 359
18900 0.1666667 1 251.7203 0.6988017 4845.595 13.46841 -88.99641 165.5773 359
19000 0.1666667 1 252.034 0.6996732 4839.32 13.45098 -88.98475 165.5657 359
19100 0.1666667 1 252.3477 0.7005447 4833.046 13.43355 -88.97307 165.5543 359
19200 0.1666667 1 252.6614 0.7014161 4826.771 13.41612 -88.96138 165.543 359
19300 0.1666667 1 252.9752 0.7022876 4820.497 13.39869 -88.94968 165.5318 359
19400 0.1666667 1 253.2889 0.703159 4814.222 13.38126 -88.93796 165.5207 359
19500 0.1666667 1 253.6026 0.7040305 4807.948 13.36383 -88.92623 165.5097 359
19600 0.1666667 1 253.9163 0.704902 4801.673 13.34641 -88.91449 165.4988 359
19700 0.1666667 1 254.2301 0.7057734 4795.399 13.32898 -88.90272 165.488 359
19800 0.1666667 1 254.5438 0.7066449 4789.124 13.31155 -88.89095 165.4774 359
19900 0.1666667 1 254.8575 0.7075163 4782.85 13.29412 -88.87916 165.4668 359
20000 0.1666667 1 255.1712 0.7083878 4776.575 13.27669 -88.86735 165.4563 359
20100 0.1666667 1 255.485 0.7092593 4770.301 13.25926 -88.85553 165.4459 359
20200 0.1666667 1 255.7987 0.7101307 4764.026 13.24183 -88.8437 165.4356 359
20300 0.1666667 1 256.1124 0.7110022 4757.752 13.2244 -88.83185 165.4254 359
20400 0.1666667 1 256.4261 0.7118736 4751.477 13.20697 -88.81999 165.4153 359
20500 0.1666667 1 256.7399 0.7127451 4745.203 13.18954 -88.80811 165.4053 359
20600 0.1666667 1 257.0536 0.7136166 4738.928 13.17211 -88.79622 165.3954 359
20700 0.1666667 1 257.3673 0.714488 4732.654 13.15468 -88.78431 165.3855 359
20800 0.1666667 1 257.681 0.7153595 4726.379 13.13725 -88.77239 165.3758 359
20900 0.1666667 1 257.9948 0.7162309 4720.105 13.11983 -88.76046 165.3661 359
21000 0.1666667 1 258.3085 0.7171024 4713.83 13.1024 -88.74851 165.3565 359
21100 0.1666667 1 258.6222 0.7179739 4707.556 13.08497 -88.73654 165.347 359
21200 0.1666667 1 258.9359 0.7188453 4701.281 13.06754 -88.72456 165.3376 359
21300 0.1666667 1 259.2497 0.7197168 4695.007 13.05011 -88.71257 165.3282 359
21400 0.1666667 1 259.5634 0.7205882 4688.732 13.03268 -88.70056 165.3189 359
21500 0.1666667 1 259.8771 0.7214597 4682.458 13.01525 -88.68854 165.3097 359
21600 0.1666667 1 260.1908 0.7223312 4676.183 12.99782 -88.6765 165.3006 359
21700 0.1666667 1 260.5046 0.7232026 4669.908 12.98039 -88.66445 165.2915 359
21800 0.1666667 1 260.8183 0.7240741 4663.634 12.96296 -88.65239 165.2825 359
21900 0.1666667 1 261.132 0.7249455 4657.359 12.94553 -88.64031 165.2736 359
22000 0.1666667 1 261.4458 0.725817 4651.085 12.9281 -88.62821 165.2647 359
22100 0.1666667 1 261.7595 0.7266885 4644.81 12.91068 -88.6161 165.2559 359
22200 0.1666667 1 262.0732 0.7275599 4638.536 12.89325 -88.60398 165.2472 359
22300 0.1666667 1 262.3869 0.7284314 4632.261 12.87582 -88.59184 165.2385 359
22400 0.1666667 1 262.7007 0.7293028 4625.987 12.85839 -88.57969 165.2299 359
22500 0.1666667 1 263.0144 0.7301743 4619.712 12.84096 -88.56752 165.2214 359
22600 0.1666667 1 263.3281 0.7310458 4613.438 12.82353 -88.55534 165.2129 359
22700 0.1666667 1 263.6418 0.7319172 4607.163 12.8061 -88.54314 165.2045 359
22800 0.1666667 1 263.9556 0.7327887 4600.889 12.78867 -88.53093 165.1962 359
22900 0.1666667 1 264.2693 0.7336601 4594.614 12.77124 -88.5187 165.1879 359
23000 0.1666667 1 264.583 0.7345316 4588.34 12.75381 -88.50646 165.1797 359
23003.33 0.005555556 1 264.5935 0.02449939 4588.131 0.4248269 -88.50605 165.1794 359
23003.33 0.1666667 1 264.5987 0.7349964 4588.026 12.74452 -88.4938 165.1712 359
23003.33 0.1666667 1 264.5987 0.7349964 4588.026 12.74452 -88.48156 165.1631 359
23003.33 0.1666667 1 264.5987 0.7349964 4588.026 12.74452 -88.46931 165.1551 359
23003.33 0.1666667 1 264.5987 0.7349964 4588.026 12.74452 -88.45706 165.1471 359
23003.33 0.1666667 1 264.5987 0.7349964 4588.026 12.74452 -88.44481 165.1392 359
23003.33 0.1666667 1 264.5987 0.7349964 4588.026 12.74452 -88.43256 165.1314 359
23003.33 0.1666667 1 264.5987 0.7349964 4588.026 12.74452 -88.42032 165.1236 359
23003.33 0.1666667 1 264.5987 0.7349964 4588.026 12.74452 -88.40807 165.1159 359
23003.33 0.1666667 1 264.5987 0.7349964 4588.026 12.74452 -88.39582 165.1082 359
23003.33 0.1666667 1 264.5987 0.7349964 4588.026 12.74452 -88.38357 165.1006 359
23003.33 0.1666667 1 264.5987 0.7349964 4588.026 12.74452 -88.37132 165.093 359
23003.33 0.1666667 1 264.5987 0.7349964 4588.026 12.74452 -88.35908 165.0855 359
23003.33 0.1666667 1 264.5987 0.7349964 4588.026 12.74452 -88.34683 165.0781 359
23003.33 0.1666667 1 264.5987 0.7349964 4588.026 12.74452 -88.33458 165.0707 359
23003.33 0.1666667 1 264.5987 0.7349964 4588.026 12.74452 -88.32233 165.0634 359
23003.33 0.1666667 1 264.5987 0.7349964 4588.026 12.74452 -88.31008 165.0561 359
23003.33 0.1666667 1 264.5987 0.7349964 4588.026 12.74452 -88.29784 165.0489 359
23003.33 0.1666667 1 264.5987 0.7349964 4588.026 12.74452 -88.28559 165.0417 359
23003.33 0.1666667 1 264.5987 0.7349964 4588.026 12.74452 -88.27334 165.0346 359
23003.33 0.1666667 1 264.5987 0.7349964 4588.026 12.74452 -88.26109 165.0275 359
23003.33 0.1666667 1 264.5987 0.7349964 4588.026 12.74452 -88.24884 165.0205 359
23003.33 0.1666667 1 264.5987 0.7349964 4588.026 12.74452 -88.23659 165.0135 359
23003.33 0.1666667 1 264.5987 0.7349964 4588.026 12.74452 -88.22435 165.0066 359
23003.33 0.1666667 1 264.5987 0.7349964 4588.026 12.74452 -88.2121 164.9997 359
23003.33 0.1666667 1 264.5987 0.7349964 4588.026 12.74452 -88.19985 164.9929 359
23003.33 0.1666667 1 264.5987 0.7349964 4588.026 12.74452 -88.1876 164.9861 359
23003.33 0.1666667 1 264.5987 0.7349964 4588.026 12.74452 -88.17535 164.9794 359
23003.33 0.1666667 1 264.5987 0.7349964 4588.026 12.74452 -88.16311 164.9727 359
23003.33 0.1666667 1 264.5987 0.7349964 4588.026 12.74452 -88.15086 164.966 359
23003.33 0.1666667 1 264.5987 0.7349964 4588.026 12.74452 -88.13861 164.9594 359
23003.33 0.1666667 1 264.5987 0.7349964 4588.026 12.74452 -88.12636 164.9529 359
23003.33 0.1666667 1 264.5987 0.7349964 4588.026 12.74452 -88.11411 164.9464 359
23003.33 0.1666667 1 264.5987 0.7349964 4588.026 12.74452 -88.10187 164.9399 359
23003.33 0.1666667 1 264.5987 0.7349964 4588.026 12.74452 -88.08962 164.9334 359
23003.33 0.1666667 1 264.5987 0.7349964 4588.026 12.74452 -88.07737 164.9271 359
23003.33 0.1666667 1 264.5987 0.7349964 4588.026 12.74452 -88.06512 164.9207 359
23003.33 0.1666667 1 264.5987 0.7349964 4588.026 12.74452 -88.05287 164.9144 359
23003.33 0.1666667 1 264.5987 0.7349964 4588.026 12.74452 -88.04063 164.9081 359
23003.33 0.1666667 1 264.5987 0.7349964 4588.026 12.74452 -88.02838 164.9019 359
23003.33 0.1666667 1 264.5987 0.7349964 4588.026 12.74452 -88.01613 164.8957 359
23003.33 0.1666667 1 264.5987 0.7349964 4588.026 12.74452 -88.00388 164.8895 359
23003.33 0.1666667 1 264.5987 0.7349964 4588.026 12.74452 -87.99163 164.8834 359
23003.33 0.1666667 1 264.5987 0.7349964 4588.026 12.74452 -87.97939 164.8773 359
23003.33 0.1666667 1 264.5987 0.7349964 4588.026 12.74452 -87.96714 164.8713 359
23003.33 0.1666667 1 264.5987 0.7349964 4588.026 12.74452 -87.95489 164.8653 359
23003.33 0.1666667 1 264.5987 0.7349964 4588.026 12.74452 -87.94264 164.8593 359
23003.33 0.1666667 1 264.5987 0.7349964 4588.026 12.74452 -87.93039 164.8534 359
23003.33 0.1666667 1 264.5987 0.7349964 4588.026 12.74452 -87.91815 164.8475 359
23003.33 0.1666667 1 264.5987 0.7349964 4588.026 12.74452 -87.9059 164.8416 359
23003.33 0.1666667 1 264.5987 0.7349964 4588.026 12.74452 -87.89365 164.8358 359
23003.33 0.1666667 1 264.5987 0.7349964 4588.026 12.74452 -87.8814 164.83 359
23003.33 0.1666667 1 264.5987 0.7349964 4588.026 12.74452 -87.86915 164.8242 359
23003.33 0.1666667 1 264.5987 0.7349964 4588.026 12.74452 -87.8569 164.8185 359
23003.33 0.1666667 1 264.5987 0.7349964 4588.026 12.74452 -87.84466 164.8128 359
23003.33 0.1666667 1 264.5987 0.7349964 4588.026 12.74452 -87.83241 164.8071 359
23003.33 0.1666667 1 264.5987 0.7349964 4588.026 12.74452 -87.82016 164.8015 359
23003.33 0.1666667 1 264.5987 0.7349964 4588.026 12.74452 -87.80791 164.7959 359
23003.33 0.1666667 1 264.5987 0.7349964 4588.026 12.74452 -87.79566 164.7903 359
23003.33 0.1666667 1 264.5987 0.7349964 4588.026 12.74452 -87.78342 164.7847 359
23003.33 0.1666667 1 264.5987 0.7349964 4588.026 12.74452 -87.77117 164.7792 359
23003.33 0.1666667 1 264.5987 0.7349964 4588.026 12.74452 -87.75892 164.7737 359
23003.33 0.1666667 1 264.5987 0.7349964 4588.026 12.74452 -87.74667 164.7683 359
23003.33 0.1666667 1 264.5987 0.7349964 4588.026 12.74452 -87.73442 164.7629 359
23003.33 0.1666667 1 264.5987 0.7349964 4588.026 12.74452 -87.72218 164.7575 359
23003.33 0.1666667 1 264.5987 0.7349964 4588.026 12.74452 -87.70993 164.7521 359
23003.33 0.1666667 1 264.5987 0.7349964 4588.026 12.74452 -87.69768 164.7468 359
23003.33 0.1666667 1 264.5987 0.7349964 4588.026 12.74452 -87.68543 164.7415 359
23003.33 0.1666667 1 264.5987 0.7349964 4588.026 12.74452 -87.67318 164.7362 359
23003.33 0.1666667 1 264.5987 0.7349964 4588.026 12.74452 -87.66094 164.7309 359
23003.33 0.1666667 1 264.5987 0.7349964 4588.026 12.74452 -87.64869 164.7257 359
23003.33 0.1666667 1 264.5987 0.7349964 4588.026 12.74452 -87.63644 164.7205 359
23003.33 0.1666667 1 264.5987 0.7349964 4588.026 12.74452 -87.62419 164.7153 359
23003.33 0.1666667 1 264.5987 0.7349964 4588.026 12.74452 -87.61194 164.7102 359
23003.33 0.1666667 1 264.5987 0.7349964 4588.026 12.74452 -87.5997 164.7051 359
23003.33 0.1666667 1 264.5987 0.7349964 4588.026 12.74452 -87.58745 164.7 359
23003.33 0.1666667 1 264.5987 0.7349964 4588.026 12.74452 -87.5752 164.6949 359
23003.33 0.1666667 1 264.5987 0.7349964 4588.026 12.74452 -87.56295 164.6899 359
23003.33 0.1666667 1 264.5987 0.7349964 4588.026 12.74452 -87.5507 164.6849 359
23003.33 0.1666667 1 264.5987 0.7349964 4588.026 12.74452 -87.53845 164.6799 359
23003.33 0.1666667 1 264.5987 0.7349964 4588.026 12.74452 -87.52621 164.6749 359
23003.33 0.1666667 1 264.5987 0.7349964 4588.026 12.74452 -87.51396 164.67 359
23003.33 0.1666667 1 264.5987 0.7349964 4588.026 12.74452 -87.50171 164.6651 359
23003.33 0.1666667 1 264.5987 0.7349964 4588.026 12.74452 -87.48946 164.6602 359
23003.33 0.1666667 1 264.5987 0.7349964 4588.026 12.74452 -87.47721 164.6553 359
23003.33 0.1666667 1 264.5987 0.7349964 4588.026 12.74452 -87.46496 164.6552 0
23003.33 0.1666667 1 264.5987 0.7349964 4588.026 12.74452 -87.45271 164.6552 0
23003.33 0.1666667 1 264.5987 0.7349964 4588.026 12.74452 -87.44046 164.6552 0
23003.33 0.1666667 1 264.5987 0.7349964 4588.026 12.74452 -87.42821 164.6552 0
23003.33 0.1666667 1 264.5987 0.7349964 4588.026 12.74452 -87.41596 164.6552 0
23003.33 0.1666667 1 264.5987 0.7349964 4588.026 12.74452 -87.40371 164.6552 0
23003.33 0.1666667 1 264.5987 0.7349964 4588.026 12.74452 -87.39146 164.6552 0
23003.33 0.1666667 1 264.5987 0.7349964 4588.026 12.74452 -87.37921 164.6552 0
23003.33 0.1666667 1 264.5987 0.7349964 4588.026 12.74452 -87.36696 164.6552 0
23003.33 0.1666667 1 264.5987 0.7349964 4588.026 12.74452 -87.35472 164.6552 0
23003.33 0.1666667 1 264.5987 0.7349964 4588.026 12.74452 -87.34247 164.6552 0
23003.33 0.1666667 1 264.5987 0.7349964 4588.026 12.74452 -87.33022 164.6552 0
23003.33 0.1666667 1 264.5987 0.7349964 4588.026 12.74452 -87.31797 164.6552 0
23003.33 0.1666667 1 264.5987 0.7349964 4588.026 12.74452 -87.30572 164.6552 0
23003.33 0.1666667 1 264.5987 0.7349964 4588.026 12.74452 -87.29347 164.6552 0
23003.33 0.1666667 1 264.5987 0.7349964 4588.026 12.74452 -87.28122 164.6552 0
23003.33 0.1666667 1 264.5987 0.7349964 4588.026 12.74452 -87.26897 164.6552 0
23003.33 0.1666667 1 264.5987 0.7349964 4588.026 12.74452 -87.25672 164.6552 0
23003.33 0.1666667 1 264.5987 0.7349964 4588.026 12.74452 -87.24447 164.6508 359
23003.33 0.1666667 1 264.5987 0.7349964 4588.026 12.74452 -87.23222 164.6464 359
23003.33 0.1666667 1 264.5987 0.7349964 4588.026 12.74452 -87.21997 164.642 359
23003.33 0.1666667 1 264.5987 0.7349964 4588.026 12.74452 -87.20772 164.6376 359
23003.33 0.1666667 1 264.5987 0.7349964 4588.026 12.74452 -87.19548 164.6332 359
23003.33 0.1666667 1 264.5987 0.7349964 4588.026 12.74452 -87.18323 164.6288 359
23003.33 0.1666667 1 264.5987 0.7349964 4588.026 12.74452 -87.17098 164.6288 0
23003.33 0.1666667 1 264.5987 0.7349964 4588.026 12.74452 -87.15873 164.6288 0
23003.33 0.1666667 1 264.5987 0.7349964 4588.026 12.74452 -87.14648 164.6288 0
23003.33 0.1666667 1 264.5987 0.7349964 4588.026 12.74452 -87.13423 164.6288 0
23003.33 0.1666667 1 264.5987 0.7349964 4588.026 12.74452 -87.12198 164.6288 0
23003.33 0.1666667 1 264.5987 0.7349964 4588.026 12.74452 -87.10973 164.6288 0
23003.33 0.1666667 1 264.5987 0.7349964 4588.026 12.74452 -87.09748 164.6288 0
23003.33 0.1666667 1 264.5987 0.7349964 4588.026 12.74452 -87.08523 164.6288 0
23003.33 0.1666667 1 264.5987 0.7349964 4588.026 12.74452 -87.07298 164.6288 0
23003.33 0.1666667 1 264.5987 0.7349964 4588.026 12.74452 -87.06073 164.6288 0
23003.33 0.1666667 1 264.5987 0.7349964 4588.026 12.74452 -87.04848 164.6288 0
23003.33 0.1666667 1 264.5987 0.7349964 4588.026 12.74452 -87.03623 164.6288 0
23003.33 0.1666667 1 264.5987 0.7349964 4588.026 12.74452 -87.02398 164.6288 0
23003.33 0.1666667 1 264.5987 0.7349964 4588.026 12.74452 -87.01173 164.6288 0
23003.33 0.1666667 1 264.5987 0.7349964 4588.026 12.74452 -86.99948 164.6288 0
23003.33 0.1666667 1 264.5987 0.7349964 4588.026 12.74452 -86.98723 164.6288 0
23003.33 0.1666667 1 264.5987 0.7349964 4588.026 12.74452 -86.97498 164.6288 0
23003.33 0.1666667 1 264.5987 0.7349964 4588.026 12.74452 -86.96273 164.6288 0
23003.33 0.1666667 1 264.5987 0.7349964 4588.026 12.74452 -86.95048 164.6248 359
23003.33 0.1666667 1 264.5987 0.7349964 4588.026 12.74452 -86.93823 164.6208 359
23003.33 0.1666667 1 264.5987 0.7349964 4588.026 12.74452 -86.92598 164.6168 359
23003.33 0.1666667 1 264.5987 0.7349964 4588.026 12.74452 -86.91374 164.6128 359
23003.33 0.1666667 1 264.5987 0.7349964 4588.026 12.74452 -86.90149 164.6089 359
23003.33 0.1666667 1 264.5987 0.7349964 4588.026 12.74452 -86.88924 164.6049 359
23003.33 0.1666667 1 264.5987 0.7349964 4588.026 12.74452 -86.87699 164.6048 0
23003.33 0.1666667 1 264.5987 0.7349964 4588.026 12.74452 -86.86474 164.6048 0
23003.33 0.1666667 1 264.5987 0.7349964 4588.026 12.74452 -86.85249 164.6048 0
23003.33 0.1666667 1 264.5987 0.7349964 4588.026 12.74452 -86.84024 164.6048 0
23003.33 0.1666667 1 264.5987 0.7349964 4588.026 12.74452 -86.82799 164.6048 0
23003.33 0.1666667 1 264.5987 0.7349964 4588.026 12.74452 -86.81574 164.6048 0
23003.33 0.1666667 1 264.5987 0.7349964 4588.026 12.74452 -86.80349 164.6048 0
23003.33 0.1666667 1 264.5987 0.7349964 4588.026 12.74452 -86.79124 164.6048 0
23003.33 0.1666667 1 264.5987 0.7349964 4588.026 12.74452 -86.77899 164.6048 0
23003.33 0.1666667 1 264.5987 0.7349964 4588.026 12.74452 -86.76674 164.6048 0
23003.33 0.1666667 1 264.5987 0.7349964 4588.026 12.74452 -86.75449 164.6048 0
23003.33 0.1666667 1 264.5987 0.7349964 4588.026 12.74452 -86.74224 164.6048 0
23003.33 0.1666667 1 264.5987 0.7349964 4588.026 12.74452 -86.72999 164.6048 0
23003.33 0.1666667 1 264.5987 0.7349964 4588.026 12.74452 -86.71774 164.6048 0
23003.33 0.1666667 1 264.5987 0.7349964 4588.026 12.74452 -86.70549 164.6048 0
23003.33 0.1666667 1 264.5987 0.7349964 4588.026 12.74452 -86.69324 164.6048 0
23003.33 0.1666667 1 264.5987 0.7349964 4588.026 12.74452 -86.68099 164.6048 0
23003.33 0.1666667 1 264.5987 0.7349964 4588.026 12.74452 -86.66874 164.6048 0
23003.33 0.1666667 1 264.5987 0.7349964 4588.026 12.74452 -86.65649 164.6012 359
23003.33 0.1666667 1 264.5987 0.7349964 4588.026 12.74452 -86.64424 164.5976 359
23003.33 0.1666667 1 264.5987 0.7349964 4588.026 12.74452 -86.632 164.5939 359
23003.33 0.1666667 1 264.5987 0.7349964 4588.026 12.74452 -86.61975 164.5903 359
23003.33 0.1666667 1 264.5987 0.7349964 4588.026 12.74452 -86.6075 164.5867 359
23003.33 0.1666667 1 264.5987 0.7349964 4588.026 12.74452 -86.59525 164.5831 359
23003.33 0.1666667 1 264.5987 0.7349964 4588.026 12.74452 -86.583 164.583 0
23003.33 0.1666667 1 264.5987 0.7349964 4588.026 12.74452 -86.57075 164.583 0
23003.33 0.1666667 1 264.5987 0.7349964 4588.026 12.74452 -86.5585 164.583 0
23003.33 0.1666667 1 264.5987 0.7349964 4588.026 12.74452 -86.54625 164.583 0
23003.33 0.1666667 1 264.5987 0.7349964 4588.026 12.74452 -86.534 164.583 0
23003.33 0.1666667 1 264.5987 0.7349964 4588.026 12.74452 -86.52175 164.583 0
23003.33 0.1666667 1 264.5987 0.7349964 4588.026 12.74452 -86.5095 164.583 0
23003.33 0.1666667 1 264.5987 0.7349964 4588.026 12.74452 -86.49725 164.583 0
23003.33 0.1666667 1 264.5987 0.7349964 4588.026 12.74452 -86.485 164.583 0
23003.33 0.1666667 1 264.5987 0.7349964 4588.026 12.74452 -86.47275 164.583 0
23003.33 0.1666667 1 264.5987 0.7349964 4588.026 12.74452 -86.4605 164.583 0
23003.33 0.1666667 1 264.5987 0.7349964 4588.026 12.74452 -86.44825 164.583 0
23003.33 0.1666667 1 264.5987 0.7349964 4588.026 12.74452 -86.436 164.5796 359
23003.33 0.1666667 1 264.5987 0.7349964 4588.026 12.74452 -86.42376 164.5762 359
23003.33 0.1666667 1 264.5987 0.7349964 4588.026 12.74452 -86.41151 164.5728 359
23003.33 0.1666667 1 264.5987 0.7349964 4588.026 12.74452 -86.39926 164.5694 359
23003.33 0.1666667 1 264.5987 0.7349964 4588.026 12.74452 -86.38701 164.566 359
23003.33 0.1666667 1 264.5987 0.7349964 4588.026 12.74452 -86.37476 164.5626 359
23003.33 0.1666667 1 264.5987 0.7349964 4588.026 12.74452 -86.36251 164.5625 0
23003.33 0.1666667 1 264.5987 0.7349964 4588.026 12.74452 -86.35026 164.5625 0
23003.33 0.1666667 1 264.5987 0.7349964 4588.026 12.74452 -86.33801 164.5625 0
23003.33 0.1666667 1 264.5987 0.7349964 4588.026 12.74452 -86.32576 164.5625 0
23003.33 0.1666667 1 264.5987 0.7349964 4588.026 12.74452 -86.31351 164.5625 0
23003.33 0.1666667 1 264.5987 0.7349964 4588.026 12.74452 -86.30126 164.5625 0
23003.33 0.1666667 1 264.5987 0.7349964 4588.026 12.74452 -86.28901 164.5625 0
23003.33 0.1666667 1 264.5987 0.7349964 4588.026 12.74452 -86.27677 164.5625 0
23003.33 0.1666667 1 264.5987 0.7349964 4588.026 12.74452 -86.26452 164.5625 0
23003.33 0.1666667 1 264.5987 0.7349964 4588.026 12.74452 -86.25227 164.5625 0
23003.33 0.1666667 1 264.5987 0.7349964 4588.026 12.74452 -86.24002 164.5625 0
23003.33 0.1666667 1 264.5987 0.7349964 4588.026 12.74452 -86.22777 164.5625 0
23003.33 0.1666667 1 264.5987 0.7349964 4588.026 12.74452 -86.21552 164.5625 0
23003.33 0.1666667 1 264.5987 0.7349964 4588.026 12.74452 -86.20327 164.5625 0
23003.33 0.1666667 1 264.5987 0.7349964 4588.026 12.74452 -86.19102 164.5625 0
23003.33 0.1666667 1 264.5987 0.7349964 4588.026 12.74452 -86.17877 164.5625 0
23003.33 0.1666667 1 264.5987 0.7349964 4588.026 12.74452 -86.16652 164.5625 0
23003.33 0.1666667 1 264.5987 0.7349964 4588.026 12.74452 -86.15427 164.5625 0
23003.33 0.1666667 1 264.5987 0.7349964 4588.026 12.74452 -86.14202 164.5594 359
23003.33 0.1666667 1 264.5987 0.7349964 4588.026 12.74452 -86.12977 164.5562 359
23003.33 0.1666667 1 264.5987 0.7349964 4588.026 12.74452 -86.11752 164.5531 359
23003.33 0.1666667 1 264.5987 0.7349964 4588.026 12.74452 -86.10527 164.5499 359
23003.33 0.1666667 1 264.5987 0.7349964 4588.026 12.74452 -86.09303 164.5468 359
23003.33 0.1666667 1 264.5987 0.7349964 4588.026 12.74452 -86.08078 164.5436 359
23003.33 0.1666667 1 264.5987 0.7349964 4588.026 12.74452 -86.06853 164.5436 0
23003.33 0.1666667 1 264.5987 0.7349964 4588.026 12.74452 -86.05628 164.5436 0
23003.33 0.1666667 1 264.5987 0.7349964 4588.026 12.74452 -86.04403 164.5436 0
23003.33 0.1666667 1 264.5987 0.7349964 4588.026 12.74452 -86.03178 164.5436 0
23003.33 0.1666667 1 264.5987 0.7349964 4588.026 12.74452 -86.01953 164.5436 0
23003.33 0.1666667 1 264.5987 0.7349964 4588.026 12.74452 -86.00728 164.5436 0
23003.33 0.1666667 1 264.5987 0.7349964 4588.026 12.74452 -85.99503 164.5436 0
23003.33 0.1666667 1 264.5987 0.7349964 4588.026 12.74452 -85.98278 164.5436 0
23003.33 0.1666667 1 264.5987 0.7349964 4588.026 12.74452 -85.97053 164.5436 0
23003.33 0.1666667 1 264.5987 0.7349964 4588.026 12.74452 -85.95828 164.5436 0
23003.33 0.1666667 1 264.5987 0.7349964 4588.026 12.74452 -85.94603 164.5436 0
23003.33 0.1666667 1 264.5987 0.7349964 4588.026 12.74452 -85.93378 164.5436 0
23003.33 0.1666667 1 264.5987 0.7349964 4588.026 12.74452 -85.92153 164.5406 359
23003.33 0.1666667 1 264.5987 0.7349964 4588.026 12.74452 -85.90928 164.5376 359
23003.33 0.1666667 1 264.5987 0.7349964 4588.026 12.74452 -85.89703 164.5346 359
23003.33 0.1666667 1 264.5987 0.7349964 4588.026 12.74452 -85.88479 164.5316 359
23003.33 0.1666667 1 264.5987 0.7349964 4588.026 12.74452 -85.87254 164.5287 359
23003.33 0.1666667 1 264.5987 0.7349964 4588.026 12.74452 -85.86029 164.5257 359
23003.33 0.1666667 1 264.5987 0.7349964 4588.026 12.74452 -85.84804 164.5256 0
23003.33 0.1666667 1 264.5987 0.7349964 4588.026 12.74452 -85.83579 164.5256 0
23003.33 0.1666667 1 264.5987 0.7349964 4588.026 12.74452 -85.82354 164.5256 0
22996.67 0.1666667 1 264.583 0.7349944 4588.34 12.74456 -85.81129 164.5256 0
22896.67 0.1666667 1 264.2693 0.7345025 4594.614 12.75439 -85.79905 164.5256 0
22796.67 0.1666667 1 263.9556 0.7336311 4600.889 12.77182 -85.78682 164.5256 0
22696.67 0.1666667 1 263.6418 0.7327596 4607.163 12.78925 -85.77461 164.5256 0
22596.67 0.1666667 1 263.3281 0.7318882 4613.438 12.80668 -85.76241 164.5256 0
22496.67 0.1666667 1 263.0144 0.7310167 4619.712 12.82411 -85.75023 164.5256 0
22396.67 0.1666667 1 262.7007 0.7301452 4625.987 12.84154 -85.73806 164.5256 0
22296.67 0.1666667 1 262.3869 0.7292738 4632.261 12.85897 -85.7259 164.5256 0
22196.67 0.1666667 1 262.0732 0.7284023 4638.536 12.8764 -85.71376 164.5256 0
22096.67 0.1666667 1 261.7595 0.7275309 4644.81 12.89383 -85.70164 164.5229 359
21996.67 0.1666667 1 261.4458 0.7266594 4651.085 12.91126 -85.68953 164.52 359
21896.67 0.1666667 1 261.132 0.7257879 4657.359 12.92869 -85.67744 164.5172 359
21796.67 0.1666667 1 260.8183 0.7249165 4663.634 12.94611 -85.66536 164.5144 359
21696.67 0.1666667 1 260.5046 0.724045 4669.908 12.96354 -85.65329 164.5117 359
21596.67 0.1666667 1 260.1908 0.7231736 4676.183 12.98097 -85.64124 164.5089 359
21496.67 0.1666667 1 259.8771 0.7223021 4682.458 12.9984 -85.6292 164.5088 0
21396.67 0.1666667 1 259.5634 0.7214306 4688.732 13.01583 -85.61718 164.5088 0
21296.67 0.1666667 1 259.2497 0.7205592 4695.007 13.03326 -85.60517 164.5088 0
21196.67 0.1666667 1 258.9359 0.7196877 4701.281 13.05069 -85.59317 164.5088 0
21096.67 0.1666667 1 258.6222 0.7188163 4707.556 13.06812 -85.58119 164.5088 0
20996.67 0.1666667 1 258.3085 0.7179448 4713.83 13.08555 -85.56923 164.5088 0
20896.67 0.1666667 1 257.9948 0.7170733 4720.105 13.10298 -85.55728 164.5062 359
20796.67 0.1666667 1 257.681 0.7162019 4726.379 13.12041 -85.54534 164.5035 359
20696.67 0.1666667 1 257.3673 0.7153304 4732.654 13.13784 -85.53342 164.5008 359
20596.67 0.1666667 1 257.0536 0.714459 4738.928 13.15527 -85.52152 164.4982 359
20496.67 0.1666667 1 256.7399 0.7135875 4745.203 13.17269 -85.50962 164.4955 359
20396.67 0.1666667 1 256.4261 0.712716 4751.477 13.19012 -85.49775 164.4929 359
20296.67 0.1666667 1 256.1124 0.7118446 4757.752 13.20755 -85.48588 164.4928 0
20196.67 0.1666667 1 255.7987 0.7109731 4764.026 13.22498 -85.47403 164.4928 0
20096.67 0.1666667 1 255.485 0.7101017 4770.301 13.24241 -85.4622 164.4928 0
19996.67 0.1666667 1 255.1712 0.7092302 4776.575 13.25984 -85.45038 164.4928 0
19896.67 0.1666667 1 254.8575 0.7083588 4782.85 13.27727 -85.43857 164.4928 0
19796.67 0.1666667 1 254.5438 0.7074873 4789.124 13.2947 -85.42678 164.4928 0
19696.67 0.1666667 1 254.2301 0.7066158 4795.399 13.31213 -85.415 164.4928 0
19596.67 0.1666667 1 253.9163 0.7057444 4801.673 13.32956 -85.40324 164.4928 0
19496.67 0.1666667 1 253.6026 0.7048729 4807.948 13.34699 -85.39149 164.4928 0
19396.67 0.1666667 1 253.2889 0.7040015 4814.222 13.36442 -85.37976 164.4928 0
19296.67 0.1666667 1 252.9752 0.70313 4820.497 13.38184 -85.36804 164.4928 0
19196.67 0.1666667 1 252.6614 0.7022585 4826.771 13.39927 -85.35634 164.4928 0
19096.67 0.1666667 1 252.3477 0.7013871 4833.046 13.4167 -85.34465 164.4904 359
18996.67 0.1666667 1 252.034 0.7005156 4839.32 13.43413 -85.33298 164.4878 359
18896.67 0.1666667 1 251.7203 0.6996442 4845.595 13.45156 -85.32132 164.4853 359
18796.67 0.1666667 1 251.4065 0.6987727 4851.869 13.46899 -85.30967 164.4829 359
18696.67 0.1666667 1 251.0928 0.6979012 4858.144 13.48642 -85.29804 164.4804 359
18596.67 0.1666667 1 250.7791 0.6970298 4864.418 13.50385 -85.28643 164.4779 359
18496.67 0.1666667 1 250.4654 0.6961583 4870.693 13.52128 -85.27482 164.4779 0
18396.67 0.1666667 1 250.1516 0.6952869 4876.967 13.53871 -85.26324 164.4779 0
18296.67 0.1666667 1 249.8379 0.6944154 4883.242 13.55614 -85.25166 164.4779 0
18196.67 0.1666667 1 249.5242 0.6935439 4889.516 13.57357 -85.2401 164.4779 0
18096.67 0.1666667 1 249.2105 0.6926725 4895.791 13.59099 -85.22856 164.4779 0
17996.67 0.1666667 1 248.8967 0.691801 4902.065 13.60842 -85.21703 164.4779 0
17896.67 0.1666667 1 248.583 0.6909296 4908.34 13.62585 -85.20551 164.4779 0
17796.67 0.1666667 1 248.2693 0.6900581 4914.614 13.64328 -85.19401 164.4779 0
17696.67 0.1666667 1 247.9556 0.6891866 4920.889 13.66071 -85.18253 164.4779 0
17596.67 0.1666667 1 247.6418 0.6883152 4927.163 13.67814 -85.17105 164.4779 0
17496.67 0.1666667 1 247.3281 0.6874437 4933.438 13.69557 -85.1596 164.4779 0
17396.67 0.1666667 1 247.0144 0.6865723 4939.712 13.713 -85.14815 164.4779 0
17296.67 0.1666667 1 246.7007 0.6857008 4945.987 13.73043 -85.13673 164.4756 359
17196.67 0.1666667 1 246.3869 0.6848293 4952.261 13.74786 -85.12532 164.4732 359
17096.67 0.1666667 1 246.0732 0.6839579 4958.536 13.76529 -85.11392 164.4709 359
16996.67 0.1666667 1 245.7595 0.6830864 4964.81 13.78272 -85.10253 164.4685 359
16896.67 0.1666667 1 245.4458 0.682215 4971.085 13.80015 -85.09117 164.4662 359
16796.67 0.1666667 1 245.132 0.6813435 4977.359 13.81757 -85.07981 164.4639 359
16696.67 0.1666667 1 244.8183 0.680472 4983.634 13.835 -85.06847 164.4639 0
16596.67 0.1666667 1 244.5046 0.6796006 4989.908 13.85243 -85.05714 164.4639 0
16496.67 0.1666667 1 244.1908 0.6787291 4996.183 13.86986 -85.04583 164.4639 0
16396.67 0.1666667 1 243.8771 0.6778577 5002.458 13.88729 -85.03453 164.4639 0
16296.67 0.1666667 1 243.5634 0.6769862 5008.732 13.90472 -85.02325 164.4639 0
16196.67 0.1666667 1 243.2497 0.6761147 5015.007 13.92215 -85.01198 164.4639 0
16096.67 0.1666667 1 242.9359 0.6752433 5021.281 13.93958 -85.00073 164.4616 359
15996.67 0.1666667 1 242.6222 0.6743718 5027.556 13.95701 -84.98949 164.4594 359
15896.67 0.1666667 1 242.3085 0.6735004 5033.83 13.97444 -84.97827 164.4572 359
15796.67 0.1666667 1 241.9948 0.6726289 5040.105 13.99187 -84.96706 164.4549 359
15696.67 0.1666667 1 241.681 0.6717574 5046.379 14.0093 -84.95587 164.4527 359
15596.67 0.1666667 1 241.3673 0.670886 5052.654 14.02672 -84.94469 164.4505 359
15496.67 0.1666667 1 241.0536 0.6700145 5058.928 14.04415 -84.93352 164.4504 0
15396.67 0.1666667 1 240.7399 0.6691431 5065.203 14.06158 -84.92237 164.4504 0
15296.67 0.1666667 1 240.4261 0.6682716 5071.477 14.07901 -84.91123 164.4504 0
15196.67 0.1666667 1 240.1124 0.6674001 5077.752 14.09644 -84.90011 164.4504 0
15096.67 0.1666667 1 239.7987 0.6665287 5084.026 14.11387 -84.889 164.4504 0
14996.67 0.1666667 1 239.485 0.6656572 5090.301 14.1313 -84.8779 164.4504 0
14896.67 0.1666667 1 239.1712 0.6647858 5096.575 14.14873 -84.86682 164.4504 0
14796.67 0.1666667 1 238.8575 0.6639143 5102.85 14.16616 -84.85576 164.4504 0
14696.67 0.1666667 1 238.5438 0.6630428 5109.124 14.18359 -84.84471 164.4504 0
14596.67 0.1666667 1 238.2301 0.6621714 5115.399 14.20102 -84.83367 164.4504 0
14496.67 0.1666667 1 237.9163 0.6612999 5121.673 14.21845 -84.82265 164.4504 0
14396.67 0.1666667 1 237.6026 0.6604285 5127.948 14.23588 -84.81164 164.4504 0
14296.67 0.1666667 1 237.2889 0.659557 5134.222 14.2533 -84.80065 164.4484 359
14196.67 0.1666667 1 236.9752 0.6586855 5140.497 14.27073 -84.78967 164.4462 359
14096.67 0.1666667 1 236.6614 0.6578141 5146.771 14.28816 -84.77871 164.4441 359
13996.67 0.1666667 1 236.3477 0.6569426 5153.046 14.30559 -84.76777 164.442 359
13896.67 0.1666667 1 236.034 0.6560712 5159.32 14.32302 -84.75683 164.44 359
13796.67 0.1666667 1 235.7203 0.6551997 5165.595 14.34045 -84.74591 164.4379 359
13696.67 0.1666667 1 235.4065 0.6543282 5171.869 14.35788 -84.73501 164.4378 0
13596.67 0.1666667 1 235.0928 0.6534568 5178.144 14.37531 -84.72412 164.4378 0
13496.67 0.1666667 1 234.7791 0.6525853 5184.418 14.39274 -84.71324 164.4378 0
13396.67 0.1666667 1 234.4654 0.6517139 5190.693 14.41017 -84.70238 164.4378 0
13296.67 0.1666667 1 234.1516 0.6508424 5196.967 14.4276 -84.69153 164.4378 0
13196.67 0.1666667 1 233.8379 0.649971 5203.242 14.44503 -84.6807 164.4378 0
13096.67 0.1666667 1 233.5242 0.6490995 5209.516 14.46245 -84.66988 164.4358 359
12996.67 0.1666667 1 233.2105 0.648228 5215.791 14.47988 -84.65908 164.4338 359
12896.67 0.1666667 1 232.8967 0.6473566 5222.065 14.49731 -84.64829 164.4318 359
12796.67 0.1666667 1 232.583 0.6464851 5228.34 14.51474 -84.63752 164.4298 359
12696.67 0.1666667 1 232.2693 0.6456137 5234.614 14.53217 -84.62676 164.4278 359
12596.67 0.1666667 1 231.9556 0.6447422 5240.889 14.5496 -84.61602 164.4258 359
12496.67 0.1666667 1 231.6418 0.6438707 5247.163 14.56703 -84.60529 164.4257 0
12396.67 0.1666667 1 231.3281 0.6429993 5253.438 14.58446 -84.59457 164.4257 0
12296.67 0.1666667 1 231.0144 0.6421278 5259.712 14.60189 -84.58387 164.4257 0
12196.67 0.1666667 1 230.7007 0.6412564 5265.987 14.61932 -84.57318 164.4257 0
12096.67 0.1666667 1 230.3869 0.6403849 5272.261 14.63675 -84.56251 164.4257 0
11996.67 0.1666667 1 230.0732 0.6395134 5278.536 14.65418 -84.55185 164.4257 0
11896.67 0.1666667 1 229.7595 0.638642 5284.81 14.6716 -84.54121 164.4238 359
11796.67 0.1666667 1 229.4458 0.6377705 5291.085 14.68903 -84.53058 164.4219 359
11696.67 0.1666667 1 229.132 0.6368991 5297.359 14.70646 -84.51996 164.4199 359
11596.67 0.1666667 1 228.8183 0.6360276 5303.634 14.72389 -84.50937 164.418 359
11496.67 0.1666667 1 228.5046 0.6351561 5309.908 14.74132 -84.49878 164.4161 359
11396.67 0.1666667 1 228.1908 0.6342847 5316.183 14.75875 -84.48821 164.4141 359
11296.67 0.1666667 1 227.8771 0.6334132 5322.458 14.77618 -84.47765 164.4141 0
11196.67 0.1666667 1 227.5634 0.6325418 5328.732 14.79361 -84.46711 164.4141 0
11096.67 0.1666667 1 227.2497 0.6316703 5335.007 14.81104 -84.45658 164.4141 0
10996.67 0.1666667 1 226.9359 0.6307988 5341.281 14.82847 -84.44607 164.4141 0
10896.67 0.1666667 1 226.6222 0.6299274 5347.556 14.8459 -84.43557 164.4141 0
10796.67 0.1666667 1 226.3085 0.6290559 5353.83 14.86333 -84.42509 164.4141 0
10696.67 0.1666667 1 225.9948 0.6281845 5360.105 14.88076 -84.41462 164.4123 359
10596.67 0.1666667 1 225.681 0.627313 5366.379 14.89818 -84.40417 164.4104 359
10496.67 0.1666667 1 225.3673 0.6264415 5372.654 14.91561 -84.39373 164.4085 359
10396.67 0.1666667 1 225.0536 0.6255701 5378.928 14.93304 -84.3833 164.4067 359
10296.67 0.1666667 1 224.7399 0.6246986 5385.203 14.95047 -84.37289 164.4048 359
10196.67 0.1666667 1 224.4261 0.6238272 5391.477 14.9679 -84.3625 164.4029 359
10096.67 0.1666667 1 224.1124 0.6229557 5397.752 14.98533 -84.35211 164.4029 0
9996.667 0.1666667 1 223.7987 0.6220842 5404.026 15.00276 -84.34175 164.4029 0
9896.667 0.1666667 1 223.485 0.6212128 5410.301 15.02019 -84.33139 164.4029 0
9796.667 0.1666667 1 223.1712 0.6203413 5416.575 15.03762 -84.32105 164.4029 0
9696.667 0.1666667 1 222.8575 0.6194699 5422.85 15.05505 -84.31073 164.4029 0
9596.667 0.1666667 1 222.5438 0.6185984 5429.124 15.07248 -84.30042 164.4029 0
9496.667 0.1666667 1 222.2301 0.6177269 5435.399 15.08991 -84.29013 164.4011 359
9396.667 0.1666667 1 221.9163 0.6168555 5441.673 15.10733 -84.27985 164.3993 359
9296.667 0.1666667 1 221.6026 0.615984 5447.948 15.12476 -84.26958 164.3975 359
9196.667 0.1666667 1 221.2889 0.6151126 5454.222 15.14219 -84.25933 164.3958 359
9096.667 0.1666667 1 220.9752 0.6142411 5460.497 15.15962 -84.24909 164.394 359
8996.667 0.1666667 1 220.6614 0.6133696 5466.771 15.17705 -84.23887 164.3922 359
8896.667 0.1666667 1 220.3477 0.6124982 5473.046 15.19448 -84.22867 164.3922 0
8796.667 0.1666667 1 220.034 0.6116267 5479.32 15.21191 -84.21847 164.3922 0
8696.667 0.1666667 1 219.7203 0.6107553 5485.595 15.22934 -84.20829 164.3922 0
8596.667 0.1666667 1 219.4065 0.6098838 5491.869 15.24677 -84.19813 164.3922 0
8496.667 0.1666667 1 219.0928 0.6090123 5498.144 15.2642 -84.18798 164.3922 0
8396.667 0.1666667 1 218.7791 0.6081409 5504.418 15.28163 -84.17784 164.3922 0
8296.667 0.1666667 1 218.4654 0.6072694 5510.693 15.29906 -84.16772 164.3922 0
8196.667 0.1666667 1 218.1516 0.606398 5516.967 15.31649 -84.15761 164.3922 0
8096.667 0.1666667 1 217.8379 0.6055265 5523.242 15.33391 -84.14752 164.3922 0
7996.667 0.1666667 1 217.5242 0.604655 5529.516 15.35134 -84.13744 164.3922 0
7896.667 0.1666667 1 217.2105 0.6037836 5535.791 15.36877 -84.12738 164.3922 0
7796.667 0.1666667 1 216.8967 0.6029121 5542.065 15.3862 -84.11733 164.3922 0
7696.667 0.1666667 1 216.583 0.6020407 5548.34 15.40363 -84.1073 164.3905 359
7596.667 0.1666667 1 216.2693 0.6011692 5554.614 15.42106 -84.09728 164.3888 359
7496.667 0.1666667 1 215.9556 0.6002977 5560.889 15.43849 -84.08728 164.3871 359
7396.667 0.1666667 1 215.6418 0.5994263 5567.163 15.45592 -84.07729 164.3854 359
7296.667 0.1666667 1 215.3281 0.5985548 5573.438 15.47335 -84.06732 164.3837 359
7196.667 0.1666667 1 215.0144 0.5976834 5579.712 15.49078 -84.05736 164.382 359
7096.667 0.1666667 1 214.7007 0.5968119 5585.987 15.50821 -84.04741 164.382 0
6996.667 0.1666667 1 214.3869 0.5959405 5592.261 15.52564 -84.03748 164.382 0
6896.667 0.1666667 1 214.0732 0.595069 5598.536 15.54306 -84.02756 164.382 0
6796.667 0.1666667 1 213.7595 0.5941975 5604.81 15.56049 -84.01766 164.382 0
6696.667 0.1666667 1 213.4458 0.5933261 5611.085 15.57792 -84.00777 164.382 0
6613.333 0.1388889 1 213.1843 0.4937727 5616.314 12.99492 -83.99954 164.382 0
6713.333 0.1666667 2 213.4876 0.5925999 5610.248 15.59245 -83.98968 164.3881 4
6813.333 0.1666667 2 213.8013 0.5934713 5603.974 15.57502 -83.97981 164.3947 4
6913.333 0.1666667 2 214.115 0.5943428 5597.699 15.55759 -83.96993 164.4013 4
7013.333 0.1666667 2 214.4288 0.5952142 5591.425 15.54016 -83.96004 164.4079 4
7113.333 0.1666667 2 214.7425 0.5960857 5585.15 15.52273 -83.95013 164.4145 4
7213.333 0.1666667 2 215.0562 0.5969572 5578.876 15.5053 -83.9402 164.4211 4
7313.333 0.1666667 2 215.3699 0.5978286 5572.601 15.48787 -83.93026 164.4276 4
7413.333 0.1666667 2 215.6837 0.5987001 5566.327 15.47044 -83.92031 164.4342 4
7513.333 0.1666667 2 215.9974 0.5995715 5560.052 15.45301 -83.91034 164.4408 4
7613.333 0.1666667 2 216.3111 0.600443 5553.778 15.43558 -83.90036 164.4474 4
7713.333 0.1666667 2 216.6248 0.6013145 5547.503 15.41816 -83.89036 164.4539 4
7813.333 0.1666667 2 216.9386 0.6021859 5541.229 15.40073 -83.88035 164.4605 4
7913.333 0.1666667 2 217.2523 0.6030574 5534.954 15.3833 -83.87032 164.4671 4
8013.333 0.1666667 2 217.566 0.6039288 5528.68 15.36587 -83.86028 164.4736 4
8113.333 0.1666667 2 217.8797 0.6048003 5522.405 15.34844 -83.85022 164.4802 4
8213.333 0.1666667 2 218.1935 0.6056718 5516.131 15.33101 -83.84015 164.4868 4
8313.333 0.1666667 2 218.5072 0.6065432 5509.856 15.31358 -83.83007 164.4934 4
8413.333 0.1666667 2 218.8209 0.6074147 5503.582 15.29615 -83.81997 164.4999 4
8513.333 0.1666667 2 219.1346 0.6082861 5497.307 15.27872 -83.80986 164.5065 4
8613.333 0.1666667 2 219.4484 0.6091576 5491.033 15.26129 -83.79973 164.513 4
8713.333 0.1666667 2 219.7621 0.610029 5484.758 15.24386 -83.78959 164.5196 4
8813.333 0.1666667 2 220.0758 0.6109005 5478.484 15.22643 -83.77943 164.5262 4
8913.333 0.1666667 2 220.3895 0.611772 5472.209 15.20901 -83.76926 164.5327 4
9013.333 0.1666667 2 220.7033 0.6126434 5465.935 15.19158 -83.75907 164.5393 4
9113.333 0.1666667 2 221.017 0.6135149 5459.66 15.17415 -83.74887 164.5458 4
9213.333 0.1666667 2 221.3307 0.6143863 5453.386 15.15672 -83.73866 164.5524 4
9313.333 0.1666667 2 221.6444 0.6152578 5447.111 15.13929 -83.72843 164.5589 4
9413.333 0.1666667 2 221.9582 0.6161293 5440.837 15.12186 -83.71818 164.5655 4
9513.333 0.1666667 2 222.2719 0.6170007 5434.562 15.10443 -83.70793 164.572 4
9613.333 0.1666667 2 222.5856 0.6178722 5428.288 15.087 -83.69765 164.5786 4
9713.333 0.1666667 2 222.8993 0.6187436 5422.013 15.06957 -83.68737 164.5851 4
9813.333 0.1666667 2 223.2131 0.6196151 5415.739 15.05214 -83.67706 164.5917 4
9913.333 0.1666667 2 223.5268 0.6204866 5409.464 15.03471 -83.66675 164.5982 4
10013.33 0.1666667 2 223.8405 0.621358 5403.19 15.01728 -83.65642 164.6048 4
10113.33 0.1666667 2 224.1542 0.6222295 5396.915 14.99985 -83.64607 164.6113 4
10213.33 0.1666667 2 224.468 0.6231009 5390.641 14.98243 -83.63571 164.6179 4
10313.33 0.1666667 2 224.7817 0.6239724 5384.366 14.965 -83.62534 164.6244 4
10413.33 0.1666667 2 225.0954 0.6248439 5378.092 14.94757 -83.61495 164.6309 4
10513.33 0.1666667 2 225.4092 0.6257153 5371.817 14.93014 -83.60455 164.6375 4
10613.33 0.1666667 2 225.7229 0.6265868 5365.542 14.91271 -83.59413 164.644 4
10713.33 0.1666667 2 226.0366 0.6274582 5359.268 14.89528 -83.5837 164.6505 4
10813.33 0.1666667 2 226.3503 0.6283297 5352.993 14.87785 -83.57325 164.6571 4
10913.33 0.1666667 2 226.6641 0.6292012 5346.719 14.86042 -83.56279 164.6636 4
11013.33 0.1666667 2 226.9778 0.6300726 5340.444 14.84299 -83.55231 164.6701 4
11113.33 0.1666667 2 227.2915 0.6309441 5334.17 14.82556 -83.54182 164.6767 4
11213.33 0.1666667 2 227.6052 0.6318155 5327.895 14.80813 -83.53132 164.6832 4
11313.33 0.1666667 2 227.919 0.632687 5321.621 14.7907 -83.5208 164.6897 4
11413.33 0.1666667 2 228.2327 0.6335585 5315.346 14.77328 -83.51027 164.6962 4
11513.33 0.1666667 2 228.5464 0.6344299 5309.072 14.75585 -83.49972 164.7027 4
11613.33 0.1666667 2 228.8601 0.6353014 5302.797 14.73842 -83.48916 164.7093 4
11713.33 0.1666667 2 229.1739 0.6361728 5296.523 14.72099 -83.47858 164.7158 4
11813.33 0.1666667 2 229.4876 0.6370443 5290.248 14.70356 -83.46799 164.7223 4
11913.33 0.1666667 2 229.8013 0.6379158 5283.974 14.68613 -83.45738 164.7288 4
12013.33 0.1666667 2 230.115 0.6387872 5277.699 14.6687 -83.44676 164.7353 4
12113.33 0.1666667 2 230.4288 0.6396587 5271.425 14.65127 -83.43613 164.7418 4
12213.33 0.1666667 2 230.7425 0.6405301 5265.15 14.63384 -83.42548 164.7483 4
12313.33 0.1666667 2 231.0562 0.6414016 5258.876 14.61641 -83.41481 164.7549 4
12413.33 0.1666667 2 231.3699 0.6422731 5252.601 14.59898 -83.40413 164.7614 4
12513.33 0.1666667 2 231.6837 0.6431445 5246.327 14.58155 -83.39344 164.7679 4
12613.33 0.1666667 2 231.9974 0.644016 5240.052 14.56412 -83.38273 164.7744 4
12713.33 0.1666667 2 232.3111 0.6448874 5233.778 14.5467 -83.37201 164.7809 4
12813.33 0.1666667 2 232.6248 0.6457589 5227.503 14.52927 -83.36127 164.7874 4
12913.33 0.1666667 2 232.9386 0.6466304 5221.229 14.51184 -83.35052 164.7939 4
13013.33 0.1666667 2 233.2523 0.6475018 5214.954 14.49441 -83.33976 164.8004 4
13113.33 0.1666667 2 233.566 0.6483733 5208.68 14.47698 -83.32898 164.8069 4
13213.33 0.1666667 2 233.8797 0.6492447 5202.405 14.45955 -83.31818 164.8133 4
13313.33 0.1666667 2 234.1935 0.6501162 5196.131 14.44212 -83.30738 164.8198 4
13413.33 0.1666667 2 234.5072 0.6509877 5189.856 14.42469 -83.29655 164.8263 4
13513.33 0.1666667 2 234.8209 0.6518591 5183.582 14.40726 -83.28571 164.8328 4
13613.33 0.1666667 2 235.1346 0.6527306 5177.307 14.38983 -83.27486 164.8393 4
13713.33 0.1666667 2 235.4484 0.653602 5171.033 14.3724 -83.26399 164.8458 4
13813.33 0.1666667 2 235.7621 0.6544735 5164.758 14.35497 -83.25311 164.8523 4
13913.33 0.1666667 2 236.0758 0.655345 5158.484 14.33755 -83.24222 164.8587 4
14013.33 0.1666667 2 236.3895 0.6562164 5152.209 14.32012 -83.23131 164.8652 4
14113.33 0.1666667 2 236.7033 0.6570879 5145.935 14.30269 -83.22038 164.8717 4
14213.33 0.1666667 2 237.017 0.6579593 5139.66 14.28526 -83.20944 164.8782 4
14313.33 0.1666667 2 237.3307 0.6588308 5133.386 14.26783 -83.19849 164.8846 4
14413.33 0.1666667 2 237.6444 0.6597023 5127.111 14.2504 -83.18752 164.8911 4
14513.33 0.1666667 2 237.9582 0.6605737 5120.837 14.23297 -83.17654 164.8976 4
14613.33 0.1666667 2 238.2719 0.6614452 5114.562 14.21554 -83.16554 164.9041 4
14713.33 0.1666667 2 238.5856 0.6623166 5108.288 14.19811 -83.15453 164.9105 4
14813.33 0.1666667 2 238.8993 0.6631881 5102.013 14.18068 -83.1435 164.917 4
14913.33 0.1666667 2 239.2131 0.6640595 5095.739 14.16325 -83.13246 164.9234 4
15013.33 0.1666667 2 239.5268 0.664931 5089.464 14.14582 -83.12141 164.9299 4
15113.33 0.1666667 2 239.8405 0.6658025 5083.19 14.1284 -83.11034 164.9364 4
15213.33 0.1666667 2 240.1542 0.6666739 5076.915 14.11097 -83.09925 164.9428 4
15313.33 0.1666667 2 240.468 0.6675454 5070.641 14.09354 -83.08815 164.9493 4
15413.33 0.1666667 2 240.7817 0.6684168 5064.366 14.07611 -83.07704 164.9557 4
15513.33 0.1666667 2 241.0954 0.6692883 5058.092 14.05868 -83.06591 164.9622 4
15613.33 0.1666667 2 241.4092 0.6701598 5051.817 14.04125 -83.05477 164.9686 4
15713.33 0.1666667 2 241.7229 0.6710312 5045.542 14.02382 -83.0436 164.9737 3
15813.33 0.1666667 2 242.0366 0.6719027 5039.268 14.00639 -83.03242 164.9785 3
15913.33 0.1666667 2 242.3503 0.6727741 5032.993 13.98896 -83.02122 164.9833 3
16013.33 0.1666667 2 242.6641 0.6736456 5026.719 13.97153 -83.01001 164.9882 3
16113.33 0.1666667 2 242.9778 0.6745171 5020.444 13.9541 -82.99879 164.993 3
16213.33 0.1666667 2 243.2915 0.6753885 5014.17 13.93667 -82.98754 164.9978 3
16313.33 0.1666667 2 243.6052 0.67626 5007.895 13.91924 -82.97629 165.0026 3
16413.33 0.1666667 2 243.919 0.6771314 5001.621 13.90182 -82.96502 165.0075 3
16513.33 0.1666667 2 244.2327 0.6780029 4995.346 13.88439 -82.95373 165.0123 3
16613.33 0.1666667 2 244.5464 0.6788744 4989.072 13.86696 -82.94244 165.0171 3
16713.33 0.1666667 2 244.8601 0.6797458 4982.797 13.84953 -82.93112 165.0219 3
16813.33 0.1666667 2 245.1739 0.6806173 4976.523 13.8321 -82.91979 165.0268 3
16913.33 0.1666667 2 245.4876 0.6814887 4970.248 13.81467 -82.90845 165.0316 3
17013.33 0.1666667 2 245.8013 0.6823602 4963.974 13.79724 -82.89709 165.0364 3
17113.33 0.1666667 2 246.115 0.6832317 4957.699 13.77981 -82.88572 165.0412 3
17213.33 0.1666667 2 246.4288 0.6841031 4951.425 13.76238 -82.87434 165.046 3
17313.33 0.1666667 2 246.7425 0.6849746 4945.15 13.74495 -82.86294 165.0508 3
17413.33 0.1666667 2 247.0562 0.685846 4938.876 13.72752 -82.85152 165.0556 3
17513.33 0.1666667 2 247.3699 0.6867175 4932.601 13.71009 -82.84009 165.0605 3
17613.33 0.1666667 2 247.6837 0.687589 4926.327 13.69267 -82.82865 165.0653 3
17713.33 0.1666667 2 247.9974 0.6884604 4920.052 13.67524 -82.81719 165.0701 3
17813.33 0.1666667 2 248.3111 0.6893319 4913.778 13.65781 -82.80572 165.0749 3
17913.33 0.1666667 2 248.6248 0.6902033 4907.503 13.64038 -82.79423 165.0797 3
18013.33 0.1666667 2 248.9386 0.6910748 4901.229 13.62295 -82.78273 165.0845 3
18113.33 0.1666667 2 249.2523 0.6919463 4894.954 13.60552 -82.77121 165.0893 3
18213.33 0.1666667 2 249.566 0.6928177 4888.68 13.58809 -82.75968 165.0941 3
18313.33 0.1666667 2 249.8797 0.6936892 4882.405 13.57066 -82.74813 165.0989 3
18413.33 0.1666667 2 250.1935 0.6945606 4876.131 13.55323 -82.73657 165.1037 3
18513.33 0.1666667 2 250.5072 0.6954321 4869.856 13.5358 -82.725 165.1085 3
18613.33 0.1666667 2 250.8209 0.6963036 4863.582 13.51837 -82.71341 165.1133 3
18713.33 0.1666667 2 251.1346 0.697175 4857.307 13.50094 -82.7018 165.1181 3
18813.33 0.1666667 2 251.4484 0.6980465 4851.033 13.48351 -82.69019 165.1228 3
18913.33 0.1666667 2 251.7621 0.6989179 4844.758 13.46609 -82.67855 165.1276 3
19013.33 0.1666667 2 252.0758 0.6997894 4838.484 13.44866 -82.66691 165.1324 3
19113.33 0.1666667 2 252.3895 0.7006609 4832.209 13.43123 -82.65524 165.1372 3
19213.33 0.1666667 2 252.7033 0.7015323 4825.935 13.4138 -82.64357 165.142 3
19313.33 0.1666667 2 253.017 0.7024038 4819.66 13.39637 -82.63188 165.1468 3
19413.33 0.1666667 2 253.3307 0.7032752 4813.386 13.37894 -82.62017 165.1515 3
19513.33 0.1666667 2 253.6444 0.7041467 4807.111 13.36151 -82.60845 165.1563 3
19613.33 0.1666667 2 253.9582 0.7050182 4800.837 13.34408 -82.59672 165.1611 3
19713.33 0.1666667 2 254.2719 0.7058896 4794.562 13.32665 -82.58497 165.1659 3
19813.33 0.1666667 2 254.5856 0.7067611 4788.288 13.30922 -82.57321 165.1706 3
19913.33 0.1666667 2 254.8993 0.7076325 4782.013 13.29179 -82.56143 165.1754 3
20013.33 0.1666667 2 255.2131 0.708504 4775.739 13.27436 -82.54964 165.1802 3
20113.33 0.1666667 2 255.5268 0.7093755 4769.464 13.25694 -82.53783 165.185 3
20213.33 0.1666667 2 255.8405 0.7102469 4763.19 13.23951 -82.52601 165.1897 3
20313.33 0.1666667 2 256.1542 0.7111184 4756.915 13.22208 -82.51417 165.1945 3
20413.33 0.1666667 2 256.468 0.7119898 4750.641 13.20465 -82.50232 165.1993 3
20513.33 0.1666667 2 256.7817 0.7128613 4744.366 13.18722 -82.49046 165.204 3
20613.33 0.1666667 2 257.0954 0.7137328 4738.092 13.16979 -82.47858 165.2088 3
20713.33 0.1666667 2 257.4092 0.7146042 4731.817 13.15236 -82.46669 165.2135 3
20813.33 0.1666667 2 257.7229 0.7154757 4725.542 13.13493 -82.45478 165.2183 3
20913.33 0.1666667 2 258.0366 0.7163471 4719.268 13.1175 -82.44285 165.223 3
21013.33 0.1666667 2 258.3503 0.7172186 4712.993 13.10007 -82.43092 165.2278 3
21113.33 0.1666667 2 258.6641 0.7180901 4706.719 13.08264 -82.41897 165.2325 3
21213.33 0.1666667 2 258.9778 0.7189615 4700.444 13.06521 -82.407 165.2373 3
21313.33 0.1666667 2 259.2915 0.719833 4694.17 13.04779 -82.39502 165.242 3
21413.33 0.1666667 2 259.6052 0.7207044 4687.895 13.03036 -82.38302 165.2468 3
21513.33 0.1666667 2 259.919 0.7215759 4681.621 13.01293 -82.37101 165.2515 3
21613.33 0.1666667 2 260.2327 0.7224473 4675.346 12.9955 -82.35899 165.2563 3
21713.33 0.1666667 2 260.5464 0.7233188 4669.072 12.97807 -82.34695 165.261 3
21813.33 0.1666667 2 260.8601 0.7241903 4662.797 12.96064 -82.3349 165.2658 3
21913.33 0.1666667 2 261.1739 0.7250617 4656.523 12.94321 -82.32283 165.2705 3
22013.33 0.1666667 2 261.4876 0.7259332 4650.248 12.92578 -82.31075 165.2752 3
22113.33 0.1666667 2 261.8013 0.7268046 4643.974 12.90835 -82.29865 165.28 3
22213.33 0.1666667 2 262.115 0.7276761 4637.699 12.89092 -82.28654 165.2847 3
22313.33 0.1666667 2 262.4288 0.7285476 4631.425 12.87349 -82.27441 165.2894 3
22413.33 0.1666667 2 262.7425 0.729419 4625.15 12.85606 -82.26227 165.2942 3
22513.33 0.1666667 2 263.0562 0.7302905 4618.876 12.83863 -82.25012 165.2989 3
22613.33 0.1666667 2 263.3699 0.7311619 4612.601 12.82121 -82.23795 165.3036 3
22713.33 0.1666667 2 263.6837 0.7320334 4606.327 12.80378 -82.22576 165.3083 3
22813.33 0.1666667 2 263.9974 0.7329049 4600.052 12.78635 -82.21357 165.3131 3
22913.33 0.1666667 2 264.3111 0.7337763 4593.778 12.76892 -82.20135 165.3178 3
23013.33 0.1666667 2 264.6248 0.7346478 4587.503 12.75149 -82.18913 165.3225 3
23113.33 0.1666667 2 264.9386 0.7355192 4581.229 12.73406 -82.17688 165.3272 3
23213.33 0.1666667 2 265.2523 0.7363907 4574.954 12.71663 -82.16463 165.3319 3
23313.33 0.1666667 2 265.566 0.7372622 4568.68 12.6992 -82.15236 165.3366 3
23413.33 0.1666667 2 265.8797 0.7381336 4562.405 12.68177 -82.14007 165.3414 3
23513.33 0.1666667 2 266.1935 0.7390051 4556.131 12.66434 -82.12777 165.3461 3
23613.33 0.1666667 2 266.5072 0.7398765 4549.856 12.64691 -82.11546 165.3508 3
23713.33 0.1666667 2 266.8209 0.740748 4543.582 12.62948 -82.10313 165.3555 3
23813.33 0.1666667 2 267.1346 0.7416195 4537.307 12.61206 -82.09078 165.3602 3
23913.33 0.1666667 2 267.4484 0.7424909 4531.033 12.59463 -82.07843 165.3649 3
24013.33 0.1666667 2 267.7621 0.7433624 4524.758 12.5772 -82.06605 165.3696 3
24113.33 0.1666667 2 268.0758 0.7442338 4518.484 12.55977 -82.05367 165.3743 3
24213.33 0.1666667 2 268.3895 0.7451053 4512.209 12.54234 -82.04127 165.379 3
24313.33 0.1666667 2 268.7033 0.7459768 4505.935 12.52491 -82.02885 165.3837 3
24413.33 0.1666667 2 269.017 0.7468482 4499.66 12.50748 -82.01642 165.3884 3
24513.33 0.1666667 2 269.3307 0.7477197 4493.386 12.49005 -82.00398 165.3931 3
24613.33 0.1666667 2 269.6444 0.7485911 4487.111 12.47262 -81.99152 165.3978 3
24713.33 0.1666667 2 269.9582 0.7494626 4480.837 12.45519 -81.97904 165.4024 3
24813.33 0.1666667 2 270.2719 0.7503341 4474.562 12.43776 -81.96655 165.4071 3
24913.33 0.1666667 2 270.5856 0.7512055 4468.288 12.42033 -81.95405 165.4118 3
25013.33 0.1666667 2 270.8993 0.752077 4462.013 12.4029 -81.94153 165.4165 3
25113.33 0.1666667 2 271.2131 0.7529484 4455.739 12.38548 -81.929 165.4212 3
25213.33 0.1666667 2 271.5268 0.7538199 4449.464 12.36805 -81.91645 165.4259 3
25313.33 0.1666667 2 271.8405 0.7546914 4443.19 12.35062 -81.90389 165.4305 3
25413.33 0.1666667 2 272.1542 0.7555628 4436.915 12.33319 -81.89132 165.4352 3
25513.33 0.1666667 2 272.468 0.7564343 4430.641 12.31576 -81.87873 165.4399 3
25613.33 0.1666667 2 272.7817 0.7573057 4424.366 12.29833 -81.86612 165.4446 3
25713.33 0.1666667 2 273.0954 0.7581772 4418.092 12.2809 -81.8535 165.4492 3
25813.33 0.1666667 2 273.4092 0.7590487 4411.817 12.26347 -81.84087 165.4539 3
25913.33 0.1666667 2 273.7229 0.7599201 4405.542 12.24604 -81.82822 165.4586 3
26003.33 0.15 2 274.0052 0.6846732 4399.895 11.00654 -81.81683 165.4628 3
26003.33 0.1666667 2 274.0105 0.7611402 4399.791 12.22164 -81.80416 165.4674 3
26003.33 0.1666667 2 274.0105 0.7611402 4399.791 12.22164 -81.79149 165.4721 3
26003.33 0.1666667 2 274.0105 0.7611402 4399.791 12.22164 -81.77882 165.4767 3
26003.33 0.1666667 2 274.0105 0.7611402 4399.791 12.22164 -81.76615 165.4814 3
26003.33 0.1666667 2 274.0105 0.7611402 4399.791 12.22164 -81.75349 165.486 3
26003.33 0.1666667 2 274.0105 0.7611402 4399.791 12.22164 -81.74082 165.4906 3
26003.33 0.1666667 2 274.0105 0.7611402 4399.791 12.22164 -81.72815 165.4952 3
26003.33 0.1666667 2 274.0105 0.7611402 4399.791 12.22164 -81.71548 165.4999 3
26003.33 0.1666667 2 274.0105 0.7611402 4399.791 12.22164 -81.70281 165.5045 3
26003.33 0.1666667 2 274.0105 0.7611402 4399.791 12.22164 -81.69014 165.5091 3
26003.33 0.1666667 2 274.0105 0.7611402 4399.791 12.22164 -81.67748 165.5137 3
26003.33 0.1666667 2 274.0105 0.7611402 4399.791 12.22164 -81.66481 165.5182 3
26003.33 0.1666667 2 274.0105 0.7611402 4399.791 12.22164 -81.65214 165.5228 3
26003.33 0.1666667 2 274.0105 0.7611402 4399.791 12.22164 -81.63947 165.5274 3
26003.33 0.1666667 2 274.0105 0.7611402 4399.791 12.22164 -81.6268 165.5319 3
26003.33 0.1666667 2 274.0105 0.7611402 4399.791 12.22164 -81.61414 165.5365 3
26003.33 0.1666667 2 274.0105 0.7611402 4399.791 12.22164 -81.60147 165.541 3
26003.33 0.1666667 2 274.0105 0.7611402 4399.791 12.22164 -81.5888 165.5456 3
26003.33 0.1666667 2 274.0105 0.7611402 4399.791 12.22164 -81.57613 165.5501 3
26003.33 0.1666667 2 274.0105 0.7611402 4399.791 12.22164 -81.56346 165.5547 3
26003.33 0.1666667 2 274.0105 0.7611402 4399.791 12.22164 -81.55079 165.5592 3
26003.33 0.1666667 2 274.0105 0.7611402 4399.791 12.22164 -81.53813 165.5637 3
26003.33 0.1666667 2 274.0105 0.7611402 4399.791 12.22164 -81.52546 165.5682 3
26003.33 0.1666667 2 274.0105 0.7611402 4399.791 12.22164 -81.51279 165.5727 3
26003.33 0.1666667 2 274.0105 0.7611402 4399.791 12.22164 -81.50012 165.5772 3
26003.33 0.1666667 2 274.0105 0.7611402 4399.791 12.22164 -81.48745 165.5817 3
26003.33 0.1666667 2 274.0105 0.7611402 4399.791 12.22164 -81.47478 165.5862 3
26003.33 0.1666667 2 274.0105 0.7611402 4399.791 12.22164 -81.46212 165.5906 3
26003.33 0.1666667 2 274.0105 0.7611402 4399.791 12.22164 -81.44945 165.5951 3
26003.33 0.1666667 2 274.0105 0.7611402 4399.791 12.22164 -81.43678 165.5996 3
26003.33 0.1666667 2 274.0105 0.7611402 4399.791 12.22164 -81.42411 165.604 3
26003.33 0.1666667 2 274.0105 0.7611402 4399.791 12.22164 -81.41144 165.6085 3
26003.33 0.1666667 2 274.0105 0.7611402 4399.791 12.22164 -81.39877 165.6129 3
26003.33 0.1666667 2 274.0105 0.7611402 4399.791 12.22164 -81.38611 165.6174 3
26003.33 0.1666667 2 274.0105 0.7611402 4399.791 12.22164 -81.37344 165.6218 3
26003.33 0.1666667 2 274.0105 0.7611402 4399.791 12.22164 -81.36077 165.6262 3
26003.33 0.1666667 2 274.0105 0.7611402 4399.791 12.22164 -81.3481 165.6306 3
26003.33 0.1666667 2 274.0105 0.7611402 4399.791 12.22164 -81.33543 165.635 3
26003.33 0.1666667 2 274.0105 0.7611402 4399.791 12.22164 -81.32276 165.6394 3
26003.33 0.1666667 2 274.0105 0.7611402 4399.791 12.22164 -81.3101 165.6438 3
26003.33 0.1666667 2 274.0105 0.7611402 4399.791 12.22164 -81.29743 165.6482 3
26003.33 0.1666667 2 274.0105 0.7611402 4399.791 12.22164 -81.28476 165.6526 3
26003.33 0.1666667 2 274.0105 0.7611402 4399.791 12.22164 -81.27209 165.657 3
26003.33 0.1666667 2 274.0105 0.7611402 4399.791 12.22164 -81.25942 165.6614 3
26003.33 0.1666667 2 274.0105 0.7611402 4399.791 12.22164 -81.24675 165.6657 3
26003.33 0.1666667 2 274.0105 0.7611402 4399.791 12.22164 -81.23409 165.6701 3
26003.33 0.1666667 2 274.0105 0.7611402 4399.791 12.22164 -81.22142 165.6744 3
26003.33 0.1666667 2 274.0105 0.7611402 4399.791 12.22164 -81.20875 165.6788 3
26003.33 0.1666667 2 274.0105 0.7611402 4399.791 12.22164 -81.19608 165.6831 3
26003.33 0.1666667 2 274.0105 0.7611402 4399.791 12.22164 -81.18341 165.6875 3
26003.33 0.1666667 2 274.0105 0.7611402 4399.791 12.22164 -81.17075 165.6918 3
26003.33 0.1666667 2 274.0105 0.7611402 4399.791 12.22164 -81.15808 165.6961 3
26003.33 0.1666667 2 274.0105 0.7611402 4399.791 12.22164 -81.14541 165.7004 3
26003.33 0.1666667 2 274.0105 0.7611402 4399.791 12.22164 -81.13274 165.7047 3
26003.33 0.1666667 2 274.0105 0.7611402 4399.791 12.22164 -81.12007 165.709 3
26003.33 0.1666667 2 274.0105 0.7611402 4399.791 12.22164 -81.1074 165.7133 3
26003.33 0.1666667 2 274.0105 0.7611402 4399.791 12.22164 -81.09474 165.7176 3
26003.33 0.1666667 2 274.0105 0.7611402 4399.791 12.22164 -81.08207 165.7219 3
26003.33 0.1666667 2 274.0105 0.7611402 4399.791 12.22164 -81.0694 165.7262 3
26003.33 0.1666667 2 274.0105 0.7611402 4399.791 12.22164 -81.05673 165.7305 3
26003.33 0.1666667 2 274.0105 0.7611402 4399.791 12.22164 -81.04406 165.7347 3
26003.33 0.1666667 2 274.0105 0.7611402 4399.791 12.22164 -81.03139 165.739 3
26003.33 0.1666667 2 274.0105 0.7611402 4399.791 12.22164 -81.01873 165.7433 3
26003.33 0.1666667 2 274.0105 0.7611402 4399.791 12.22164 -81.00606 165.7475 3
26003.33 0.1666667 2 274.0105 0.7611402 4399.791 12.22164 -80.99339 165.7518 3
26003.33 0.1666667 2 274.0105 0.7611402 4399.791 12.22164 -80.98072 165.756 3
26003.33 0.1666667 2 274.0105 0.7611402 4399.791 12.22164 -80.96805 165.7602 3
26003.33 0.1666667 2 274.0105 0.7611402 4399.791 12.22164 -80.95538 165.7644 3
26003.33 0.1666667 2 274.0105 0.7611402 4399.791 12.22164 -80.94272 165.7687 3
26003.33 0.1666667 2 274.0105 0.7611402 4399.791 12.22164 -80.93005 165.7729 3
26003.33 0.1666667 2 274.0105 0.7611402 4399.791 12.22164 -80.91738 165.7771 3
26003.33 0.1666667 2 274.0105 0.7611402 4399.791 12.22164 -80.90471 165.7813 3
26003.33 0.1666667 2 274.0105 0.7611402 4399.791 12.22164 -80.89204 165.7855 3
26003.33 0.1666667 2 274.0105 0.7611402 4399.791 12.22164 -80.87937 165.7897 3
26003.33 0.1666667 2 274.0105 0.7611402 4399.791 12.22164 -80.86671 165.7939 3
26003.33 0.1666667 2 274.0105 0.7611402 4399.791 12.22164 -80.85404 165.798 3
26003.33 0.1666667 2 274.0105 0.7611402 4399.791 12.22164 -80.84137 165.8022 3
26003.33 0.1666667 2 274.0105 0.7611402 4399.791 12.22164 -80.8287 165.8064 3
26003.33 0.1666667 2 274.0105 0.7611402 4399.791 12.22164 -80.81603 165.8106 3
26003.33 0.1666667 2 274.0105 0.7611402 4399.791 12.22164 -80.80337 165.8147 3
26003.33 0.1666667 2 274.0105 0.7611402 4399.791 12.22164 -80.7907 165.8189 3
26003.33 0.1666667 2 274.0105 0.7611402 4399.791 12.22164 -80.77803 165.823 3
26003.33 0.1666667 2 274.0105 0.7611402 4399.791 12.22164 -80.76536 165.8271 3
26003.33 0.1666667 2 274.0105 0.7611402 4399.791 12.22164 -80.75269 165.8313 3
26003.33 0.1666667 2 274.0105 0.7611402 4399.791 12.22164 -80.74002 165.8354 3
26003.33 0.1666667 2 274.0105 0.7611402 4399.791 12.22164 -80.72736 165.8395 3
26003.33 0.1666667 2 274.0105 0.7611402 4399.791 12.22164 -80.71469 165.8437 3
26003.33 0.1666667 2 274.0105 0.7611402 4399.791 12.22164 -80.70202 165.8478 3
26003.33 0.1666667 2 274.0105 0.7611402 4399.791 12.22164 -80.68935 165.8519 3
26003.33 0.1666667 2 274.0105 0.7611402 4399.791 12.22164 -80.67668 165.856 3
26003.33 0.1666667 2 274.0105 0.7611402 4399.791 12.22164 -80.66401 165.8601 3
25960 0.1666667 2 273.8797 0.7610583 4402.405 12.22328 -80.65135 165.8642 3
25860 0.1666667 2 273.566 0.7603268 4408.68 12.23791 -80.63869 165.8682 3
25760 0.1666667 2 273.2523 0.7594553 4414.954 12.25534 -80.62605 165.8723 3
25660 0.1666667 2 272.9386 0.7585839 4421.229 12.27277 -80.61343 165.8764 3
25560 0.1666667 2 272.6248 0.7577124 4427.503 12.2902 -80.60082 165.8804 3
25460 0.1666667 2 272.3111 0.756841 4433.778 12.30763 -80.58822 165.8845 3
25360 0.1666667 2 271.9974 0.7559695 4440.052 12.32505 -80.57564 165.8885 3
25260 0.1666667 2 271.6837 0.755098 4446.327 12.34248 -80.56307 165.8925 3
25160 0.1666667 2 271.3699 0.7542266 4452.601 12.35991 -80.55052 165.8965 3
25060 0.1666667 2 271.0562 0.7533551 4458.876 12.37734 -80.53798 165.9005 3
24960 0.1666667 2 270.7425 0.7524837 4465.15 12.39477 -80.52545 165.9045 3
24860 0.1666667 2 270.4288 0.7516122 4471.425 12.4122 -80.51294 165.9085 3
24760 0.1666667 2 270.115 0.7507407 4477.699 12.42963 -80.50045 165.9125 3
24660 0.1666667 2 269.8013 0.7498693 4483.974 12.44706 -80.48797 165.9164 3
24560 0.1666667 2 269.4876 0.7489978 4490.248 12.46449 -80.4755 165.9204 3
24460 0.1666667 2 269.1739 0.7481264 4496.523 12.48192 -80.46305 165.9243 3
24360 0.1666667 2 268.8601 0.7472549 4502.797 12.49935 -80.45061 165.9282 3
24260 0.1666667 2 268.5464 0.7463834 4509.072 12.51678 -80.43819 165.9322 3
24160 0.1666667 2 268.2327 0.745512 4515.346 12.5342 -80.42578 165.9361 3
24060 0.1666667 2 267.919 0.7446405 4521.621 12.55163 -80.41339 165.94 3
23960 0.1666667 2 267.6052 0.7437691 4527.895 12.56906 -80.40101 165.9439 3
23860 0.1666667 2 267.2915 0.7428976 4534.17 12.58649 -80.38864 165.9478 3
23760 0.1666667 2 266.9778 0.7420261 4540.444 12.60392 -80.37629 165.9516 3
23660 0.1666667 2 266.6641 0.7411547 4546.719 12.62135 -80.36395 165.9542 2
23560 0.1666667 2 266.3503 0.7402832 4552.993 12.63878 -80.35162 165.9568 2
23460 0.1666667 2 266.0366 0.7394118 4559.268 12.65621 -80.3393 165.9594 2
23360 0.1666667 2 265.7229 0.7385403 4565.542 12.67364 -80.327 165.9619 2
23260 0.1666667 2 265.4092 0.7376688 4571.817 12.69107 -80.31471 165.9645 2
23160 0.1666667 2 265.0954 0.7367974 4578.092 12.7085 -80.30244 165.967 2
23060 0.1666667 2 264.7817 0.7359259 4584.366 12.72593 -80.29018 165.9696 2
22960 0.1666667 2 264.468 0.7350545 4590.641 12.74336 -80.27794 165.9721 2
22860 0.1666667 2 264.1542 0.734183 4596.915 12.76078 -80.26571 165.9746 2
22760 0.1666667 2 263.8405 0.7333115 4603.19 12.77821 -80.2535 165.9771 2
22660 0.1666667 2 263.5268 0.7324401 4609.464 12.79564 -80.2413 165.9797 2
22560 0.1666667 2 263.2131 0.7315686 4615.739 12.81307 -80.22911 165.9822 2
22460 0.1666667 2 262.8993 0.7306972 4622.013 12.8305 -80.21694 165.9847 2
22360 0.1666667 2 262.5856 0.7298257 4628.288 12.84793 -80.20478 165.9872 2
22260 0.1666667 2 262.2719 0.7289542 4634.562 12.86536 -80.19264 165.9897 2
22160 0.1666667 2 261.9582 0.7280828 4640.837 12.88279 -80.18051 165.9921 2
22060 0.1666667 2 261.6444 0.7272113 4647.111 12.90022 -80.1684 165.9946 2
21960 0.1666667 2 261.3307 0.7263399 4653.386 12.91765 -80.1563 165.9971 2
21860 0.1666667 2 261.017 0.7254684 4659.66 12.93508 -80.14422 165.9996 2
21760 0.1666667 2 260.7033 0.7245969 4665.935 12.95251 -80.13215 166.002 2
21660 0.1666667 2 260.3895 0.7237255 4672.209 12.96993 -80.1201 166.0045 2
21560 0.1666667 2 260.0758 0.722854 4678.484 12.98736 -80.10806 166.0069 2
21460 0.1666667 2 259.7621 0.7219826 4684.758 13.00479 -80.09603 166.0094 2
21360 0.1666667 2 259.4484 0.7211111 4691.033 13.02222 -80.08402 166.0118 2
21260 0.1666667 2 259.1346 0.7202397 4697.307 13.03965 -80.07202 166.0142 2
21160 0.1666667 2 258.8209 0.7193682 4703.582 13.05708 -80.06004 166.0167 2
21060 0.1666667 2 258.5072 0.7184967 4709.856 13.07451 -80.04807 166.0191 2
20960 0.1666667 2 258.1935 0.7176253 4716.131 13.09194 -80.03612 166.0215 2
20860 0.1666667 2 257.8797 0.7167538 4722.405 13.10937 -80.02418 166.0239 2
20760 0.1666667 2 257.566 0.7158824 4728.68 13.1268 -80.01226 166.0263 2
20660 0.1666667 2 257.2523 0.7150109 4734.954 13.14423 -80.00035 166.0287 2
20560 0.1666667 2 256.9386 0.7141394 4741.229 13.16166 -79.98845 166.0311 2
20460 0.1666667 2 256.6248 0.713268 4747.503 13.17908 -79.97657 166.0335 2
20360 0.1666667 2 256.3111 0.7123965 4753.778 13.19651 -79.9647 166.0359 2
20260 0.1666667 2 255.9974 0.7115251 4760.052 13.21394 -79.95285 166.0382 2
20160 0.1666667 2 255.6837 0.7106536 4766.327 13.23137 -79.94102 166.0406 2
20060 0.1666667 2 255.3699 0.7097821 4772.601 13.2488 -79.92919 166.043 2
19960 0.1666667 2 255.0562 0.7089107 4778.876 13.26623 -79.91739 166.0453 2
19860 0.1666667 2 254.7425 0.7080392 4785.15 13.28366 -79.90559 166.0477 2
19760 0.1666667 2 254.4288 0.7071678 4791.425 13.30109 -79.89381 166.05 2
19660 0.1666667 2 254.115 0.7062963 4797.699 13.31852 -79.88205 166.0523 2
19560 0.1666667 2 253.8013 0.7054248 4803.974 13.33595 -79.8703 166.0547 2
19460 0.1666667 2 253.4876 0.7045534 4810.248 13.35338 -79.85856 166.057 2
19360 0.1666667 2 253.1739 0.7036819 4816.523 13.37081 -79.84684 166.0593 2
19260 0.1666667 2 252.8601 0.7028105 4822.797 13.38824 -79.83514 166.0617 2
19160 0.1666667 2 252.5464 0.701939 4829.072 13.40566 -79.82344 166.064 2
19060 0.1666667 2 252.2327 0.7010675 4835.346 13.42309 -79.81177 166.0663 2
18960 0.1666667 2 251.919 0.7001961 4841.621 13.44052 -79.8001 166.0686 2
18860 0.1666667 2 251.6052 0.6993246 4847.895 13.45795 -79.78846 166.0709 2
18760 0.1666667 2 251.2915 0.6984532 4854.17 13.47538 -79.77682 166.0732 2
18660 0.1666667 2 250.9778 0.6975817 4860.444 13.49281 -79.7652 166.0754 2
18560 0.1666667 2 250.6641 0.6967102 4866.719 13.51024 -79.7536 166.0777 2
18460 0.1666667 2 250.3503 0.6958388 4872.993 13.52767 -79.74201 166.08 2
18360 0.1666667 2 250.0366 0.6949673 4879.268 13.5451 -79.73043 166.0823 2
18260 0.1666667 2 249.7229 0.6940959 4885.542 13.56253 -79.71887 166.0845 2
18160 0.1666667 2 249.4092 0.6932244 4891.817 13.57996 -79.70732 166.0868 2
18060 0.1666667 2 249.0954 0.6923529 4898.092 13.59739 -79.69579 166.089 2
17960 0.1666667 2 248.7817 0.6914815 4904.366 13.61481 -79.68427 166.0913 2
17860 0.1666667 2 248.468 0.69061 4910.641 13.63224 -79.67277 166.0935 2
17760 0.1666667 2 248.1542 0.6897386 4916.915 13.64967 -79.66128 166.0958 2
17660 0.1666667 2 247.8405 0.6888671 4923.19 13.6671 -79.64981 166.098 2
17560 0.1666667 2 247.5268 0.6879956 4929.464 13.68453 -79.63835 166.1002 2
17460 0.1666667 2 247.2131 0.6871242 4935.739 13.70196 -79.6269 166.1024 2
17360 0.1666667 2 246.8993 0.6862527 4942.013 13.71939 -79.61547 166.1047 2
17260 0.1666667 2 246.5856 0.6853813 4948.288 13.73682 -79.60406 166.1069 2
17160 0.1666667 2 246.2719 0.6845098 4954.562 13.75425 -79.59266 166.1091 2
17060 0.1666667 2 245.9582 0.6836383 4960.837 13.77168 -79.58127 166.1113 2
16960 0.1666667 2 245.6444 0.6827669 4967.111 13.78911 -79.5699 166.1135 2
16860 0.1666667 2 245.3307 0.6818954 4973.386 13.80654 -79.55854 166.1157 2
16760 0.1666667 2 245.017 0.681024 4979.66 13.82397 -79.54719 166.1178 2
16660 0.1666667 2 244.7033 0.6801525 4985.935 13.84139 -79.53587 166.12 2
16560 0.1666667 2 244.3895 0.679281 4992.209 13.85882 -79.52455 166.1222 2
16460 0.1666667 2 244.0758 0.6784096 4998.484 13.87625 -79.51325 166.1244 2
16360 0.1666667 2 243.7621 0.6775381 5004.758 13.89368 -79.50197 166.1265 2
16260 0.1666667 2 243.4484 0.6766667 5011.033 13.91111 -79.49069 166.1287 2
16160 0.1666667 2 243.1346 0.6757952 5017.307 13.92854 -79.47944 166.1308 2
16060 0.1666667 2 242.8209 0.6749237 5023.582 13.94597 -79.4682 166.133 2
15960 0.1666667 2 242.5072 0.6740523 5029.856 13.9634 -79.45697 166.1351 2
15860 0.1666667 2 242.1935 0.6731808 5036.131 13.98083 -79.44576 166.1383 3
15760 0.1666667 2 241.8797 0.6723094 5042.405 13.99826 -79.43457 166.1415 3
15660 0.1666667 2 241.566 0.6714379 5048.68 14.01569 -79.4234 166.1447 3
15560 0.1666667 2 241.2523 0.6705664 5054.954 14.03312 -79.41224 166.1479 3
15460 0.1666667 2 240.9386 0.669695 5061.229 14.05054 -79.40109 166.1511 3
15360 0.1666667 2 240.6248 0.6688235 5067.503 14.06797 -79.38996 166.1543 3
15260 0.1666667 2 240.3111 0.6679521 5073.778 14.0854 -79.37884 166.1564 2
15160 0.1666667 2 239.9974 0.6670806 5080.052 14.10283 -79.36772 166.1585 2
15060 0.1666667 2 239.6837 0.6662092 5086.327 14.12026 -79.35663 166.1606 2
14960 0.1666667 2 239.3699 0.6653377 5092.601 14.13769 -79.34554 166.1627 2
14860 0.1666667 2 239.0562 0.6644662 5098.876 14.15512 -79.33448 166.1648 2
14760 0.1666667 2 238.7425 0.6635948 5105.15 14.17255 -79.32342 166.1669 2
14660 0.1666667 2 238.4288 0.6627233 5111.425 14.18998 -79.31239 166.1689 2
14560 0.1666667 2 238.115 0.6618519 5117.699 14.20741 -79.30136 166.171 2
14460 0.1666667 2 237.8013 0.6609804 5123.974 14.22484 -79.29035 166.1731 2
14360 0.1666667 2 237.4876 0.6601089 5130.248 14.24227 -79.27936 166.1751 2
14260 0.1666667 2 237.1739 0.6592375 5136.523 14.25969 -79.26838 166.1772 2
14160 0.1666667 2 236.8601 0.658366 5142.797 14.27712 -79.25741 166.1793 2
14060 0.1666667 2 236.5464 0.6574946 5149.072 14.29455 -79.24646 166.1813 2
13960 0.1666667 2 236.2327 0.6566231 5155.346 14.31198 -79.23552 166.1834 2
13860 0.1666667 2 235.919 0.6557516 5161.621 14.32941 -79.2246 166.1854 2
13760 0.1666667 2 235.6052 0.6548802 5167.895 14.34684 -79.21369 166.1874 2
13660 0.1666667 2 235.2915 0.6540087 5174.17 14.36427 -79.2028 166.1895 2
13560 0.1666667 2 234.9778 0.6531373 5180.444 14.3817 -79.19192 166.1915 2
13460 0.1666667 2 234.6641 0.6522658 5186.719 14.39913 -79.18105 166.1935 2
13360 0.1666667 2 234.3503 0.6513943 5192.993 14.41656 -79.1702 166.1955 2
13260 0.1666667 2 234.0366 0.6505229 5199.268 14.43399 -79.15937 166.1975 2
13160 0.1666667 2 233.7229 0.6496514 5205.542 14.45142 -79.14855 166.1995 2
13060 0.1666667 2 233.4092 0.64878 5211.817 14.46885 -79.13774 166.2016 2
12960 0.1666667 2 233.0954 0.6479085 5218.092 14.48627 -79.12695 166.2036 2
12860 0.1666667 2 232.7817 0.647037 5224.366 14.5037 -79.11618 166.2065 3
12760 0.1666667 2 232.468 0.6461656 5230.641 14.52113 -79.10542 166.2095 3
12660 0.1666667 2 232.1542 0.6452941 5236.915 14.53856 -79.09468 166.2125 3
12560 0.1666667 2 231.8405 0.6444227 5243.19 14.55599 -79.08396 166.2155 3
12460 0.1666667 2 231.5268 0.6435512 5249.464 14.57342 -79.07325 166.2184 3
12360 0.1666667 2 231.2131 0.6426797 5255.739 14.59085 -79.06255 166.2214 3
12260 0.1666667 2 230.8993 0.6418083 5262.013 14.60828 -79.05186 166.2234 2
12160 0.1666667 2 230.5856 0.6409368 5268.288 14.62571 -79.04119 166.2253 2
12060 0.1666667 2 230.2719 0.6400654 5274.562 14.64314 -79.03052 166.2273 2
11960 0.1666667 2 229.9582 0.6391939 5280.837 14.66057 -79.01988 166.2292 2
11860 0.1666667 2 229.6444 0.6383224 5287.111 14.678 -79.00925 166.2312 2
11760 0.1666667 2 229.3307 0.637451 5293.386 14.69542 -78.99863 166.2331 2
11660 0.1666667 2 229.017 0.6365795 5299.66 14.71285 -78.98802 166.2351 2
11560 0.1666667 2 228.7033 0.6357081 5305.935 14.73028 -78.97744 166.237 2
11460 0.1666667 2 228.3895 0.6348366 5312.209 14.74771 -78.96686 166.2389 2
11360 0.1666667 2 228.0758 0.6339651 5318.484 14.76514 -78.9563 166.2409 2
11260 0.1666667 2 227.7621 0.6330937 5324.758 14.78257 -78.94576 166.2428 2
11160 0.1666667 2 227.4484 0.6322222 5331.033 14.8 -78.93523 166.2447 2
11060 0.1666667 2 227.1346 0.6313508 5337.307 14.81743 -78.92471 166.2466 2
10960 0.1666667 2 226.8209 0.6304793 5343.582 14.83486 -78.91421 166.2485 2
10860 0.1666667 2 226.5072 0.6296078 5349.856 14.85229 -78.90372 166.2504 2
10760 0.1666667 2 226.1935 0.6287364 5356.131 14.86972 -78.89325 166.2523 2
10660 0.1666667 2 225.8797 0.6278649 5362.405 14.88715 -78.88279 166.2542 2
10560 0.1666667 2 225.566 0.6269935 5368.68 14.90458 -78.87235 166.2561 2
10460 0.1666667 2 225.2523 0.626122 5374.954 14.922 -78.86193 166.2589 3
10360 0.1666667 2 224.9386 0.6252505 5381.229 14.93943 -78.85152 166.2617 3
10260 0.1666667 2 224.6248 0.6243791 5387.503 14.95686 -78.84113 166.2646 3
10160 0.1666667 2 224.3111 0.6235076 5393.778 14.97429 -78.83075 166.2674 3
10060 0.1666667 2 223.9974 0.6226362 5400.052 14.99172 -78.82039 166.2702 3
9960 0.1666667 2 223.6837 0.6217647 5406.327 15.00915 -78.81004 166.273 3
9860 0.1666667 2 223.3699 0.6208932 5412.601 15.02658 -78.7997 166.2748 2
9760 0.1666667 2 223.0562 0.6200218 5418.876 15.04401 -78.78937 166.2767 2
9660 0.1666667 2 222.7425 0.6191503 5425.15 15.06144 -78.77906 166.2785 2
9560 0.1666667 2 222.4288 0.6182789 5431.425 15.07887 -78.76876 166.2804 2
9460 0.1666667 2 222.115 0.6174074 5437.699 15.0963 -78.75847 166.2822 2
9360 0.1666667 2 221.8013 0.6165359 5443.974 15.11373 -78.7482 166.2841 2
9260 0.1666667 2 221.4876 0.6156645 5450.248 15.13115 -78.73795 166.2859 2
9160 0.1666667 2 221.1739 0.614793 5456.523 15.14858 -78.72771 166.2877 2
9060 0.1666667 2 220.8601 0.6139216 5462.797 15.16601 -78.71748 166.2896 2
8960 0.1666667 2 220.5464 0.6130501 5469.072 15.18344 -78.70727 166.2914 2
8860 0.1666667 2 220.2327 0.6121786 5475.346 15.20087 -78.69708 166.2932 2
8760 0.1666667 2 219.919 0.6113072 5481.621 15.2183 -78.68689 166.295 2
8660 0.1666667 2 219.6052 0.6104357 5487.895 15.23573 -78.67673 166.2977 3
8560 0.1666667 2 219.2915 0.6095643 5494.17 15.25316 -78.66659 166.3004 3
8460 0.1666667 2 218.9778 0.6086928 5500.444 15.27059 -78.65646 166.3031 3
8360 0.1666667 2 218.6641 0.6078214 5506.719 15.28802 -78.64634 166.3058 3
8260 0.1666667 2 218.3503 0.6069499 5512.993 15.30545 -78.63624 166.3085 3
8160 0.1666667 2 218.0366 0.6060784 5519.268 15.32288 -78.62615 166.3112 3
8060 0.1666667 2 217.7229 0.605207 5525.542 15.34031 -78.61607 166.313 2
7960 0.1666667 2 217.4092 0.6043355 5531.817 15.35773 -78.606 166.3148 2
7860 0.1666667 2 217.0954 0.6034641 5538.092 15.37516 -78.59595 166.3165 2
7760 0.1666667 2 216.7817 0.6025926 5544.366 15.39259 -78.58592 166.3183 2
7660 0.1666667 2 216.468 0.6017211 5550.641 15.41002 -78.57589 166.3201 2
7560 0.1666667 2 216.1542 0.6008497 5556.915 15.42745 -78.56588 166.3218 2
7460 0.1666667 2 215.8405 0.5999782 5563.19 15.44488 -78.55589 166.3236 2
7360 0.1666667 2 215.5268 0.5991068 5569.464 15.46231 -78.54591 166.3254 2
7260 0.1666667 2 215.2131 0.5982353 5575.739 15.47974 -78.53595 166.3271 2
7160 0.1666667 2 214.8993 0.5973638 5582.013 15.49717 -78.526 166.3289 2
7060 0.1666667 2 214.5856 0.5964924 5588.288 15.5146 -78.51606 166.3306 2
6960 0.1666667 2 214.2719 0.5956209 5594.562 15.53203 -78.50614 166.3323 2
6860 0.1666667 2 213.9582 0.5947495 5600.837 15.54946 -78.49624 166.3349 3
6760 0.1666667 2 213.6444 0.593878 5607.111 15.56688 -78.48636 166.3375 3
6660 0.1666667 2 213.3307 0.5930065 5613.386 15.58431 -78.47649 166.3401 3
6560 0.1666667 2 213.017 0.5921351 5619.66 15.60174 -78.46663 166.3427 3
6460 0.1666667 2 212.7033 0.5912636 5625.935 15.61917 -78.45679 166.3453 3
6360 0.1666667 2 212.3895 0.5903922 5632.209 15.6366 -78.44697 166.3478 3
6260 0.1666667 2 212.0758 0.5895207 5638.484 15.65403 -78.43715 166.3496 2
6160 0.1666667 2 211.7621 0.5886492 5644.758 15.67146 -78.42734 166.3513 2
6060 0.1666667 2 211.4484 0.5877778 5651.033 15.68889 -78.41755 166.353 2
5960 0.1666667 2 211.1346 0.5869063 5657.307 15.70632 -78.40778 166.3547 2
5860 0.1666667 2 210.8209 0.5860349 5663.582 15.72375 -78.39801 166.3564 2
5760 0.1666667 2 210.5072 0.5851634 5669.856 15.74118 -78.38827 166.3581 2
5660 0.1666667 2 210.1935 0.5842919 5676.131 15.75861 -78.37853 166.3598 2
5560 0.1666667 2 209.8797 0.5834205 5682.405 15.77603 -78.36882 166.3614 2
5460 0.1666667 2 209.566 0.582549 5688.68 15.79346 -78.35911 166.3631 2
5360 0.1666667 2 209.2523 0.5816776 5694.954 15.81089 -78.34943 166.3648 2
5260 0.1666667 2 208.9386 0.5808061 5701.229 15.82832 -78.33975 166.3665 2
5160 0.1666667 2 208.6248 0.5799346 5707.503 15.84575 -78.33009 166.3681 2
5060 0.1666667 2 208.3111 0.5790632 5713.778 15.86318 -78.32045 166.3706 3
4960 0.1666667 2 207.9974 0.5781917 5720.052 15.88061 -78.31083 166.3731 3
4860 0.1666667 2 207.6837 0.5773203 5726.327 15.89804 -78.30122 166.3756 3
4760 0.1666667 2 207.3699 0.5764488 5732.601 15.91547 -78.29163 166.3781 3
4660 0.1666667 2 207.0562 0.5755773 5738.876 15.9329 -78.28205 166.3805 3
4560 0.1666667 2 206.7425 0.5747059 5745.15 15.95033 -78.27248 166.383 3
4460 0.1666667 2 206.4288 0.5738344 5751.425 15.96776 -78.26292 166.3847 2
4360 0.1666667 2 206.115 0.572963 5757.699 15.98519 -78.25338 166.3863 2
4260 0.1666667 2 205.8013 0.5720915 5763.974 16.00261 -78.24385 166.3879 2
4160 0.1666667 2 205.4876 0.57122 5770.248 16.02004 -78.23434 166.3896 2
4060 0.1666667 2 205.1739 0.5703486 5776.523 16.03747 -78.22484 166.3912 2
3960 0.1666667 2 204.8601 0.5694771 5782.797 16.0549 -78.21535 166.3928 2
3860 0.1666667 2 204.5464 0.5686057 5789.072 16.07233 -78.20589 166.3952 3
3760 0.1666667 2 204.2327 0.5677342 5795.346 16.08976 -78.19644 166.3977 3
3660 0.1666667 2 203.919 0.5668627 5801.621 16.10719 -78.187 166.4001 3
3560 0.1666667 2 203.6052 0.5659913 5807.895 16.12462 -78.17758 166.4025 3
3460 0.1666667 2 203.2915 0.5651198 5814.17 16.14205 -78.16818 166.4049 3
3360 0.1666667 2 202.9778 0.5642484 5820.444 16.15948 -78.15879 166.4073 3
3260 0.1666667 2 202.6641 0.5633769 5826.719 16.17691 -78.1494 166.4089 2
3160 0.1666667 2 202.3503 0.5625054 5832.993 16.19434 -78.14003 166.4105 2
3060 0.1666667 2 202.0366 0.561634 5839.268 16.21176 -78.13068 166.4121 2
2960 0.1666667 2 201.7229 0.5607625 5845.542 16.22919 -78.12134 166.4137 2
2860 0.1666667 2 201.4092 0.5598911 5851.817 16.24662 -78.11201 166.4152 2
2760 0.1666667 2 201.0954 0.5590196 5858.092 16.26405 -78.1027 166.4168 2
2660 0.1666667 2 200.7817 0.5581481 5864.366 16.28148 -78.09341 166.4192 3
2560 0.1666667 2 200.468 0.5572767 5870.641 16.29891 -78.08414 166.4215 3
2460 0.1666667 2 200.1542 0.5564052 5876.915 16.31634 -78.07487 166.4239 3
2360 0.1666667 2 199.8405 0.5555338 5883.19 16.33377 -78.06563 166.4262 3
2260 0.1666667 2 199.5268 0.5546623 5889.464 16.3512 -78.0564 166.4286 3
2160 0.1666667 2 199.2131 0.5537908 5895.739 16.36863 -78.04718 166.4309 3
2060 0.1666667 2 198.8993 0.5529194 5902.013 16.38606 -78.03797 166.4325 2
1960 0.1666667 2 198.5856 0.5520479 5908.288 16.40349 -78.02877 166.434 2
1860 0.1666667 2 198.2719 0.5511765 5914.562 16.42092 -78.01959 166.4356 2
1760 0.1666667 2 197.9582 0.550305 5920.837 16.43834 -78.01043 166.4371 2
1660 0.1666667 2 197.6444 0.5494336 5927.111 16.45577 -78.00128 166.4386 2
1560 0.1666667 2 197.3307 0.5485621 5933.386 16.4732 -77.99214 166.4402 2
1460 0.1666667 2 197.017 0.5476906 5939.66 16.49063 -77.98302 166.4417 2
1360 0.1666667 2 196.7033 0.5468192 5945.935 16.50806 -77.97391 166.4432 2
1260 0.1666667 2 196.3895 0.5459477 5952.209 16.52549 -77.96481 166.4447 2
1160 0.1666667 2 196.0758 0.5450763 5958.484 16.54292 -77.95574 166.4463 2
1060 0.1666667 2 195.7621 0.5442048 5964.758 16.56035 -77.94667 166.4478 2
960 0.1666667 2 195.4484 0.5433333 5971.033 16.57778 -77.93762 166.4493 2
860 0.1666667 2 195.1346 0.5424619 5977.307 16.59521 -77.92859 166.4515 3
760 0.1666667 2 194.8209 0.5415904 5983.582 16.61264 -77.91958 166.4538 3
660 0.1666667 2 194.5072 0.540719 5989.856 16.63007 -77.91058 166.4561 3
560 0.1666667 2 194.1935 0.5398475 5996.131 16.64749 -77.90159 166.4583 3
460 0.1666667 2 193.8797 0.538976 6002.405 16.66492 -77.89262 166.4605 3
360 0.1666667 2 193.566 0.5381046 6008.68 16.68235 -77.88367 166.4628 3
260 0.1666667 2 193.2523 0.5372331 6014.954 16.69978 -77.87472 166.4643 2
160 0.1666667 2 192.9386 0.5363617 6021.229 16.71721 -77.86578 166.4658 2
60 0.1666667 2 192.6248 0.5354902 6027.503 16.73464 -77.85686 166.4673 2
23.33333 0.06111111 2 192.5098 0.1961281 6029.804 6.140402 -77.8536 166.4678 2
