alt2 min phase gs dist fb fuel lat lon hdg
1 0 1 0 0 0 0 -77.8539 166.4686 182
101 0.1666667 1 192.743 0.534976 6025.14 16.74492 -77.86281 166.4671 182
201 0.1666667 1 193.0567 0.5358475 6018.865 16.72749 -77.87174 166.4656 182
301 0.1666667 1 193.3705 0.536719 6012.591 16.71007 -77.88068 166.4642 182
401 0.1666667 1 193.6842 0.5375904 6006.316 16.69264 -77.88963 166.4627 182
501 0.1666667 1 193.9979 0.5384619 6000.042 16.67521 -77.8986 166.4612 182
601 0.1666667 1 194.3116 0.5393333 5993.767 16.65778 -77.90758 166.4597 182
701 0.1666667 1 194.6254 0.5402048 5987.493 16.64035 -77.91658 166.4582 182
801 0.1666667 1 194.9391 0.5410763 5981.218 16.62292 -77.92559 166.4567 182
901 0.1666667 1 195.2528 0.5419477 5974.944 16.60549 -77.93462 166.4552 182
1001 0.1666667 1 195.5665 0.5428192 5968.669 16.58806 -77.94366 166.4536 182
1101 0.1666667 1 195.8803 0.5436906 5962.395 16.57063 -77.95272 166.4521 182
1201 0.1666667 1 196.194 0.5445621 5956.12 16.5532 -77.96179 166.4506 182
1301 0.1666667 1 196.5077 0.5454336 5949.846 16.53577 -77.97087 166.4491 182
1401 0.1666667 1 196.8214 0.546305 5943.571 16.51834 -77.97997 166.4476 182
1501 0.1666667 1 197.1352 0.5471765 5937.297 16.50092 -77.98909 166.446 182
1601 0.1666667 1 197.4489 0.5480479 5931.022 16.48349 -77.99822 166.4445 182
1701 0.1666667 1 197.7626 0.5489194 5924.748 16.46606 -78.00736 166.443 182
1801 0.1666667 1 198.0763 0.5497908 5918.473 16.44863 -78.01652 166.4414 182
1901 0.1666667 1 198.3901 0.5506623 5912.199 16.4312 -78.02569 166.4399 182
2001 0.1666667 1 198.7038 0.5515338 5905.924 16.41377 -78.03487 166.4383 182
2101 0.1666667 1 199.0175 0.5524052 5899.65 16.39634 -78.04408 166.4368 182
2201 0.1666667 1 199.3312 0.5532767 5893.375 16.37891 -78.05329 166.4352 182
2301 0.1666667 1 199.645 0.5541481 5887.101 16.36148 -78.06252 166.4337 182
2401 0.1666667 1 199.9587 0.5550196 5880.826 16.34405 -78.07177 166.4321 182
2501 0.1666667 1 200.2724 0.5558911 5874.552 16.32662 -78.08103 166.4306 182
2601 0.1666667 1 200.5861 0.5567625 5868.277 16.30919 -78.0903 166.429 182
2701 0.1666667 1 200.8999 0.557634 5862.003 16.29176 -78.09959 166.4274 182
2801 0.1666667 1 201.2136 0.5585054 5855.728 16.27434 -78.10889 166.4258 182
2901 0.1666667 1 201.5273 0.5593769 5849.454 16.25691 -78.11821 166.4243 182
3001 0.1666667 1 201.841 0.5602484 5843.179 16.23948 -78.12754 166.4227 182
3101 0.1666667 1 202.1548 0.5611198 5836.905 16.22205 -78.13689 166.4211 182
3201 0.1666667 1 202.4685 0.5619913 5830.63 16.20462 -78.14625 166.4195 182
3301 0.1666667 1 202.7822 0.5628627 5824.356 16.18719 -78.15562 166.4179 182
3401 0.1666667 1 203.0959 0.5637342 5818.081 16.16976 -78.16501 166.4163 182
3501 0.1666667 1 203.4097 0.5646057 5811.807 16.15233 -78.17442 166.4147 182
3601 0.1666667 1 203.7234 0.5654771 5805.532 16.1349 -78.18383 166.4131 182
3701 0.1666667 1 204.0371 0.5663486 5799.258 16.11747 -78.19327 166.4115 182
3801 0.1666667 1 204.3508 0.56722 5792.983 16.10004 -78.20272 166.4099 182
3901 0.1666667 1 204.6646 0.5680915 5786.708 16.08261 -78.21218 166.4083 182
4001 0.1666667 1 204.9783 0.568963 5780.434 16.06519 -78.22166 166.4066 182
4101 0.1666667 1 205.292 0.5698344 5774.159 16.04776 -78.23115 166.405 182
4201 0.1666667 1 205.6058 0.5707059 5767.885 16.03033 -78.24065 166.4034 182
4301 0.1666667 1 205.9195 0.5715773 5761.61 16.0129 -78.25017 166.4018 182
4401 0.1666667 1 206.2332 0.5724488 5755.336 15.99547 -78.25971 166.4001 182
4501 0.1666667 1 206.5469 0.5733203 5749.061 15.97804 -78.26926 166.3985 182
4601 0.1666667 1 206.8607 0.5741917 5742.787 15.96061 -78.27882 166.3968 182
4701 0.1666667 1 207.1744 0.5750632 5736.512 15.94318 -78.2884 166.3952 182
4801 0.1666667 1 207.4881 0.5759346 5730.238 15.92575 -78.29799 166.3935 182
4901 0.1666667 1 207.8018 0.5768061 5723.963 15.90832 -78.3076 166.3919 182
5001 0.1666667 1 208.1156 0.5776776 5717.689 15.89089 -78.31722 166.3902 182
5101 0.1666667 1 208.4293 0.578549 5711.414 15.87346 -78.32686 166.3886 182
5201 0.1666667 1 208.743 0.5794205 5705.14 15.85603 -78.33651 166.3869 182
5301 0.1666667 1 209.0567 0.5802919 5698.865 15.83861 -78.34618 166.3852 182
5401 0.1666667 1 209.3705 0.5811634 5692.591 15.82118 -78.35586 166.3835 182
5501 0.1666667 1 209.6842 0.5820349 5686.316 15.80375 -78.36555 166.3819 182
5601 0.1666667 1 209.9979 0.5829063 5680.042 15.78632 -78.37526 166.3802 182
5701 0.1666667 1 210.3116 0.5837778 5673.767 15.76889 -78.38498 166.3785 182
5801 0.1666667 1 210.6254 0.5846492 5667.493 15.75146 -78.39472 166.3768 182
5901 0.1666667 1 210.9391 0.5855207 5661.218 15.73403 -78.40448 166.3751 182
6001 0.1666667 1 211.2528 0.5863922 5654.944 15.7166 -78.41424 166.3734 182
6101 0.1666667 1 211.5665 0.5872636 5648.669 15.69917 -78.42402 166.3717 182
6201 0.1666667 1 211.8803 0.5881351 5642.395 15.68174 -78.43382 166.37 182
6301 0.1666667 1 212.194 0.5890065 5636.12 15.66431 -78.44363 166.3683 182
6401 0.1666667 1 212.5077 0.589878 5629.846 15.64688 -78.45346 166.3666 182
6501 0.1666667 1 212.8214 0.5907495 5623.571 15.62946 -78.4633 166.3649 182
6601 0.1666667 1 213.1352 0.5916209 5617.297 15.61203 -78.47315 166.3632 182
6701 0.1666667 1 213.4489 0.5924924 5611.022 15.5946 -78.48302 166.3614 182
6801 0.1666667 1 213.7626 0.5933638 5604.748 15.57717 -78.4929 166.3597 182
6901 0.1666667 1 214.0763 0.5942353 5598.473 15.55974 -78.5028 166.358 182
7001 0.1666667 1 214.3901 0.5951068 5592.199 15.54231 -78.51271 166.3562 182
7101 0.1666667 1 214.7038 0.5959782 5585.924 15.52488 -78.52264 166.3545 182
7201 0.1666667 1 215.0175 0.5968497 5579.65 15.50745 -78.53258 166.3527 182
7301 0.1666667 1 215.3312 0.5977211 5573.375 15.49002 -78.54254 166.351 182
7401 0.1666667 1 215.645 0.5985926 5567.101 15.47259 -78.55251 166.3492 182
7501 0.1666667 1 215.9587 0.5994641 5560.826 15.45516 -78.56249 166.3475 182
7601 0.1666667 1 216.2724 0.6003355 5554.552 15.43773 -78.57249 166.3457 182
7701 0.1666667 1 216.5861 0.601207 5548.277 15.42031 -78.58251 166.344 182
7801 0.1666667 1 216.8999 0.6020784 5542.003 15.40288 -78.59254 166.3422 182
7901 0.1666667 1 217.2136 0.6029499 5535.728 15.38545 -78.60258 166.3404 182
8001 0.1666667 1 217.5273 0.6038214 5529.454 15.36802 -78.61264 166.3386 182
8101 0.1666667 1 217.841 0.6046928 5523.179 15.35059 -78.62271 166.3368 182
8201 0.1666667 1 218.1548 0.6055643 5516.905 15.33316 -78.63279 166.3351 182
8301 0.1666667 1 218.4685 0.6064357 5510.63 15.31573 -78.6429 166.3333 182
8401 0.1666667 1 218.7822 0.6073072 5504.356 15.2983 -78.65301 166.3315 182
8501 0.1666667 1 219.0959 0.6081786 5498.081 15.28087 -78.66314 166.3297 182
8601 0.1666667 1 219.4097 0.6090501 5491.807 15.26344 -78.67329 166.3279 182
8701 0.1666667 1 219.7234 0.6099216 5485.532 15.24601 -78.68345 166.3261 182
8801 0.1666667 1 220.0371 0.610793 5479.258 15.22858 -78.69362 166.3243 182
8901 0.1666667 1 220.3508 0.6116645 5472.983 15.21115 -78.70381 166.3224 182
9001 0.1666667 1 220.6646 0.6125359 5466.708 15.19373 -78.71401 166.3206 182
9101 0.1666667 1 220.9783 0.6134074 5460.434 15.1763 -78.72423 166.3188 182
9201 0.1666667 1 221.292 0.6142789 5454.159 15.15887 -78.73446 166.317 182
9301 0.1666667 1 221.6058 0.6151503 5447.885 15.14144 -78.7447 166.3151 182
9401 0.1666667 1 221.9195 0.6160218 5441.61 15.12401 -78.75497 166.3133 182
9501 0.1666667 1 222.2332 0.6168932 5435.336 15.10658 -78.76524 166.3115 182
9601 0.1666667 1 222.5469 0.6177647 5429.061 15.08915 -78.77553 166.3096 182
9701 0.1666667 1 222.8607 0.6186362 5422.787 15.07172 -78.78584 166.3078 182
9801 0.1666667 1 223.1744 0.6195076 5416.512 15.05429 -78.79615 166.3059 182
9901 0.1666667 1 223.4881 0.6203791 5410.238 15.03686 -78.80649 166.3041 182
10001 0.1666667 1 223.8018 0.6212505 5403.963 15.01943 -78.81684 166.3022 182
10101 0.1666667 1 224.1156 0.622122 5397.689 15.002 -78.8272 166.3003 182
10201 0.1666667 1 224.4293 0.6229935 5391.414 14.98458 -78.83757 166.2985 182
10301 0.1666667 1 224.743 0.6238649 5385.14 14.96715 -78.84797 166.2966 182
10401 0.1666667 1 225.0567 0.6247364 5378.865 14.94972 -78.85837 166.2947 182
10501 0.1666667 1 225.3705 0.6256078 5372.591 14.93229 -78.86879 166.2928 182
10601 0.1666667 1 225.6842 0.6264793 5366.316 14.91486 -78.87923 166.2909 182
10701 0.1666667 1 225.9979 0.6273508 5360.042 14.89743 -78.88968 166.289 182
10801 0.1666667 1 226.3116 0.6282222 5353.767 14.88 -78.90014 166.2871 182
10901 0.1666667 1 226.6254 0.6290937 5347.493 14.86257 -78.91062 166.2852 182
11001 0.1666667 1 226.9391 0.6299651 5341.218 14.84514 -78.92111 166.2833 182
11101 0.1666667 1 227.2528 0.6308366 5334.944 14.82771 -78.93162 166.2814 182
11201 0.1666667 1 227.5665 0.6317081 5328.669 14.81028 -78.94214 166.2795 182
11301 0.1666667 1 227.8803 0.6325795 5322.395 14.79285 -78.95268 166.2776 182
11401 0.1666667 1 228.194 0.633451 5316.12 14.77542 -78.96323 166.2757 182
11501 0.1666667 1 228.5077 0.6343224 5309.846 14.758 -78.9738 166.2737 182
11601 0.1666667 1 228.8214 0.6351939 5303.571 14.74057 -78.98438 166.2718 182
11701 0.1666667 1 229.1352 0.6360654 5297.297 14.72314 -78.99497 166.2699 182
11801 0.1666667 1 229.4489 0.6369368 5291.022 14.70571 -79.00558 166.2679 182
11901 0.1666667 1 229.7626 0.6378083 5284.748 14.68828 -79.0162 166.266 182
12001 0.1666667 1 230.0763 0.6386797 5278.473 14.67085 -79.02684 166.264 182
12101 0.1666667 1 230.3901 0.6395512 5272.199 14.65342 -79.03749 166.2621 182
12201 0.1666667 1 230.7038 0.6404227 5265.924 14.63599 -79.04816 166.2601 182
12301 0.1666667 1 231.0175 0.6412941 5259.65 14.61856 -79.05884 166.2581 182
12401 0.1666667 1 231.3312 0.6421656 5253.375 14.60113 -79.06954 166.2562 182
12501 0.1666667 1 231.645 0.643037 5247.101 14.5837 -79.08025 166.2542 182
12601 0.1666667 1 231.9587 0.6439085 5240.826 14.56627 -79.09097 166.2522 182
12701 0.1666667 1 232.2724 0.64478 5234.552 14.54885 -79.10171 166.2502 182
12801 0.1666667 1 232.5861 0.6456514 5228.277 14.53142 -79.11247 166.2483 182
12901 0.1666667 1 232.8999 0.6465229 5222.003 14.51399 -79.12324 166.2463 182
13001 0.1666667 1 233.2136 0.6473943 5215.728 14.49656 -79.13402 166.2443 182
13101 0.1666667 1 233.5273 0.6482658 5209.454 14.47913 -79.14482 166.2423 182
13201 0.1666667 1 233.841 0.6491373 5203.179 14.4617 -79.15563 166.2403 182
13301 0.1666667 1 234.1548 0.6500087 5196.905 14.44427 -79.16646 166.2382 182
13401 0.1666667 1 234.4685 0.6508802 5190.63 14.42684 -79.1773 166.2362 182
13501 0.1666667 1 234.7822 0.6517516 5184.356 14.40941 -79.18816 166.2342 182
13601 0.1666667 1 235.0959 0.6526231 5178.081 14.39198 -79.19903 166.2322 182
13701 0.1666667 1 235.4097 0.6534946 5171.807 14.37455 -79.20991 166.2302 182
13801 0.1666667 1 235.7234 0.654366 5165.532 14.35712 -79.22081 166.2281 182
13901 0.1666667 1 236.0371 0.6552375 5159.258 14.33969 -79.23172 166.2261 182
14001 0.1666667 1 236.3508 0.6561089 5152.983 14.32227 -79.24265 166.224 182
14101 0.1666667 1 236.6646 0.6569804 5146.708 14.30484 -79.2536 166.222 182
14201 0.1666667 1 236.9783 0.6578519 5140.434 14.28741 -79.26455 166.2199 182
14301 0.1666667 1 237.292 0.6587233 5134.159 14.26998 -79.27553 166.2179 182
14401 0.1666667 1 237.6058 0.6595948 5127.885 14.25255 -79.28651 166.2158 182
14501 0.1666667 1 237.9195 0.6604662 5121.61 14.23512 -79.29751 166.2138 182
14601 0.1666667 1 238.2332 0.6613377 5115.336 14.21769 -79.30853 166.2117 182
14701 0.1666667 1 238.5469 0.6622092 5109.061 14.20026 -79.31956 166.2096 182
14801 0.1666667 1 238.8607 0.6630806 5102.787 14.18283 -79.3306 166.2075 182
14901 0.1666667 1 239.1744 0.6639521 5096.512 14.1654 -79.34166 166.2054 182
15001 0.1666667 1 239.4881 0.6648235 5090.238 14.14797 -79.35274 166.2033 182
15101 0.1666667 1 239.8018 0.665695 5083.963 14.13054 -79.36382 166.2012 182
15201 0.1666667 1 240.1156 0.6665664 5077.689 14.11312 -79.37493 166.1991 182
15301 0.1666667 1 240.4293 0.6674379 5071.414 14.09569 -79.38604 166.197 182
15401 0.1666667 1 240.743 0.6683094 5065.14 14.07826 -79.39718 166.1949 182
15501 0.1666667 1 241.0567 0.6691808 5058.865 14.06083 -79.40832 166.1928 182
15601 0.1666667 1 241.3705 0.6700523 5052.591 14.0434 -79.41948 166.1907 182
15701 0.1666667 1 241.6842 0.6709237 5046.316 14.02597 -79.43066 166.1886 182
15801 0.1666667 1 241.9979 0.6717952 5040.042 14.00854 -79.44185 166.1864 182
15901 0.1666667 1 242.3116 0.6726667 5033.767 13.99111 -79.45305 166.1843 182
16001 0.1666667 1 242.6254 0.6735381 5027.493 13.97368 -79.46427 166.1821 182
16101 0.1666667 1 242.9391 0.6744096 5021.218 13.95625 -79.4755 166.18 182
16201 0.1666667 1 243.2528 0.675281 5014.944 13.93882 -79.48675 166.1779 182
16301 0.1666667 1 243.5665 0.6761525 5008.669 13.92139 -79.49801 166.1757 182
16401 0.1666667 1 243.8803 0.677024 5002.395 13.90397 -79.50929 166.1735 182
16501 0.1666667 1 244.194 0.6778954 4996.12 13.88654 -79.52058 166.1714 182
16601 0.1666667 1 244.5077 0.6787669 4989.846 13.86911 -79.53189 166.1692 182
16701 0.1666667 1 244.8214 0.6796383 4983.571 13.85168 -79.54321 166.167 182
16801 0.1666667 1 245.1352 0.6805098 4977.297 13.83425 -79.55454 166.1648 182
16901 0.1666667 1 245.4489 0.6813813 4971.022 13.81682 -79.56589 166.1626 182
17001 0.1666667 1 245.7626 0.6822527 4964.748 13.79939 -79.57726 166.1605 182
17101 0.1666667 1 246.0763 0.6831242 4958.473 13.78196 -79.58864 166.1583 182
17201 0.1666667 1 246.3901 0.6839956 4952.199 13.76453 -79.60003 166.1561 182
17301 0.1666667 1 246.7038 0.6848671 4945.924 13.7471 -79.61144 166.1538 182
17401 0.1666667 1 247.0175 0.6857386 4939.65 13.72967 -79.62286 166.1516 182
17501 0.1666667 1 247.3312 0.68661 4933.375 13.71224 -79.63429 166.1494 182
17601 0.1666667 1 247.645 0.6874815 4927.101 13.69481 -79.64575 166.1472 182
17701 0.1666667 1 247.9587 0.6883529 4920.826 13.67739 -79.65721 166.145 182
17801 0.1666667 1 248.2724 0.6892244 4914.552 13.65996 -79.66869 166.1427 182
17901 0.1666667 1 248.5861 0.6900959 4908.277 13.64253 -79.68019 166.1405 182
18001 0.1666667 1 248.8999 0.6909673 4902.003 13.6251 -79.69169 166.1382 182
18101 0.1666667 1 249.2136 0.6918388 4895.728 13.60767 -79.70322 166.136 182
18201 0.1666667 1 249.5273 0.6927102 4889.454 13.59024 -79.71476 166.1337 182
18301 0.1666667 1 249.841 0.6935817 4883.179 13.57281 -79.72631 166.1315 182
18401 0.1666667 1 250.1548 0.6944532 4876.905 13.55538 -79.73788 166.1292 182
18501 0.1666667 1 250.4685 0.6953246 4870.63 13.53795 -79.74946 166.1269 182
18601 0.1666667 1 250.7822 0.6961961 4864.356 13.52052 -79.76105 166.1247 182
18701 0.1666667 1 251.0959 0.6970675 4858.081 13.50309 -79.77266 166.1224 182
18801 0.1666667 1 251.4097 0.697939 4851.807 13.48566 -79.78429 166.1201 182
18901 0.1666667 1 251.7234 0.6988105 4845.532 13.46824 -79.79593 166.1178 182
19001 0.1666667 1 252.0371 0.6996819 4839.258 13.45081 -79.80758 166.1155 182
19101 0.1666667 1 252.3508 0.7005534 4832.983 13.43338 -79.81925 166.1132 182
19201 0.1666667 1 252.6646 0.7014248 4826.708 13.41595 -79.83094 166.1109 182
19301 0.1666667 1 252.9783 0.7022963 4820.434 13.39852 -79.84263 166.1086 182
19401 0.1666667 1 253.292 0.7031678 4814.159 13.38109 -79.85435 166.1063 182
19501 0.1666667 1 253.6058 0.7040392 4807.885 13.36366 -79.86607 166.1039 182
19601 0.1666667 1 253.9195 0.7049107 4801.61 13.34623 -79.87781 166.1016 182
19701 0.1666667 1 254.2332 0.7057821 4795.336 13.3288 -79.88957 166.0993 182
19801 0.1666667 1 254.5469 0.7066536 4789.061 13.31137 -79.90134 166.0969 182
19901 0.1666667 1 254.8607 0.7075251 4782.787 13.29394 -79.91312 166.0934 183
20001 0.1666667 1 255.1744 0.7083965 4776.512 13.27651 -79.92491 166.0899 183
20101 0.1666667 1 255.4881 0.709268 4770.238 13.25908 -79.93671 166.0863 183
20201 0.1666667 1 255.8018 0.7101394 4763.963 13.24166 -79.94853 166.0828 183
20301 0.1666667 1 256.1156 0.7110109 4757.689 13.22423 -79.96037 166.0792 183
20401 0.1666667 1 256.4293 0.7118824 4751.414 13.2068 -79.97221 166.0757 183
20501 0.1666667 1 256.743 0.7127538 4745.14 13.18937 -79.98408 166.0721 183
20601 0.1666667 1 257.0567 0.7136253 4738.865 13.17194 -79.99595 166.0685 183
20701 0.1666667 1 257.3705 0.7144967 4732.591 13.15451 -80.00785 166.0649 183
20801 0.1666667 1 257.6842 0.7153682 4726.316 13.13708 -80.01975 166.0613 183
20901 0.1666667 1 257.9979 0.7162397 4720.042 13.11965 -80.03167 166.0577 183
21001 0.1666667 1 258.3116 0.7171111 4713.767 13.10222 -80.04361 166.0541 183
21101 0.1666667 1 258.6254 0.7179826 4707.493 13.08479 -80.05556 166.0505 183
21201 0.1666667 1 258.9391 0.718854 4701.218 13.06736 -80.06752 166.0469 183
21301 0.1666667 1 259.2528 0.7197255 4694.944 13.04993 -80.0795 166.0432 183
21401 0.1666667 1 259.5665 0.7205969 4688.669 13.03251 -80.0915 166.0396 183
21501 0.1666667 1 259.8803 0.7214684 4682.395 13.01508 -80.1035 166.0359 183
21601 0.1666667 1 260.194 0.7223399 4676.12 12.99765 -80.11553 166.0322 183
21701 0.1666667 1 260.5077 0.7232113 4669.846 12.98022 -80.12756 166.0286 183
21801 0.1666667 1 260.8214 0.7240828 4663.571 12.96279 -80.13962 166.0249 183
21901 0.1666667 1 261.1352 0.7249542 4657.297 12.94536 -80.15168 166.0212 183
22001 0.1666667 1 261.4489 0.7258257 4651.022 12.92793 -80.16376 166.0175 183
22101 0.1666667 1 261.7626 0.7266972 4644.748 12.9105 -80.17586 166.0138 183
22201 0.1666667 1 262.0763 0.7275686 4638.473 12.89307 -80.18797 166.01 183
22301 0.1666667 1 262.3901 0.7284401 4632.199 12.87564 -80.20009 166.0063 183
22401 0.1666667 1 262.7038 0.7293115 4625.924 12.85821 -80.21223 166.0026 183
22501 0.1666667 1 263.0175 0.730183 4619.65 12.84078 -80.22438 165.9988 183
22601 0.1666667 1 263.3312 0.7310545 4613.375 12.82336 -80.23655 165.9951 183
22701 0.1666667 1 263.645 0.7319259 4607.101 12.80593 -80.24873 165.9913 183
22801 0.1666667 1 263.9587 0.7327974 4600.826 12.7885 -80.26093 165.9875 183
22901 0.1666667 1 264.2724 0.7336688 4594.552 12.77107 -80.27314 165.9837 183
23001 0.1666667 1 264.5861 0.7345403 4588.277 12.75364 -80.28536 165.9799 183
23101 0.1666667 1 264.8999 0.7354118 4582.003 12.73621 -80.2976 165.9761 183
23201 0.1666667 1 265.2136 0.7362832 4575.728 12.71878 -80.30986 165.9723 183
23301 0.1666667 1 265.5273 0.7371547 4569.454 12.70135 -80.32213 165.9685 183
23401 0.1666667 1 265.841 0.7380261 4563.179 12.68392 -80.33441 165.9647 183
23501 0.1666667 1 266.1548 0.7388976 4556.905 12.66649 -80.34671 165.9608 183
23601 0.1666667 1 266.4685 0.7397691 4550.63 12.64906 -80.35902 165.957 183
23701 0.1666667 1 266.7822 0.7406405 4544.356 12.63163 -80.37135 165.9531 183
23801 0.1666667 1 267.0959 0.741512 4538.081 12.6142 -80.38369 165.9492 183
23901 0.1666667 1 267.4097 0.7423834 4531.807 12.59678 -80.39605 165.9454 183
24001 0.1666667 1 267.7234 0.7432549 4525.532 12.57935 -80.40842 165.9415 183
24101 0.1666667 1 268.0371 0.7441264 4519.258 12.56192 -80.4208 165.9376 183
24201 0.1666667 1 268.3508 0.7449978 4512.983 12.54449 -80.4332 165.9337 183
24301 0.1666667 1 268.6646 0.7458693 4506.708 12.52706 -80.44562 165.9298 183
24401 0.1666667 1 268.9783 0.7467407 4500.434 12.50963 -80.45805 165.9258 183
24501 0.1666667 1 269.292 0.7476122 4494.159 12.4922 -80.47049 165.9219 183
24601 0.1666667 1 269.6058 0.7484837 4487.885 12.47477 -80.48295 165.9179 183
24701 0.1666667 1 269.9195 0.7493551 4481.61 12.45734 -80.49542 165.914 183
24801 0.1666667 1 270.2332 0.7502266 4475.336 12.43991 -80.50791 165.91 183
24901 0.1666667 1 270.5469 0.751098 4469.061 12.42248 -80.52041 165.9061 183
25001 0.1666667 1 270.8607 0.7519695 4462.787 12.40505 -80.53292 165.9021 183
25001 0.1666667 1 270.8659 0.7524052 4462.682 12.39634 -80.54544 165.8981 183
25001 0.1666667 1 270.8659 0.7524052 4462.682 12.39634 -80.55797 165.8941 183
25001 0.1666667 1 270.8659 0.7524052 4462.682 12.39634 -80.57049 165.8901 183
25001 0.1666667 1 270.8659 0.7524052 4462.682 12.39634 -80.58301 165.8861 183
25001 0.1666667 1 270.8659 0.7524052 4462.682 12.39634 -80.59554 165.882 183
25001 0.1666667 1 270.8659 0.7524052 4462.682 12.39634 -80.60806 165.878 183
25001 0.1666667 1 270.8659 0.7524052 4462.682 12.39634 -80.62058 165.874 183
25001 0.1666667 1 270.8659 0.7524052 4462.682 12.39634 -80.63311 165.87 183
25001 0.1666667 1 270.8659 0.7524052 4462.682 12.39634 -80.64563 165.8659 183
25001 0.1666667 1 270.8659 0.7524052 4462.682 12.39634 -80.65815 165.8619 183
25001 0.1666667 1 270.8659 0.7524052 4462.682 12.39634 -80.67067 165.8579 183
25001 0.1666667 1 270.8659 0.7524052 4462.682 12.39634 -80.6832 165.8538 183
25001 0.1666667 1 270.8659 0.7524052 4462.682 12.39634 -80.69572 165.8497 183
25001 0.1666667 1 270.8659 0.7524052 4462.682 12.39634 -80.70824 165.8457 183
25001 0.1666667 1 270.8659 0.7524052 4462.682 12.39634 -80.72077 165.8416 183
25001 0.1666667 1 270.8659 0.7524052 4462.682 12.39634 -80.73329 165.8375 183
25001 0.1666667 1 270.8659 0.7524052 4462.682 12.39634 -80.74581 165.8335 183
25001 0.1666667 1 270.8659 0.7524052 4462.682 12.39634 -80.75833 165.8294 183
25001 0.1666667 1 270.8659 0.7524052 4462.682 12.39634 -80.77086 165.8253 183
25001 0.1666667 1 270.8659 0.7524052 4462.682 12.39634 -80.78338 165.8212 183
25001 0.1666667 1 270.8659 0.7524052 4462.682 12.39634 -80.7959 165.8171 183
25001 0.1666667 1 270.8659 0.7524052 4462.682 12.39634 -80.80843 165.813 183
25001 0.1666667 1 270.8659 0.7524052 4462.682 12.39634 -80.82095 165.8089 183
25001 0.1666667 1 270.8659 0.7524052 4462.682 12.39634 -80.83347 165.8048 183
25001 0.1666667 1 270.8659 0.7524052 4462.682 12.39634 -80.84599 165.8006 183
25001 0.1666667 1 270.8659 0.7524052 4462.682 12.39634 -80.85852 165.7965 183
25001 0.1666667 1 270.8659 0.7524052 4462.682 12.39634 -80.87104 165.7924 183
25001 0.1666667 1 270.8659 0.7524052 4462.682 12.39634 -80.88356 165.7882 183
25001 0.1666667 1 270.8659 0.7524052 4462.682 12.39634 -80.89609 165.7841 183
25001 0.1666667 1 270.8659 0.7524052 4462.682 12.39634 -80.90861 165.7799 183
25001 0.1666667 1 270.8659 0.7524052 4462.682 12.39634 -80.92113 165.7758 183
25001 0.1666667 1 270.8659 0.7524052 4462.682 12.39634 -80.93365 165.7716 183
25001 0.1666667 1 270.8659 0.7524052 4462.682 12.39634 -80.94618 165.7675 183
25001 0.1666667 1 270.8659 0.7524052 4462.682 12.39634 -80.9587 165.7633 183
25001 0.1666667 1 270.8659 0.7524052 4462.682 12.39634 -80.97122 165.7591 183
25001 0.1666667 1 270.8659 0.7524052 4462.682 12.39634 -80.98375 165.7549 183
25001 0.1666667 1 270.8659 0.7524052 4462.682 12.39634 -80.99627 165.7507 183
25001 0.1666667 1 270.8659 0.7524052 4462.682 12.39634 -81.00879 165.7465 183
25001 0.1666667 1 270.8659 0.7524052 4462.682 12.39634 -81.02132 165.7423 183
25001 0.1666667 1 270.8659 0.7524052 4462.682 12.39634 -81.03384 165.7381 183
25001 0.1666667 1 270.8659 0.7524052 4462.682 12.39634 -81.04636 165.7339 183
25001 0.1666667 1 270.8659 0.7524052 4462.682 12.39634 -81.05888 165.7297 183
25001 0.1666667 1 270.8659 0.7524052 4462.682 12.39634 -81.07141 165.7255 183
25001 0.1666667 1 270.8659 0.7524052 4462.682 12.39634 -81.08393 165.7212 183
25001 0.1666667 1 270.8659 0.7524052 4462.682 12.39634 -81.09645 165.717 183
25001 0.1666667 1 270.8659 0.7524052 4462.682 12.39634 -81.10898 165.7128 183
25001 0.1666667 1 270.8659 0.7524052 4462.682 12.39634 -81.1215 165.7085 183
25001 0.1666667 1 270.8659 0.7524052 4462.682 12.39634 -81.13402 165.7042 183
25001 0.1666667 1 270.8659 0.7524052 4462.682 12.39634 -81.14654 165.7 183
25001 0.1666667 1 270.8659 0.7524052 4462.682 12.39634 -81.15907 165.6957 183
25001 0.1666667 1 270.8659 0.7524052 4462.682 12.39634 -81.17159 165.6914 183
25001 0.1666667 1 270.8659 0.7524052 4462.682 12.39634 -81.18411 165.6872 183
25001 0.1666667 1 270.8659 0.7524052 4462.682 12.39634 -81.19664 165.6829 183
25001 0.1666667 1 270.8659 0.7524052 4462.682 12.39634 -81.20916 165.6786 183
25001 0.1666667 1 270.8659 0.7524052 4462.682 12.39634 -81.22168 165.6743 183
25001 0.1666667 1 270.8659 0.7524052 4462.682 12.39634 -81.2342 165.67 183
25001 0.1666667 1 270.8659 0.7524052 4462.682 12.39634 -81.24673 165.6657 183
25001 0.1666667 1 270.8659 0.7524052 4462.682 12.39634 -81.25925 165.6614 183
25001 0.1666667 1 270.8659 0.7524052 4462.682 12.39634 -81.27177 165.657 183
25001 0.1666667 1 270.8659 0.7524052 4462.682 12.39634 -81.2843 165.6527 183
25001 0.1666667 1 270.8659 0.7524052 4462.682 12.39634 -81.29682 165.6484 183
25001 0.1666667 1 270.8659 0.7524052 4462.682 12.39634 -81.30934 165.644 183
25001 0.1666667 1 270.8659 0.7524052 4462.682 12.39634 -81.32186 165.6397 183
25001 0.1666667 1 270.8659 0.7524052 4462.682 12.39634 -81.33439 165.6353 183
25001 0.1666667 1 270.8659 0.7524052 4462.682 12.39634 -81.34691 165.631 183
25001 0.1666667 1 270.8659 0.7524052 4462.682 12.39634 -81.35943 165.6266 183
25001 0.1666667 1 270.8659 0.7524052 4462.682 12.39634 -81.37196 165.6222 183
25001 0.1666667 1 270.8659 0.7524052 4462.682 12.39634 -81.38448 165.6179 183
25001 0.1666667 1 270.8659 0.7524052 4462.682 12.39634 -81.397 165.6135 183
25001 0.1666667 1 270.8659 0.7524052 4462.682 12.39634 -81.40953 165.6091 183
25001 0.1666667 1 270.8659 0.7524052 4462.682 12.39634 -81.42205 165.6047 183
25001 0.1666667 1 270.8659 0.7524052 4462.682 12.39634 -81.43457 165.6003 183
25001 0.1666667 1 270.8659 0.7524052 4462.682 12.39634 -81.44709 165.5959 183
25001 0.1666667 1 270.8659 0.7524052 4462.682 12.39634 -81.45962 165.5915 183
25001 0.1666667 1 270.8659 0.7524052 4462.682 12.39634 -81.47214 165.587 183
25001 0.1666667 1 270.8659 0.7524052 4462.682 12.39634 -81.48466 165.5826 183
25001 0.1666667 1 270.8659 0.7524052 4462.682 12.39634 -81.49719 165.5782 183
25001 0.1666667 1 270.8659 0.7524052 4462.682 12.39634 -81.50971 165.5737 183
25001 0.1666667 1 270.8659 0.7524052 4462.682 12.39634 -81.52223 165.5693 183
25001 0.1666667 1 270.8659 0.7524052 4462.682 12.39634 -81.53475 165.5648 183
25001 0.1666667 1 270.8659 0.7524052 4462.682 12.39634 -81.54728 165.5604 183
25001 0.1666667 1 270.8659 0.7524052 4462.682 12.39634 -81.5598 165.5559 183
25001 0.1666667 1 270.8659 0.7524052 4462.682 12.39634 -81.57232 165.5514 183
25001 0.1666667 1 270.8659 0.7524052 4462.682 12.39634 -81.58485 165.5469 183
25001 0.1666667 1 270.8659 0.7524052 4462.682 12.39634 -81.59737 165.5425 183
25001 0.1666667 1 270.8659 0.7524052 4462.682 12.39634 -81.60989 165.538 183
25001 0.1666667 1 270.8659 0.7524052 4462.682 12.39634 -81.62241 165.5335 183
25001 0.1666667 1 270.8659 0.7524052 4462.682 12.39634 -81.63494 165.529 183
25001 0.1666667 1 270.8659 0.7524052 4462.682 12.39634 -81.64746 165.5244 183
25001 0.1666667 1 270.8659 0.7524052 4462.682 12.39634 -81.65998 165.5199 183
25001 0.1666667 1 270.8659 0.7524052 4462.682 12.39634 -81.67251 165.5154 183
25001 0.1666667 1 270.8659 0.7524052 4462.682 12.39634 -81.68503 165.5109 183
25001 0.1666667 1 270.8659 0.7524052 4462.682 12.39634 -81.69755 165.5063 183
25001 0.1666667 1 270.8659 0.7524052 4462.682 12.39634 -81.71007 165.5018 183
25001 0.1666667 1 270.8659 0.7524052 4462.682 12.39634 -81.7226 165.4972 183
25001 0.1666667 1 270.8659 0.7524052 4462.682 12.39634 -81.73512 165.4926 183
25001 0.1666667 1 270.8659 0.7524052 4462.682 12.39634 -81.74764 165.4881 183
25001 0.1666667 1 270.8659 0.7524052 4462.682 12.39634 -81.76017 165.4835 183
25001 0.1666667 1 270.8659 0.7524052 4462.682 12.39634 -81.77269 165.4789 183
25001 0.1666667 1 270.8659 0.7524052 4462.682 12.39634 -81.78521 165.4743 183
25001 0.1666667 1 270.8659 0.7524052 4462.682 12.39634 -81.79773 165.4697 183
25001 0.1666667 1 270.8659 0.7524052 4462.682 12.39634 -81.81026 165.4651 183
25001 0.1666667 1 270.8659 0.7524052 4462.682 12.39634 -81.82278 165.4605 183
25001 0.1666667 1 270.8659 0.7524052 4462.682 12.39634 -81.8353 165.4559 183
25001 0.1666667 1 270.8659 0.7524052 4462.682 12.39634 -81.84783 165.4513 183
25001 0.1666667 1 270.8659 0.7524052 4462.682 12.39634 -81.86035 165.4466 183
25001 0.1666667 1 270.8659 0.7524052 4462.682 12.39634 -81.87287 165.442 183
25001 0.1666667 1 270.8659 0.7524052 4462.682 12.39634 -81.8854 165.4374 183
25001 0.1666667 1 270.8659 0.7524052 4462.682 12.39634 -81.89792 165.4327 183
25001 0.1666667 1 270.8659 0.7524052 4462.682 12.39634 -81.91044 165.428 183
25001 0.1666667 1 270.8659 0.7524052 4462.682 12.39634 -81.92296 165.4234 183
25001 0.1666667 1 270.8659 0.7524052 4462.682 12.39634 -81.93549 165.4187 183
24967.67 0.1666667 1 270.7665 0.7523568 4464.669 12.39731 -81.94801 165.414 183
24867.67 0.1666667 1 270.4528 0.751679 4470.944 12.41086 -81.96052 165.4093 183
24767.67 0.1666667 1 270.1391 0.7508076 4477.218 12.42829 -81.97302 165.4047 183
24667.67 0.1666667 1 269.8254 0.7499361 4483.493 12.44572 -81.9855 165.4 183
24567.67 0.1666667 1 269.5116 0.7490646 4489.767 12.46315 -81.99797 165.3953 183
24467.67 0.1666667 1 269.1979 0.7481932 4496.042 12.48058 -82.01042 165.3906 183
24367.67 0.1666667 1 268.8842 0.7473217 4502.316 12.49801 -82.02286 165.3859 183
24267.67 0.1666667 1 268.5705 0.7464503 4508.591 12.51544 -82.03528 165.3812 183
24167.67 0.1666667 1 268.2567 0.7455788 4514.865 12.53287 -82.04769 165.3765 183
24067.67 0.1666667 1 267.943 0.7447073 4521.14 12.5503 -82.06008 165.3718 183
23967.67 0.1666667 1 267.6293 0.7438359 4527.414 12.56773 -82.07246 165.3671 183
23867.67 0.1666667 1 267.3156 0.7429644 4533.689 12.58516 -82.08483 165.3624 183
23767.67 0.1666667 1 267.0018 0.742093 4539.963 12.60259 -82.09718 165.3577 183
23667.67 0.1666667 1 266.6881 0.7412215 4546.238 12.62001 -82.10952 165.353 183
23567.67 0.1666667 1 266.3744 0.74035 4552.512 12.63744 -82.12184 165.3483 183
23467.67 0.1666667 1 266.0607 0.7394786 4558.787 12.65487 -82.13415 165.3436 183
23367.67 0.1666667 1 265.7469 0.7386071 4565.061 12.6723 -82.14644 165.3389 183
23267.67 0.1666667 1 265.4332 0.7377357 4571.336 12.68973 -82.15872 165.3341 183
23167.67 0.1666667 1 265.1195 0.7368642 4577.61 12.70716 -82.17098 165.3294 183
23067.67 0.1666667 1 264.8058 0.7359927 4583.885 12.72459 -82.18323 165.3247 183
22967.67 0.1666667 1 264.492 0.7351213 4590.159 12.74202 -82.19547 165.32 183
22867.67 0.1666667 1 264.1783 0.7342498 4596.434 12.75945 -82.20769 165.3153 183
22767.67 0.1666667 1 263.8646 0.7333784 4602.708 12.77688 -82.2199 165.3106 183
22667.67 0.1666667 1 263.5508 0.7325069 4608.983 12.79431 -82.23209 165.3058 183
22567.67 0.1666667 1 263.2371 0.7316354 4615.258 12.81174 -82.24427 165.3011 183
22467.67 0.1666667 1 262.9234 0.730764 4621.532 12.82916 -82.25643 165.2964 183
22367.67 0.1666667 1 262.6097 0.7298925 4627.807 12.84659 -82.26858 165.2916 183
22267.67 0.1666667 1 262.2959 0.7290211 4634.081 12.86402 -82.28071 165.2869 183
22167.67 0.1666667 1 261.9822 0.7281496 4640.356 12.88145 -82.29283 165.2822 183
22067.67 0.1666667 1 261.6685 0.7272781 4646.63 12.89888 -82.30493 165.2774 183
21967.67 0.1666667 1 261.3548 0.7264067 4652.905 12.91631 -82.31702 165.2727 183
21867.67 0.1666667 1 261.041 0.7255352 4659.179 12.93374 -82.3291 165.268 183
21767.67 0.1666667 1 260.7273 0.7246638 4665.454 12.95117 -82.34116 165.2632 183
21667.67 0.1666667 1 260.4136 0.7237923 4671.728 12.9686 -82.35321 165.2585 183
21567.67 0.1666667 1 260.0999 0.7229208 4678.003 12.98603 -82.36524 165.2538 183
21467.67 0.1666667 1 259.7861 0.7220494 4684.277 13.00346 -82.37726 165.249 183
21367.67 0.1666667 1 259.4724 0.7211779 4690.552 13.02089 -82.38926 165.2443 183
21267.67 0.1666667 1 259.1587 0.7203065 4696.826 13.03832 -82.40125 165.2395 183
21167.67 0.1666667 1 258.845 0.719435 4703.101 13.05574 -82.41322 165.2348 183
21067.67 0.1666667 1 258.5312 0.7185635 4709.375 13.07317 -82.42518 165.23 183
20967.67 0.1666667 1 258.2175 0.7176921 4715.65 13.0906 -82.43713 165.2253 183
20867.67 0.1666667 1 257.9038 0.7168206 4721.924 13.10803 -82.44906 165.2205 183
20767.67 0.1666667 1 257.5901 0.7159492 4728.199 13.12546 -82.46097 165.2158 183
20667.67 0.1666667 1 257.2763 0.7150777 4734.473 13.14289 -82.47288 165.211 183
20567.67 0.1666667 1 256.9626 0.7142062 4740.748 13.16032 -82.48476 165.2062 183
20467.67 0.1666667 1 256.6489 0.7133348 4747.022 13.17775 -82.49664 165.2015 183
20367.67 0.1666667 1 256.3352 0.7124633 4753.297 13.19518 -82.50849 165.1967 183
20267.67 0.1666667 1 256.0214 0.7115919 4759.571 13.21261 -82.52034 165.1919 183
20167.67 0.1666667 1 255.7077 0.7107204 4765.846 13.23004 -82.53217 165.1872 183
20067.67 0.1666667 1 255.394 0.7098489 4772.12 13.24747 -82.54398 165.1824 183
19967.67 0.1666667 1 255.0803 0.7089775 4778.395 13.26489 -82.55578 165.1776 183
19867.67 0.1666667 1 254.7665 0.708106 4784.669 13.28232 -82.56757 165.1729 183
19767.67 0.1666667 1 254.4528 0.7072346 4790.944 13.29975 -82.57934 165.1681 183
19667.67 0.1666667 1 254.1391 0.7063631 4797.218 13.31718 -82.5911 165.1633 183
19567.67 0.1666667 1 253.8254 0.7054916 4803.493 13.33461 -82.60284 165.1585 183
19467.67 0.1666667 1 253.5116 0.7046202 4809.767 13.35204 -82.61456 165.1538 183
19367.67 0.1666667 1 253.1979 0.7037487 4816.042 13.36947 -82.62628 165.149 183
19267.67 0.1666667 1 252.8842 0.7028773 4822.316 13.3869 -82.63798 165.1442 183
19167.67 0.1666667 1 252.5705 0.7020058 4828.591 13.40433 -82.64966 165.1394 183
19067.67 0.1666667 1 252.2567 0.7011344 4834.865 13.42176 -82.66133 165.1346 183
18967.67 0.1666667 1 251.943 0.7002629 4841.14 13.43919 -82.67299 165.1299 183
18867.67 0.1666667 1 251.6293 0.6993914 4847.414 13.45662 -82.68463 165.1251 183
18767.67 0.1666667 1 251.3156 0.69852 4853.689 13.47405 -82.69625 165.1203 183
18667.67 0.1666667 1 251.0018 0.6976485 4859.963 13.49147 -82.70786 165.1155 183
18567.67 0.1666667 1 250.6881 0.6967771 4866.238 13.5089 -82.71946 165.1107 183
18467.67 0.1666667 1 250.3744 0.6959056 4872.512 13.52633 -82.73104 165.1059 183
18367.67 0.1666667 1 250.0607 0.6950341 4878.787 13.54376 -82.74261 165.1011 183
18267.67 0.1666667 1 249.7469 0.6941627 4885.061 13.56119 -82.75416 165.0963 183
18167.67 0.1666667 1 249.4332 0.6932912 4891.336 13.57862 -82.7657 165.0915 183
18067.67 0.1666667 1 249.1195 0.6924198 4897.61 13.59605 -82.77723 165.0867 183
17967.67 0.1666667 1 248.8058 0.6915483 4903.885 13.61348 -82.78874 165.0819 183
17867.67 0.1666667 1 248.492 0.6906768 4910.159 13.63091 -82.80023 165.0771 183
17767.67 0.1666667 1 248.1783 0.6898054 4916.434 13.64834 -82.81171 165.0723 183
17667.67 0.1666667 1 247.8646 0.6889339 4922.708 13.66577 -82.82318 165.0675 183
17567.67 0.1666667 1 247.5508 0.6880625 4928.983 13.6832 -82.83462 165.0611 184
17467.67 0.1666667 1 247.2371 0.687191 4935.258 13.70062 -82.84605 165.0547 184
17367.67 0.1666667 1 246.9234 0.6863195 4941.532 13.71805 -82.85746 165.0483 184
17267.67 0.1666667 1 246.6097 0.6854481 4947.807 13.73548 -82.86885 165.0419 184
17167.67 0.1666667 1 246.2959 0.6845766 4954.081 13.75291 -82.88024 165.0355 184
17067.67 0.1666667 1 245.9822 0.6837052 4960.356 13.77034 -82.8916 165.029 184
16967.67 0.1666667 1 245.6685 0.6828337 4966.63 13.78777 -82.90296 165.0226 184
16867.67 0.1666667 1 245.3548 0.6819622 4972.905 13.8052 -82.91429 165.0162 184
16767.67 0.1666667 1 245.041 0.6810908 4979.179 13.82263 -82.92562 165.0098 184
16667.67 0.1666667 1 244.7273 0.6802193 4985.454 13.84006 -82.93693 165.0034 184
16567.67 0.1666667 1 244.4136 0.6793479 4991.728 13.85749 -82.94822 164.9969 184
16467.67 0.1666667 1 244.0999 0.6784764 4998.003 13.87492 -82.9595 164.9905 184
16367.67 0.1666667 1 243.7861 0.6776049 5004.277 13.89235 -82.97077 164.9841 184
16267.67 0.1666667 1 243.4724 0.6767335 5010.552 13.90977 -82.98202 164.9776 184
16167.67 0.1666667 1 243.1587 0.675862 5016.826 13.9272 -82.99326 164.9712 184
16067.67 0.1666667 1 242.845 0.6749906 5023.101 13.94463 -83.00448 164.9648 184
15967.67 0.1666667 1 242.5312 0.6741191 5029.375 13.96206 -83.01569 164.9583 184
15867.67 0.1666667 1 242.2175 0.6732476 5035.65 13.97949 -83.02688 164.9519 184
15767.67 0.1666667 1 241.9038 0.6723762 5041.924 13.99692 -83.03806 164.9454 184
15667.67 0.1666667 1 241.5901 0.6715047 5048.199 14.01435 -83.04922 164.939 184
15567.67 0.1666667 1 241.2763 0.6706333 5054.473 14.03178 -83.06037 164.9325 184
15467.67 0.1666667 1 240.9626 0.6697618 5060.748 14.04921 -83.07151 164.9261 184
15367.67 0.1666667 1 240.6489 0.6688903 5067.022 14.06664 -83.08263 164.9196 184
15267.67 0.1666667 1 240.3352 0.6680189 5073.297 14.08407 -83.09374 164.9132 184
15167.67 0.1666667 1 240.0214 0.6671474 5079.571 14.1015 -83.10483 164.9067 184
15067.67 0.1666667 1 239.7077 0.666276 5085.846 14.11893 -83.11591 164.9003 184
14967.67 0.1666667 1 239.394 0.6654045 5092.12 14.13635 -83.12697 164.8938 184
14867.67 0.1666667 1 239.0803 0.664533 5098.395 14.15378 -83.13802 164.8873 184
14767.67 0.1666667 1 238.7665 0.6636616 5104.669 14.17121 -83.14905 164.8809 184
14667.67 0.1666667 1 238.4528 0.6627901 5110.944 14.18864 -83.16007 164.8744 184
14567.67 0.1666667 1 238.1391 0.6619187 5117.218 14.20607 -83.17108 164.868 184
14467.67 0.1666667 1 237.8254 0.6610472 5123.493 14.2235 -83.18207 164.8615 184
14367.67 0.1666667 1 237.5116 0.6601757 5129.767 14.24093 -83.19304 164.855 184
14267.67 0.1666667 1 237.1979 0.6593043 5136.042 14.25836 -83.20401 164.8485 184
14167.67 0.1666667 1 236.8842 0.6584328 5142.316 14.27579 -83.21495 164.8421 184
14067.67 0.1666667 1 236.5705 0.6575614 5148.591 14.29322 -83.22588 164.8356 184
13967.67 0.1666667 1 236.2567 0.6566899 5154.865 14.31065 -83.2368 164.8291 184
13867.67 0.1666667 1 235.943 0.6558184 5161.14 14.32808 -83.24771 164.8226 184
13767.67 0.1666667 1 235.6293 0.654947 5167.414 14.3455 -83.2586 164.8162 184
13667.67 0.1666667 1 235.3156 0.6540755 5173.689 14.36293 -83.26947 164.8097 184
13567.67 0.1666667 1 235.0018 0.6532041 5179.963 14.38036 -83.28033 164.8032 184
13467.67 0.1666667 1 234.6881 0.6523326 5186.238 14.39779 -83.29118 164.7967 184
13367.67 0.1666667 1 234.3744 0.6514611 5192.512 14.41522 -83.30201 164.7902 184
13267.67 0.1666667 1 234.0607 0.6505897 5198.787 14.43265 -83.31282 164.7837 184
13167.67 0.1666667 1 233.7469 0.6497182 5205.061 14.45008 -83.32363 164.7772 184
13067.67 0.1666667 1 233.4332 0.6488468 5211.336 14.46751 -83.33441 164.7707 184
12967.67 0.1666667 1 233.1195 0.6479753 5217.61 14.48494 -83.34519 164.7642 184
12867.67 0.1666667 1 232.8058 0.6471038 5223.885 14.50237 -83.35595 164.7577 184
12767.67 0.1666667 1 232.492 0.6462324 5230.159 14.5198 -83.36669 164.7512 184
12667.67 0.1666667 1 232.1783 0.6453609 5236.434 14.53723 -83.37742 164.7447 184
12567.67 0.1666667 1 231.8646 0.6444895 5242.708 14.55466 -83.38814 164.7382 184
12467.67 0.1666667 1 231.5508 0.643618 5248.983 14.57208 -83.39884 164.7317 184
12367.67 0.1666667 1 231.2371 0.6427466 5255.258 14.58951 -83.40952 164.7252 184
12267.67 0.1666667 1 230.9234 0.6418751 5261.532 14.60694 -83.4202 164.7187 184
12167.67 0.1666667 1 230.6097 0.6410036 5267.807 14.62437 -83.43085 164.7122 184
12067.67 0.1666667 1 230.2959 0.6401322 5274.081 14.6418 -83.4415 164.7057 184
11967.67 0.1666667 1 229.9822 0.6392607 5280.356 14.65923 -83.45212 164.6992 184
11867.67 0.1666667 1 229.6685 0.6383893 5286.63 14.67666 -83.46274 164.6927 184
11767.67 0.1666667 1 229.3548 0.6375178 5292.905 14.69409 -83.47334 164.6862 184
11667.67 0.1666667 1 229.041 0.6366463 5299.179 14.71152 -83.48392 164.6796 184
11567.67 0.1666667 1 228.7273 0.6357749 5305.454 14.72895 -83.4945 164.6747 183
11467.67 0.1666667 1 228.4136 0.6349034 5311.728 14.74638 -83.50507 164.6698 183
11367.67 0.1666667 1 228.0999 0.634032 5318.003 14.76381 -83.51562 164.6649 183
11267.67 0.1666667 1 227.7861 0.6331605 5324.277 14.78123 -83.52616 164.66 183
11167.67 0.1666667 1 227.4724 0.632289 5330.552 14.79866 -83.53669 164.6551 183
11067.67 0.1666667 1 227.1587 0.6314176 5336.826 14.81609 -83.54719 164.6503 183
10967.67 0.1666667 1 226.845 0.6305461 5343.101 14.83352 -83.55768 164.6438 184
10867.67 0.1666667 1 226.5312 0.6296747 5349.375 14.85095 -83.56815 164.6372 184
10767.67 0.1666667 1 226.2175 0.6288032 5355.65 14.86838 -83.5786 164.6307 184
10667.67 0.1666667 1 225.9038 0.6279317 5361.924 14.88581 -83.58904 164.6242 184
10567.67 0.1666667 1 225.5901 0.6270603 5368.199 14.90324 -83.59947 164.6176 184
10467.67 0.1666667 1 225.2763 0.6261888 5374.473 14.92067 -83.60988 164.6111 184
10367.67 0.1666667 1 224.9626 0.6253174 5380.748 14.9381 -83.62028 164.6046 184
10267.67 0.1666667 1 224.6489 0.6244459 5387.022 14.95553 -83.63066 164.598 184
10167.67 0.1666667 1 224.3352 0.6235744 5393.297 14.97296 -83.64102 164.5915 184
10067.67 0.1666667 1 224.0214 0.622703 5399.571 14.99038 -83.65138 164.5849 184
9967.667 0.1666667 1 223.7077 0.6218315 5405.846 15.00781 -83.66172 164.5784 184
9867.667 0.1666667 1 223.394 0.6209601 5412.12 15.02524 -83.67204 164.5718 184
9767.667 0.1666667 1 223.0803 0.6200886 5418.395 15.04267 -83.68235 164.5653 184
9667.667 0.1666667 1 222.7665 0.6192171 5424.669 15.0601 -83.69265 164.5587 184
9567.667 0.1666667 1 222.4528 0.6183457 5430.944 15.07753 -83.70293 164.5522 184
9467.667 0.1666667 1 222.1391 0.6174742 5437.218 15.09496 -83.71319 164.5456 184
9367.667 0.1666667 1 221.8254 0.6166028 5443.493 15.11239 -83.72344 164.5391 184
9267.667 0.1666667 1 221.5116 0.6157313 5449.767 15.12982 -83.73368 164.5325 184
9167.667 0.1666667 1 221.1979 0.6148598 5456.042 15.14725 -83.74391 164.5276 183
9067.667 0.1666667 1 220.8842 0.6139884 5462.316 15.16468 -83.75413 164.5227 183
8967.667 0.1666667 1 220.5705 0.6131169 5468.591 15.18211 -83.76434 164.5178 183
8867.667 0.1666667 1 220.2567 0.6122455 5474.865 15.19954 -83.77453 164.5128 183
8767.667 0.1666667 1 219.943 0.611374 5481.14 15.21696 -83.7847 164.5079 183
8667.667 0.1666667 1 219.6293 0.6105025 5487.414 15.23439 -83.79486 164.503 183
8567.667 0.1666667 1 219.3156 0.6096311 5493.689 15.25182 -83.805 164.4965 184
8467.667 0.1666667 1 219.0018 0.6087596 5499.963 15.26925 -83.81512 164.4899 184
8367.667 0.1666667 1 218.6881 0.6078882 5506.238 15.28668 -83.82523 164.4833 184
8267.667 0.1666667 1 218.3744 0.6070167 5512.512 15.30411 -83.83532 164.4768 184
8167.667 0.1666667 1 218.0607 0.6061452 5518.787 15.32154 -83.8454 164.4702 184
8067.667 0.1666667 1 217.7469 0.6052738 5525.061 15.33897 -83.85546 164.4636 184
7967.667 0.1666667 1 217.4332 0.6044023 5531.336 15.3564 -83.86551 164.4571 184
7867.667 0.1666667 1 217.1195 0.6035309 5537.61 15.37383 -83.87555 164.4505 184
7767.667 0.1666667 1 216.8058 0.6026594 5543.885 15.39126 -83.88557 164.4439 184
7667.667 0.1666667 1 216.492 0.6017879 5550.159 15.40869 -83.89557 164.4373 184
7567.667 0.1666667 1 216.1783 0.6009165 5556.434 15.42611 -83.90556 164.4308 184
7467.667 0.1666667 1 215.8646 0.600045 5562.708 15.44354 -83.91554 164.4242 184
7367.667 0.1666667 1 215.5508 0.5991736 5568.983 15.46097 -83.92551 164.4192 183
7267.667 0.1666667 1 215.2371 0.5983021 5575.258 15.4784 -83.93547 164.4143 183
7167.667 0.1666667 1 214.9234 0.5974306 5581.532 15.49583 -83.94541 164.4094 183
7067.667 0.1666667 1 214.6097 0.5965592 5587.807 15.51326 -83.95534 164.4044 183
6967.667 0.1666667 1 214.2959 0.5956877 5594.081 15.53069 -83.96526 164.3995 183
6867.667 0.1666667 1 213.9822 0.5948163 5600.356 15.54812 -83.97516 164.3945 183
6767.667 0.1666667 1 213.6685 0.5939448 5606.63 15.56555 -83.98503 164.388 184
6667.667 0.1666667 1 213.3548 0.5930733 5612.905 15.58298 -83.99489 164.3814 184
6611 0.09444444 1 213.177 0.3356881 5616.46 8.838091 -84.00047 164.3777 184
6711 0.1666667 2 213.4803 0.5925795 5610.395 15.59285 -84.01035 164.3772 180
6811 0.1666667 2 213.794 0.593451 5604.12 15.57542 -84.02024 164.3772 180
6911 0.1666667 2 214.1077 0.5943224 5597.846 15.558 -84.03014 164.3772 180
7011 0.1666667 2 214.4214 0.5951939 5591.571 15.54057 -84.04006 164.3772 180
7111 0.1666667 2 214.7352 0.5960654 5585.297 15.52314 -84.05 164.3772 180
7211 0.1666667 2 215.0489 0.5969368 5579.022 15.50571 -84.05995 164.3772 180
7311 0.1666667 2 215.3626 0.5978083 5572.748 15.48828 -84.06991 164.3772 180
7411 0.1666667 2 215.6763 0.5986797 5566.473 15.47085 -84.07989 164.3772 180
7511 0.1666667 2 215.9901 0.5995512 5560.199 15.45342 -84.08988 164.3772 180
7611 0.1666667 2 216.3038 0.6004227 5553.924 15.43599 -84.09989 164.3772 180
7711 0.1666667 2 216.6175 0.6012941 5547.65 15.41856 -84.10991 164.3772 180
7811 0.1666667 2 216.9312 0.6021656 5541.375 15.40113 -84.11995 164.3772 180
7911 0.1666667 2 217.245 0.603037 5535.101 15.3837 -84.13 164.3772 180
8011 0.1666667 2 217.5587 0.6039085 5528.826 15.36627 -84.14006 164.3772 180
8111 0.1666667 2 217.8724 0.60478 5522.552 15.34885 -84.15014 164.3772 180
8211 0.1666667 2 218.1861 0.6056514 5516.277 15.33142 -84.16024 164.3772 180
8311 0.1666667 2 218.4999 0.6065229 5510.003 15.31399 -84.17034 164.3772 180
8411 0.1666667 2 218.8136 0.6073943 5503.728 15.29656 -84.18047 164.3772 180
8511 0.1666667 2 219.1273 0.6082658 5497.454 15.27913 -84.19061 164.3772 180
8611 0.1666667 2 219.441 0.6091373 5491.179 15.2617 -84.20076 164.3772 180
8711 0.1666667 2 219.7548 0.6100087 5484.905 15.24427 -84.21092 164.3772 180
8811 0.1666667 2 220.0685 0.6108802 5478.63 15.22684 -84.22111 164.3772 180
8911 0.1666667 2 220.3822 0.6117516 5472.356 15.20941 -84.2313 164.3772 180
9011 0.1666667 2 220.6959 0.6126231 5466.081 15.19198 -84.24151 164.3772 180
9111 0.1666667 2 221.0097 0.6134946 5459.807 15.17455 -84.25174 164.3772 180
9211 0.1666667 2 221.3234 0.614366 5453.532 15.15712 -84.26198 164.3772 180
9311 0.1666667 2 221.6371 0.6152375 5447.258 15.13969 -84.27223 164.3772 180
9411 0.1666667 2 221.9508 0.6161089 5440.983 15.12227 -84.2825 164.3772 180
9511 0.1666667 2 222.2646 0.6169804 5434.708 15.10484 -84.29278 164.3772 180
9611 0.1666667 2 222.5783 0.6178519 5428.434 15.08741 -84.30308 164.3772 180
9711 0.1666667 2 222.892 0.6187233 5422.159 15.06998 -84.31339 164.3772 180
9811 0.1666667 2 223.2058 0.6195948 5415.885 15.05255 -84.32372 164.3772 180
9911 0.1666667 2 223.5195 0.6204662 5409.61 15.03512 -84.33406 164.3772 180
10011 0.1666667 2 223.8332 0.6213377 5403.336 15.01769 -84.34441 164.3772 180
10111 0.1666667 2 224.1469 0.6222092 5397.061 15.00026 -84.35478 164.3772 180
10211 0.1666667 2 224.4607 0.6230806 5390.787 14.98283 -84.36517 164.3772 180
10311 0.1666667 2 224.7744 0.6239521 5384.512 14.9654 -84.37557 164.3772 180
10411 0.1666667 2 225.0881 0.6248235 5378.238 14.94797 -84.38598 164.3772 180
10511 0.1666667 2 225.4018 0.625695 5371.963 14.93054 -84.39641 164.3772 180
10611 0.1666667 2 225.7156 0.6265664 5365.689 14.91312 -84.40685 164.3772 180
10711 0.1666667 2 226.0293 0.6274379 5359.414 14.89569 -84.41731 164.3772 180
10811 0.1666667 2 226.343 0.6283094 5353.14 14.87826 -84.42778 164.3772 180
10911 0.1666667 2 226.6567 0.6291808 5346.865 14.86083 -84.43827 164.3772 180
11011 0.1666667 2 226.9705 0.6300523 5340.591 14.8434 -84.44877 164.3772 180
11111 0.1666667 2 227.2842 0.6309237 5334.316 14.82597 -84.45929 164.3772 180
11211 0.1666667 2 227.5979 0.6317952 5328.042 14.80854 -84.46982 164.3772 180
11311 0.1666667 2 227.9116 0.6326667 5321.767 14.79111 -84.48036 164.3772 180
11411 0.1666667 2 228.2254 0.6335381 5315.493 14.77368 -84.49092 164.3772 180
11511 0.1666667 2 228.5391 0.6344096 5309.218 14.75625 -84.50149 164.3772 180
11611 0.1666667 2 228.8528 0.635281 5302.944 14.73882 -84.51208 164.3772 180
11711 0.1666667 2 229.1665 0.6361525 5296.669 14.72139 -84.52268 164.3772 180
11811 0.1666667 2 229.4803 0.637024 5290.395 14.70397 -84.5333 164.3772 180
11911 0.1666667 2 229.794 0.6378954 5284.12 14.68654 -84.54393 164.3772 180
12011 0.1666667 2 230.1077 0.6387669 5277.846 14.66911 -84.55458 164.3772 180
12111 0.1666667 2 230.4214 0.6396383 5271.571 14.65168 -84.56524 164.3772 180
12211 0.1666667 2 230.7352 0.6405098 5265.297 14.63425 -84.57591 164.3772 180
12311 0.1666667 2 231.0489 0.6413813 5259.022 14.61682 -84.5866 164.3772 180
12411 0.1666667 2 231.3626 0.6422527 5252.748 14.59939 -84.59731 164.3772 180
12511 0.1666667 2 231.6763 0.6431242 5246.473 14.58196 -84.60803 164.3772 180
12611 0.1666667 2 231.9901 0.6439956 5240.199 14.56453 -84.61876 164.3772 180
12711 0.1666667 2 232.3038 0.6448671 5233.924 14.5471 -84.62951 164.3772 180
12811 0.1666667 2 232.6175 0.6457386 5227.65 14.52967 -84.64027 164.3772 180
12911 0.1666667 2 232.9312 0.64661 5221.375 14.51224 -84.65105 164.3772 180
13011 0.1666667 2 233.245 0.6474815 5215.101 14.49481 -84.66184 164.3772 180
13111 0.1666667 2 233.5587 0.6483529 5208.826 14.47739 -84.67264 164.3772 180
13211 0.1666667 2 233.8724 0.6492244 5202.552 14.45996 -84.68346 164.3772 180
13311 0.1666667 2 234.1861 0.6500959 5196.277 14.44253 -84.6943 164.3772 180
13411 0.1666667 2 234.4999 0.6509673 5190.003 14.4251 -84.70515 164.3772 180
13511 0.1666667 2 234.8136 0.6518388 5183.728 14.40767 -84.71601 164.3772 180
13611 0.1666667 2 235.1273 0.6527102 5177.454 14.39024 -84.72689 164.3772 180
13711 0.1666667 2 235.441 0.6535817 5171.179 14.37281 -84.73778 164.3772 180
13811 0.1666667 2 235.7548 0.6544532 5164.905 14.35538 -84.74869 164.3772 180
13911 0.1666667 2 236.0685 0.6553246 5158.63 14.33795 -84.75961 164.3772 180
14011 0.1666667 2 236.3822 0.6561961 5152.356 14.32052 -84.77055 164.3772 180
14111 0.1666667 2 236.6959 0.6570675 5146.081 14.30309 -84.7815 164.3772 180
14211 0.1666667 2 237.0097 0.657939 5139.807 14.28566 -84.79247 164.3772 180
14311 0.1666667 2 237.3234 0.6588105 5133.532 14.26824 -84.80345 164.3772 180
14411 0.1666667 2 237.6371 0.6596819 5127.258 14.25081 -84.81444 164.3772 180
14511 0.1666667 2 237.9508 0.6605534 5120.983 14.23338 -84.82545 164.3772 180
14611 0.1666667 2 238.2646 0.6614248 5114.708 14.21595 -84.83647 164.3772 180
14711 0.1666667 2 238.5783 0.6622963 5108.434 14.19852 -84.84751 164.3772 180
14811 0.1666667 2 238.892 0.6631678 5102.159 14.18109 -84.85857 164.3772 180
14911 0.1666667 2 239.2058 0.6640392 5095.885 14.16366 -84.86963 164.3772 180
15011 0.1666667 2 239.5195 0.6649107 5089.61 14.14623 -84.88071 164.3772 180
15111 0.1666667 2 239.8332 0.6657821 5083.336 14.1288 -84.89181 164.3772 180
15211 0.1666667 2 240.1469 0.6666536 5077.061 14.11137 -84.90292 164.3772 180
15311 0.1666667 2 240.4607 0.6675251 5070.787 14.09394 -84.91405 164.3772 180
15411 0.1666667 2 240.7744 0.6683965 5064.512 14.07651 -84.92519 164.3772 180
15511 0.1666667 2 241.0881 0.669268 5058.238 14.05908 -84.93634 164.3772 180
15611 0.1666667 2 241.4018 0.6701394 5051.963 14.04166 -84.94751 164.3772 180
15711 0.1666667 2 241.7156 0.6710109 5045.689 14.02423 -84.95869 164.3772 180
15811 0.1666667 2 242.0293 0.6718824 5039.414 14.0068 -84.96989 164.3772 180
15911 0.1666667 2 242.343 0.6727538 5033.14 13.98937 -84.9811 164.3772 180
16011 0.1666667 2 242.6567 0.6736253 5026.865 13.97194 -84.99233 164.3772 180
16111 0.1666667 2 242.9705 0.6744967 5020.591 13.95451 -85.00357 164.3772 180
16211 0.1666667 2 243.2842 0.6753682 5014.316 13.93708 -85.01483 164.3772 180
16311 0.1666667 2 243.5979 0.6762397 5008.042 13.91965 -85.0261 164.3772 180
16411 0.1666667 2 243.9116 0.6771111 5001.767 13.90222 -85.03739 164.3772 180
16511 0.1666667 2 244.2254 0.6779826 4995.493 13.88479 -85.04869 164.3772 180
16611 0.1666667 2 244.5391 0.678854 4989.218 13.86736 -85.06 164.3772 180
16711 0.1666667 2 244.8528 0.6797255 4982.944 13.84993 -85.07133 164.3772 180
16811 0.1666667 2 245.1665 0.6805969 4976.669 13.83251 -85.08267 164.3772 180
16911 0.1666667 2 245.4803 0.6814684 4970.395 13.81508 -85.09403 164.3772 180
17011 0.1666667 2 245.794 0.6823399 4964.12 13.79765 -85.1054 164.3772 180
17111 0.1666667 2 246.1077 0.6832113 4957.846 13.78022 -85.11679 164.3772 180
17211 0.1666667 2 246.4214 0.6840828 4951.571 13.76279 -85.12819 164.3772 180
17311 0.1666667 2 246.7352 0.6849542 4945.297 13.74536 -85.13961 164.3772 180
17411 0.1666667 2 247.0489 0.6858257 4939.022 13.72793 -85.15104 164.3772 180
17511 0.1666667 2 247.3626 0.6866972 4932.748 13.7105 -85.16248 164.3772 180
17611 0.1666667 2 247.6763 0.6875686 4926.473 13.69307 -85.17394 164.3772 180
17711 0.1666667 2 247.9901 0.6884401 4920.199 13.67564 -85.18541 164.3772 180
17811 0.1666667 2 248.3038 0.6893115 4913.924 13.65821 -85.1969 164.3772 180
17911 0.1666667 2 248.6175 0.690183 4907.65 13.64078 -85.20841 164.3772 180
18011 0.1666667 2 248.9312 0.6910545 4901.375 13.62336 -85.21992 164.3772 180
18111 0.1666667 2 249.245 0.6919259 4895.101 13.60593 -85.23146 164.3772 180
18211 0.1666667 2 249.5587 0.6927974 4888.826 13.5885 -85.243 164.3772 180
18311 0.1666667 2 249.8724 0.6936688 4882.552 13.57107 -85.25456 164.3772 180
18411 0.1666667 2 250.1861 0.6945403 4876.277 13.55364 -85.26614 164.3772 180
18511 0.1666667 2 250.4999 0.6954118 4870.003 13.53621 -85.27773 164.3772 180
18611 0.1666667 2 250.8136 0.6962832 4863.728 13.51878 -85.28933 164.3772 180
18711 0.1666667 2 251.1273 0.6971547 4857.454 13.50135 -85.30095 164.3772 180
18811 0.1666667 2 251.441 0.6980261 4851.179 13.48392 -85.31259 164.3772 180
18911 0.1666667 2 251.7548 0.6988976 4844.905 13.46649 -85.32424 164.3772 180
19011 0.1666667 2 252.0685 0.6997691 4838.63 13.44906 -85.3359 164.3772 180
19111 0.1666667 2 252.3822 0.7006405 4832.356 13.43163 -85.34758 164.3772 180
19211 0.1666667 2 252.6959 0.701512 4826.081 13.4142 -85.35927 164.3772 180
19311 0.1666667 2 253.0097 0.7023834 4819.807 13.39678 -85.37097 164.3772 180
19411 0.1666667 2 253.3234 0.7032549 4813.532 13.37935 -85.38269 164.3772 180
19511 0.1666667 2 253.6371 0.7041264 4807.258 13.36192 -85.39443 164.3772 180
19611 0.1666667 2 253.9508 0.7049978 4800.983 13.34449 -85.40618 164.3772 180
19711 0.1666667 2 254.2646 0.7058693 4794.708 13.32706 -85.41794 164.3772 180
19811 0.1666667 2 254.5783 0.7067407 4788.434 13.30963 -85.42972 164.3772 180
19911 0.1666667 2 254.892 0.7076122 4782.159 13.2922 -85.44152 164.3772 180
20011 0.1666667 2 255.2058 0.7084837 4775.885 13.27477 -85.45333 164.3772 180
20111 0.1666667 2 255.5195 0.7093551 4769.61 13.25734 -85.46515 164.3772 180
20211 0.1666667 2 255.8332 0.7102266 4763.336 13.23991 -85.47698 164.3772 180
20311 0.1666667 2 256.1469 0.711098 4757.061 13.22248 -85.48884 164.3772 180
20411 0.1666667 2 256.4607 0.7119695 4750.787 13.20505 -85.5007 164.3772 180
20511 0.1666667 2 256.7744 0.712841 4744.512 13.18763 -85.51258 164.3772 180
20611 0.1666667 2 257.0881 0.7137124 4738.238 13.1702 -85.52448 164.3772 180
20711 0.1666667 2 257.4018 0.7145839 4731.963 13.15277 -85.53639 164.3772 180
20811 0.1666667 2 257.7156 0.7154553 4725.689 13.13534 -85.54831 164.3772 180
20911 0.1666667 2 258.0293 0.7163268 4719.414 13.11791 -85.56025 164.3772 180
21011 0.1666667 2 258.343 0.7171983 4713.14 13.10048 -85.5722 164.3772 180
21111 0.1666667 2 258.6567 0.7180697 4706.865 13.08305 -85.58417 164.3772 180
21211 0.1666667 2 258.9705 0.7189412 4700.591 13.06562 -85.59615 164.3772 180
21311 0.1666667 2 259.2842 0.7198126 4694.316 13.04819 -85.60815 164.3772 180
21411 0.1666667 2 259.5979 0.7206841 4688.042 13.03076 -85.62016 164.3772 180
21511 0.1666667 2 259.9116 0.7215556 4681.767 13.01333 -85.63219 164.3772 180
21611 0.1666667 2 260.2254 0.722427 4675.493 12.9959 -85.64423 164.3772 180
21711 0.1666667 2 260.5391 0.7232985 4669.218 12.97847 -85.65628 164.3772 180
21811 0.1666667 2 260.8528 0.7241699 4662.944 12.96105 -85.66835 164.3772 180
21911 0.1666667 2 261.1665 0.7250414 4656.669 12.94362 -85.68044 164.3772 180
22011 0.1666667 2 261.4803 0.7259129 4650.395 12.92619 -85.69254 164.3772 180
22111 0.1666667 2 261.794 0.7267843 4644.12 12.90876 -85.70465 164.3772 180
22211 0.1666667 2 262.1077 0.7276558 4637.846 12.89133 -85.71678 164.3772 180
22311 0.1666667 2 262.4214 0.7285272 4631.571 12.8739 -85.72892 164.3772 180
22411 0.1666667 2 262.7352 0.7293987 4625.297 12.85647 -85.74108 164.3772 180
22511 0.1666667 2 263.0489 0.7302702 4619.022 12.83904 -85.75325 164.3772 180
22611 0.1666667 2 263.3626 0.7311416 4612.748 12.82161 -85.76543 164.3772 180
22711 0.1666667 2 263.6763 0.7320131 4606.473 12.80418 -85.77763 164.3772 180
22811 0.1666667 2 263.9901 0.7328845 4600.199 12.78675 -85.78985 164.3772 180
22911 0.1666667 2 264.3038 0.733756 4593.924 12.76932 -85.80208 164.3772 180
23011 0.1666667 2 264.6175 0.7346275 4587.65 12.7519 -85.81432 164.3772 180
23111 0.1666667 2 264.9312 0.7354989 4581.375 12.73447 -85.82658 164.3772 180
23211 0.1666667 2 265.245 0.7363704 4575.101 12.71704 -85.83885 164.3772 180
23311 0.1666667 2 265.5587 0.7372418 4568.826 12.69961 -85.85114 164.3772 180
23411 0.1666667 2 265.8724 0.7381133 4562.552 12.68218 -85.86344 164.3772 180
23511 0.1666667 2 266.1861 0.7389847 4556.277 12.66475 -85.87576 164.3772 180
23611 0.1666667 2 266.4999 0.7398562 4550.003 12.64732 -85.88809 164.3772 180
23711 0.1666667 2 266.8136 0.7407277 4543.728 12.62989 -85.90043 164.3772 180
23811 0.1666667 2 267.1273 0.7415991 4537.454 12.61246 -85.91279 164.3772 180
23911 0.1666667 2 267.441 0.7424706 4531.179 12.59503 -85.92517 164.3772 180
24011 0.1666667 2 267.7548 0.743342 4524.905 12.5776 -85.93756 164.3772 180
24111 0.1666667 2 268.0685 0.7442135 4518.63 12.56017 -85.94996 164.3772 180
24211 0.1666667 2 268.3822 0.745085 4512.356 12.54275 -85.96238 164.3772 180
24311 0.1666667 2 268.6959 0.7459564 4506.081 12.52532 -85.97481 164.3772 180
24411 0.1666667 2 269.0097 0.7468279 4499.807 12.50789 -85.98726 164.3772 180
24511 0.1666667 2 269.3234 0.7476993 4493.532 12.49046 -85.99972 164.3772 180
24611 0.1666667 2 269.6371 0.7485708 4487.258 12.47303 -86.0122 164.3772 180
24711 0.1666667 2 269.9508 0.7494423 4480.983 12.4556 -86.02469 164.3772 180
24811 0.1666667 2 270.2646 0.7503137 4474.708 12.43817 -86.03719 164.3772 180
24911 0.1666667 2 270.5783 0.7511852 4468.434 12.42074 -86.04971 164.3772 180
25001 0.15 2 270.8607 0.6768118 4462.787 11.16376 -86.06099 164.3772 180
25001 0.1666667 2 270.8659 0.7524052 4462.682 12.39634 -86.07353 164.3772 180
25001 0.1666667 2 270.8659 0.7524052 4462.682 12.39634 -86.08607 164.3772 180
25001 0.1666667 2 270.8659 0.7524052 4462.682 12.39634 -86.09861 164.3772 180
25001 0.1666667 2 270.8659 0.7524052 4462.682 12.39634 -86.11115 164.3772 180
25001 0.1666667 2 270.8659 0.7524052 4462.682 12.39634 -86.12369 164.3772 180
25001 0.1666667 2 270.8659 0.7524052 4462.682 12.39634 -86.13623 164.3772 180
25001 0.1666667 2 270.8659 0.7524052 4462.682 12.39634 -86.14877 164.3772 180
25001 0.1666667 2 270.8659 0.7524052 4462.682 12.39634 -86.16131 164.3772 180
25001 0.1666667 2 270.8659 0.7524052 4462.682 12.39634 -86.17385 164.3772 180
25001 0.1666667 2 270.8659 0.7524052 4462.682 12.39634 -86.18639 164.3772 180
25001 0.1666667 2 270.8659 0.7524052 4462.682 12.39634 -86.19893 164.3772 180
25001 0.1666667 2 270.8659 0.7524052 4462.682 12.39634 -86.21147 164.3772 180
25001 0.1666667 2 270.8659 0.7524052 4462.682 12.39634 -86.22401 164.3772 180
25001 0.1666667 2 270.8659 0.7524052 4462.682 12.39634 -86.23655 164.3772 180
25001 0.1666667 2 270.8659 0.7524052 4462.682 12.39634 -86.24909 164.3772 180
25001 0.1666667 2 270.8659 0.7524052 4462.682 12.39634 -86.26163 164.3772 180
25001 0.1666667 2 270.8659 0.7524052 4462.682 12.39634 -86.27417 164.3772 180
25001 0.1666667 2 270.8659 0.7524052 4462.682 12.39634 -86.28671 164.3772 180
25001 0.1666667 2 270.8659 0.7524052 4462.682 12.39634 -86.29925 164.3772 180
25001 0.1666667 2 270.8659 0.7524052 4462.682 12.39634 -86.31179 164.3772 180
25001 0.1666667 2 270.8659 0.7524052 4462.682 12.39634 -86.32433 164.3772 180
25001 0.1666667 2 270.8659 0.7524052 4462.682 12.39634 -86.33687 164.3772 180
25001 0.1666667 2 270.8659 0.7524052 4462.682 12.39634 -86.34941 164.3772 180
25001 0.1666667 2 270.8659 0.7524052 4462.682 12.39634 -86.36195 164.3772 180
25001 0.1666667 2 270.8659 0.7524052 4462.682 12.39634 -86.37449 164.3772 180
25001 0.1666667 2 270.8659 0.7524052 4462.682 12.39634 -86.38704 164.3772 180
25001 0.1666667 2 270.8659 0.7524052 4462.682 12.39634 -86.39958 164.3772 180
25001 0.1666667 2 270.8659 0.7524052 4462.682 12.39634 -86.41212 164.3772 180
25001 0.1666667 2 270.8659 0.7524052 4462.682 12.39634 -86.42466 164.3772 180
25001 0.1666667 2 270.8659 0.7524052 4462.682 12.39634 -86.4372 164.3772 180
25001 0.1666667 2 270.8659 0.7524052 4462.682 12.39634 -86.44974 164.3772 180
25001 0.1666667 2 270.8659 0.7524052 4462.682 12.39634 -86.46228 164.3772 180
25001 0.1666667 2 270.8659 0.7524052 4462.682 12.39634 -86.47482 164.3772 180
25001 0.1666667 2 270.8659 0.7524052 4462.682 12.39634 -86.48736 164.3772 180
25001 0.1666667 2 270.8659 0.7524052 4462.682 12.39634 -86.4999 164.3772 180
25001 0.1666667 2 270.8659 0.7524052 4462.682 12.39634 -86.51244 164.3772 180
25001 0.1666667 2 270.8659 0.7524052 4462.682 12.39634 -86.52498 164.3772 180
25001 0.1666667 2 270.8659 0.7524052 4462.682 12.39634 -86.53752 164.3772 180
25001 0.1666667 2 270.8659 0.7524052 4462.682 12.39634 -86.55006 164.3772 180
25001 0.1666667 2 270.8659 0.7524052 4462.682 12.39634 -86.5626 164.3772 180
25001 0.1666667 2 270.8659 0.7524052 4462.682 12.39634 -86.57514 164.3772 180
25001 0.1666667 2 270.8659 0.7524052 4462.682 12.39634 -86.58768 164.3772 180
25001 0.1666667 2 270.8659 0.7524052 4462.682 12.39634 -86.60022 164.3772 180
25001 0.1666667 2 270.8659 0.7524052 4462.682 12.39634 -86.61276 164.3772 180
25001 0.1666667 2 270.8659 0.7524052 4462.682 12.39634 -86.6253 164.3772 180
25001 0.1666667 2 270.8659 0.7524052 4462.682 12.39634 -86.63784 164.3772 180
25001 0.1666667 2 270.8659 0.7524052 4462.682 12.39634 -86.65038 164.3772 180
25001 0.1666667 2 270.8659 0.7524052 4462.682 12.39634 -86.66292 164.3772 180
25001 0.1666667 2 270.8659 0.7524052 4462.682 12.39634 -86.67546 164.3772 180
25001 0.1666667 2 270.8659 0.7524052 4462.682 12.39634 -86.688 164.3772 180
25001 0.1666667 2 270.8659 0.7524052 4462.682 12.39634 -86.70054 164.3772 180
25001 0.1666667 2 270.8659 0.7524052 4462.682 12.39634 -86.71308 164.3772 180
25001 0.1666667 2 270.8659 0.7524052 4462.682 12.39634 -86.72562 164.3772 180
25001 0.1666667 2 270.8659 0.7524052 4462.682 12.39634 -86.73816 164.3772 180
25001 0.1666667 2 270.8659 0.7524052 4462.682 12.39634 -86.7507 164.3772 180
25001 0.1666667 2 270.8659 0.7524052 4462.682 12.39634 -86.76324 164.3772 180
25001 0.1666667 2 270.8659 0.7524052 4462.682 12.39634 -86.77578 164.3772 180
25001 0.1666667 2 270.8659 0.7524052 4462.682 12.39634 -86.78832 164.3772 180
25001 0.1666667 2 270.8659 0.7524052 4462.682 12.39634 -86.80086 164.3772 180
25001 0.1666667 2 270.8659 0.7524052 4462.682 12.39634 -86.8134 164.3772 180
25001 0.1666667 2 270.8659 0.7524052 4462.682 12.39634 -86.82594 164.3772 180
25001 0.1666667 2 270.8659 0.7524052 4462.682 12.39634 -86.83848 164.3772 180
25001 0.1666667 2 270.8659 0.7524052 4462.682 12.39634 -86.85102 164.3772 180
25001 0.1666667 2 270.8659 0.7524052 4462.682 12.39634 -86.86356 164.3772 180
25001 0.1666667 2 270.8659 0.7524052 4462.682 12.39634 -86.8761 164.3772 180
25001 0.1666667 2 270.8659 0.7524052 4462.682 12.39634 -86.88864 164.3772 180
25001 0.1666667 2 270.8659 0.7524052 4462.682 12.39634 -86.90118 164.3772 180
25001 0.1666667 2 270.8659 0.7524052 4462.682 12.39634 -86.91372 164.3772 180
25001 0.1666667 2 270.8659 0.7524052 4462.682 12.39634 -86.92626 164.3772 180
25001 0.1666667 2 270.8659 0.7524052 4462.682 12.39634 -86.9388 164.3772 180
25001 0.1666667 2 270.8659 0.7524052 4462.682 12.39634 -86.95134 164.3772 180
25001 0.1666667 2 270.8659 0.7524052 4462.682 12.39634 -86.96388 164.3772 180
25001 0.1666667 2 270.8659 0.7524052 4462.682 12.39634 -86.97642 164.3772 180
25001 0.1666667 2 270.8659 0.7524052 4462.682 12.39634 -86.98896 164.3772 180
25001 0.1666667 2 270.8659 0.7524052 4462.682 12.39634 -87.0015 164.3772 180
25001 0.1666667 2 270.8659 0.7524052 4462.682 12.39634 -87.01404 164.3772 180
25001 0.1666667 2 270.8659 0.7524052 4462.682 12.39634 -87.02658 164.3772 180
25001 0.1666667 2 270.8659 0.7524052 4462.682 12.39634 -87.03912 164.3772 180
25001 0.1666667 2 270.8659 0.7524052 4462.682 12.39634 -87.05166 164.3772 180
25001 0.1666667 2 270.8659 0.7524052 4462.682 12.39634 -87.0642 164.3772 180
25001 0.1666667 2 270.8659 0.7524052 4462.682 12.39634 -87.07674 164.3772 180
25001 0.1666667 2 270.8659 0.7524052 4462.682 12.39634 -87.08928 164.3772 180
25001 0.1666667 2 270.8659 0.7524052 4462.682 12.39634 -87.10182 164.3772 180
25001 0.1666667 2 270.8659 0.7524052 4462.682 12.39634 -87.11436 164.3772 180
25001 0.1666667 2 270.8659 0.7524052 4462.682 12.39634 -87.1269 164.3772 180
25001 0.1666667 2 270.8659 0.7524052 4462.682 12.39634 -87.13944 164.3772 180
25001 0.1666667 2 270.8659 0.7524052 4462.682 12.39634 -87.15198 164.3772 180
25001 0.1666667 2 270.8659 0.7524052 4462.682 12.39634 -87.16452 164.3772 180
25001 0.1666667 2 270.8659 0.7524052 4462.682 12.39634 -87.17706 164.3772 180
25001 0.1666667 2 270.8659 0.7524052 4462.682 12.39634 -87.1896 164.3772 180
25001 0.1666667 2 270.8659 0.7524052 4462.682 12.39634 -87.20214 164.3772 180
25001 0.1666667 2 270.8659 0.7524052 4462.682 12.39634 -87.21468 164.3772 180
25001 0.1666667 2 270.8659 0.7524052 4462.682 12.39634 -87.22722 164.3772 180
25001 0.1666667 2 270.8659 0.7524052 4462.682 12.39634 -87.23976 164.3772 180
25001 0.1666667 2 270.8659 0.7524052 4462.682 12.39634 -87.2523 164.3772 180
25001 0.1666667 2 270.8659 0.7524052 4462.682 12.39634 -87.26484 164.3772 180
25001 0.1666667 2 270.8659 0.7524052 4462.682 12.39634 -87.27738 164.3772 180
25001 0.1666667 2 270.8659 0.7524052 4462.682 12.39634 -87.28992 164.3772 180
25001 0.1666667 2 270.8659 0.7524052 4462.682 12.39634 -87.30246 164.3772 180
25001 0.1666667 2 270.8659 0.7524052 4462.682 12.39634 -87.315 164.3772 180
25001 0.1666667 2 270.8659 0.7524052 4462.682 12.39634 -87.32754 164.3772 180
25001 0.1666667 2 270.8659 0.7524052 4462.682 12.39634 -87.34008 164.3772 180
25001 0.1666667 2 270.8659 0.7524052 4462.682 12.39634 -87.35262 164.3772 180
25001 0.1666667 2 270.8659 0.7524052 4462.682 12.39634 -87.36516 164.3772 180
25001 0.1666667 2 270.8659 0.7524052 4462.682 12.39634 -87.3777 164.3772 180
25001 0.1666667 2 270.8659 0.7524052 4462.682 12.39634 -87.39024 164.3772 180
25001 0.1666667 2 270.8659 0.7524052 4462.682 12.39634 -87.40278 164.3772 180
25001 0.1666667 2 270.8659 0.7524052 4462.682 12.39634 -87.41532 164.3772 180
25001 0.1666667 2 270.8659 0.7524052 4462.682 12.39634 -87.42786 164.3772 180
25001 0.1666667 2 270.8659 0.7524052 4462.682 12.39634 -87.4404 164.3772 180
25001 0.1666667 2 270.8659 0.7524052 4462.682 12.39634 -87.45294 164.3772 180
25001 0.1666667 2 270.8659 0.7524052 4462.682 12.39634 -87.46548 164.3772 180
25001 0.1666667 2 270.8659 0.7524052 4462.682 12.39634 -87.47802 164.3772 180
25001 0.1666667 2 270.8659 0.7524052 4462.682 12.39634 -87.49056 164.3772 180
25001 0.1666667 2 270.8659 0.7524052 4462.682 12.39634 -87.5031 164.3772 180
25001 0.1666667 2 270.8659 0.7524052 4462.682 12.39634 -87.51564 164.3772 180
25001 0.1666667 2 270.8659 0.7524052 4462.682 12.39634 -87.52818 164.3772 180
25001 0.1666667 2 270.8659 0.7524052 4462.682 12.39634 -87.54072 164.3772 180
25001 0.1666667 2 270.8659 0.7524052 4462.682 12.39634 -87.55326 164.3772 180
25001 0.1666667 2 270.8659 0.7524052 4462.682 12.39634 -87.5658 164.3772 180
25001 0.1666667 2 270.8659 0.7524052 4462.682 12.39634 -87.57834 164.3772 180
25001 0.1666667 2 270.8659 0.7524052 4462.682 12.39634 -87.59088 164.3772 180
25001 0.1666667 2 270.8659 0.7524052 4462.682 12.39634 -87.60342 164.3772 180
25001 0.1666667 2 270.8659 0.7524052 4462.682 12.39634 -87.61596 164.3772 180
25001 0.1666667 2 270.8659 0.7524052 4462.682 12.39634 -87.6285 164.3772 180
25001 0.1666667 2 270.8659 0.7524052 4462.682 12.39634 -87.64104 164.3772 180
25001 0.1666667 2 270.8659 0.7524052 4462.682 12.39634 -87.65358 164.3772 180
25001 0.1666667 2 270.8659 0.7524052 4462.682 12.39634 -87.66612 164.3772 180
25001 0.1666667 2 270.8659 0.7524052 4462.682 12.39634 -87.67866 164.3772 180
25001 0.1666667 2 270.8659 0.7524052 4462.682 12.39634 -87.6912 164.3772 180
25001 0.1666667 2 270.8659 0.7524052 4462.682 12.39634 -87.70374 164.3772 180
25001 0.1666667 2 270.8659 0.7524052 4462.682 12.39634 -87.71628 164.3772 180
25001 0.1666667 2 270.8659 0.7524052 4462.682 12.39634 -87.72882 164.3772 180
25001 0.1666667 2 270.8659 0.7524052 4462.682 12.39634 -87.74136 164.3772 180
25001 0.1666667 2 270.8659 0.7524052 4462.682 12.39634 -87.7539 164.3772 180
25001 0.1666667 2 270.8659 0.7524052 4462.682 12.39634 -87.76644 164.3772 180
25001 0.1666667 2 270.8659 0.7524052 4462.682 12.39634 -87.77898 164.3772 180
25001 0.1666667 2 270.8659 0.7524052 4462.682 12.39634 -87.79152 164.3772 180
25001 0.1666667 2 270.8659 0.7524052 4462.682 12.39634 -87.80406 164.3772 180
25001 0.1666667 2 270.8659 0.7524052 4462.682 12.39634 -87.8166 164.3772 180
25001 0.1666667 2 270.8659 0.7524052 4462.682 12.39634 -87.82915 164.3772 180
25001 0.1666667 2 270.8659 0.7524052 4462.682 12.39634 -87.84169 164.3772 180
25001 0.1666667 2 270.8659 0.7524052 4462.682 12.39634 -87.85423 164.3772 180
25001 0.1666667 2 270.8659 0.7524052 4462.682 12.39634 -87.86677 164.3772 180
25001 0.1666667 2 270.8659 0.7524052 4462.682 12.39634 -87.87931 164.3772 180
25001 0.1666667 2 270.8659 0.7524052 4462.682 12.39634 -87.89185 164.3772 180
25001 0.1666667 2 270.8659 0.7524052 4462.682 12.39634 -87.90439 164.3772 180
25001 0.1666667 2 270.8659 0.7524052 4462.682 12.39634 -87.91693 164.3772 180
25001 0.1666667 2 270.8659 0.7524052 4462.682 12.39634 -87.92947 164.3772 180
25001 0.1666667 2 270.8659 0.7524052 4462.682 12.39634 -87.94201 164.3772 180
25001 0.1666667 2 270.8659 0.7524052 4462.682 12.39634 -87.95455 164.3772 180
25001 0.1666667 2 270.8659 0.7524052 4462.682 12.39634 -87.96709 164.3772 180
25001 0.1666667 2 270.8659 0.7524052 4462.682 12.39634 -87.97963 164.3772 180
25001 0.1666667 2 270.8659 0.7524052 4462.682 12.39634 -87.99217 164.3772 180
25001 0.1666667 2 270.8659 0.7524052 4462.682 12.39634 -88.00471 164.3772 180
25001 0.1666667 2 270.8659 0.7524052 4462.682 12.39634 -88.01725 164.3772 180
25001 0.1666667 2 270.8659 0.7524052 4462.682 12.39634 -88.02979 164.3772 180
25001 0.1666667 2 270.8659 0.7524052 4462.682 12.39634 -88.04233 164.3772 180
25001 0.1666667 2 270.8659 0.7524052 4462.682 12.39634 -88.05487 164.3772 180
25001 0.1666667 2 270.8659 0.7524052 4462.682 12.39634 -88.06741 164.3772 180
25001 0.1666667 2 270.8659 0.7524052 4462.682 12.39634 -88.07995 164.3772 180
25001 0.1666667 2 270.8659 0.7524052 4462.682 12.39634 -88.09249 164.3772 180
25001 0.1666667 2 270.8659 0.7524052 4462.682 12.39634 -88.10503 164.3772 180
25001 0.1666667 2 270.8659 0.7524052 4462.682 12.39634 -88.11757 164.3772 180
25001 0.1666667 2 270.8659 0.7524052 4462.682 12.39634 -88.13011 164.3772 180
25001 0.1666667 2 270.8659 0.7524052 4462.682 12.39634 -88.14265 164.3772 180
25001 0.1666667 2 270.8659 0.7524052 4462.682 12.39634 -88.15519 164.3772 180
25001 0.1666667 2 270.8659 0.7524052 4462.682 12.39634 -88.16773 164.3772 180
25001 0.1666667 2 270.8659 0.7524052 4462.682 12.39634 -88.18027 164.3772 180
25001 0.1666667 2 270.8659 0.7524052 4462.682 12.39634 -88.19281 164.3772 180
25001 0.1666667 2 270.8659 0.7524052 4462.682 12.39634 -88.20535 164.3772 180
24934.33 0.1666667 2 270.662 0.7522116 4466.761 12.40021 -88.21788 164.3772 180
24834.33 0.1666667 2 270.3482 0.7513885 4473.035 12.41667 -88.23041 164.3772 180
24734.33 0.1666667 2 270.0345 0.7505171 4479.31 12.4341 -88.24292 164.3772 180
24634.33 0.1666667 2 269.7208 0.7496456 4485.584 12.45153 -88.25541 164.3772 180
24534.33 0.1666667 2 269.4071 0.7487741 4491.859 12.46896 -88.26789 164.3772 180
24434.33 0.1666667 2 269.0933 0.7479027 4498.133 12.48639 -88.28035 164.3772 180
24334.33 0.1666667 2 268.7796 0.7470312 4504.408 12.50382 -88.29281 164.3772 180
24234.33 0.1666667 2 268.4659 0.7461598 4510.682 12.52125 -88.30524 164.3772 180
24134.33 0.1666667 2 268.1522 0.7452883 4516.957 12.53868 -88.31766 164.3772 180
24034.33 0.1666667 2 267.8384 0.7444168 4523.231 12.55611 -88.33007 164.3772 180
23934.33 0.1666667 2 267.5247 0.7435454 4529.506 12.57354 -88.34246 164.3772 180
23834.33 0.1666667 2 267.211 0.7426739 4535.78 12.59097 -88.35484 164.3772 180
23734.33 0.1666667 2 266.8973 0.7418025 4542.055 12.6084 -88.3672 164.3772 180
23634.33 0.1666667 2 266.5835 0.740931 4548.329 12.62582 -88.37955 164.3772 180
23534.33 0.1666667 2 266.2698 0.7400595 4554.604 12.64325 -88.39189 164.3772 180
23434.33 0.1666667 2 265.9561 0.7391881 4560.878 12.66068 -88.40421 164.3772 180
23334.33 0.1666667 2 265.6424 0.7383166 4567.153 12.67811 -88.41651 164.3772 180
23234.33 0.1666667 2 265.3286 0.7374452 4573.427 12.69554 -88.4288 164.3772 180
23134.33 0.1666667 2 265.0149 0.7365737 4579.702 12.71297 -88.44108 164.3772 180
23034.33 0.1666667 2 264.7012 0.7357023 4585.976 12.7304 -88.45334 164.3772 180
22934.33 0.1666667 2 264.3875 0.7348308 4592.251 12.74783 -88.46559 164.3772 180
22834.33 0.1666667 2 264.0737 0.7339593 4598.525 12.76526 -88.47782 164.3772 180
22734.33 0.1666667 2 263.76 0.7330879 4604.8 12.78269 -88.49004 164.3772 180
22634.33 0.1666667 2 263.4463 0.7322164 4611.075 12.80012 -88.50224 164.3772 180
22534.33 0.1666667 2 263.1325 0.731345 4617.349 12.81755 -88.51443 164.3772 180
22434.33 0.1666667 2 262.8188 0.7304735 4623.624 12.83497 -88.52661 164.3772 180
22334.33 0.1666667 2 262.5051 0.729602 4629.898 12.8524 -88.53877 164.3772 180
22234.33 0.1666667 2 262.1914 0.7287306 4636.173 12.86983 -88.55091 164.3772 180
22134.33 0.1666667 2 261.8776 0.7278591 4642.447 12.88726 -88.56304 164.3772 180
22034.33 0.1666667 2 261.5639 0.7269877 4648.722 12.90469 -88.57516 164.3772 180
21934.33 0.1666667 2 261.2502 0.7261162 4654.996 12.92212 -88.58726 164.3772 180
21834.33 0.1666667 2 260.9365 0.7252447 4661.271 12.93955 -88.59935 164.3772 180
21734.33 0.1666667 2 260.6227 0.7243733 4667.545 12.95698 -88.61142 164.3772 180
21634.33 0.1666667 2 260.309 0.7235018 4673.82 12.97441 -88.62348 164.3772 180
21534.33 0.1666667 2 259.9953 0.7226304 4680.094 12.99184 -88.63552 164.3772 180
21434.33 0.1666667 2 259.6816 0.7217589 4686.369 13.00927 -88.64755 164.3772 180
21334.33 0.1666667 2 259.3678 0.7208874 4692.643 13.0267 -88.65957 164.3772 180
21234.33 0.1666667 2 259.0541 0.720016 4698.918 13.04412 -88.67157 164.3772 180
21134.33 0.1666667 2 258.7404 0.7191445 4705.192 13.06155 -88.68355 164.3772 180
21034.33 0.1666667 2 258.4267 0.7182731 4711.467 13.07898 -88.69552 164.3772 180
20934.33 0.1666667 2 258.1129 0.7174016 4717.741 13.09641 -88.70748 164.3772 180
20834.33 0.1666667 2 257.7992 0.7165301 4724.016 13.11384 -88.71942 164.3772 180
20734.33 0.1666667 2 257.4855 0.7156587 4730.29 13.13127 -88.73135 164.3772 180
20634.33 0.1666667 2 257.1718 0.7147872 4736.565 13.1487 -88.74326 164.3772 180
20534.33 0.1666667 2 256.858 0.7139158 4742.839 13.16613 -88.75516 164.3772 180
20434.33 0.1666667 2 256.5443 0.7130443 4749.114 13.18356 -88.76705 164.3772 180
20334.33 0.1666667 2 256.2306 0.7121728 4755.388 13.20099 -88.77892 164.3772 180
20234.33 0.1666667 2 255.9169 0.7113014 4761.663 13.21842 -88.79077 164.3772 180
20134.33 0.1666667 2 255.6031 0.7104299 4767.937 13.23585 -88.80261 164.3772 180
20034.33 0.1666667 2 255.2894 0.7095585 4774.212 13.25328 -88.81444 164.3772 180
19934.33 0.1666667 2 254.9757 0.708687 4780.486 13.2707 -88.82625 164.3772 180
19834.33 0.1666667 2 254.662 0.7078155 4786.761 13.28813 -88.83805 164.3772 180
19734.33 0.1666667 2 254.3482 0.7069441 4793.035 13.30556 -88.84983 164.3772 180
19634.33 0.1666667 2 254.0345 0.7060726 4799.31 13.32299 -88.8616 164.3772 180
19534.33 0.1666667 2 253.7208 0.7052012 4805.584 13.34042 -88.87335 164.3772 180
19434.33 0.1666667 2 253.4071 0.7043297 4811.859 13.35785 -88.88509 164.3772 180
19334.33 0.1666667 2 253.0933 0.7034582 4818.133 13.37528 -88.89681 164.3772 180
19234.33 0.1666667 2 252.7796 0.7025868 4824.408 13.39271 -88.90852 164.3772 180
19134.33 0.1666667 2 252.4659 0.7017153 4830.682 13.41014 -88.92022 164.3772 180
19034.33 0.1666667 2 252.1522 0.7008439 4836.957 13.42757 -88.9319 164.3772 180
18934.33 0.1666667 2 251.8384 0.6999724 4843.231 13.445 -88.94356 164.3772 180
18834.33 0.1666667 2 251.5247 0.6991009 4849.506 13.46243 -88.95522 164.3772 180
18734.33 0.1666667 2 251.211 0.6982295 4855.78 13.47985 -88.96685 164.3772 180
18634.33 0.1666667 2 250.8973 0.697358 4862.055 13.49728 -88.97848 164.3772 180
18534.33 0.1666667 2 250.5835 0.6964866 4868.329 13.51471 -88.99008 164.3772 180
18434.33 0.1666667 2 250.2698 0.6956151 4874.604 13.53214 -89.00168 164.3772 180
18334.33 0.1666667 2 249.9561 0.6947436 4880.878 13.54957 -89.01326 164.3772 180
18234.33 0.1666667 2 249.6424 0.6938722 4887.153 13.567 -89.02482 164.3772 180
18134.33 0.1666667 2 249.3286 0.6930007 4893.427 13.58443 -89.03637 164.3772 180
18034.33 0.1666667 2 249.0149 0.6921293 4899.702 13.60186 -89.04791 164.3772 180
17934.33 0.1666667 2 248.7012 0.6912578 4905.976 13.61929 -89.05943 164.3772 180
17834.33 0.1666667 2 248.3875 0.6903863 4912.251 13.63672 -89.07093 164.3772 180
17734.33 0.1666667 2 248.0737 0.6895149 4918.525 13.65415 -89.08243 164.3772 180
17634.33 0.1666667 2 247.76 0.6886434 4924.8 13.67158 -89.0939 164.3772 180
17534.33 0.1666667 2 247.4463 0.687772 4931.075 13.68901 -89.10537 164.3772 180
17434.33 0.1666667 2 247.1325 0.6869005 4937.349 13.70643 -89.11682 164.3772 180
17334.33 0.1666667 2 246.8188 0.686029 4943.624 13.72386 -89.12825 164.3772 180
17234.33 0.1666667 2 246.5051 0.6851576 4949.898 13.74129 -89.13967 164.3772 180
17134.33 0.1666667 2 246.1914 0.6842861 4956.173 13.75872 -89.15107 164.3772 180
17034.33 0.1666667 2 245.8776 0.6834147 4962.447 13.77615 -89.16246 164.3772 180
16934.33 0.1666667 2 245.5639 0.6825432 4968.722 13.79358 -89.17384 164.3772 180
16834.33 0.1666667 2 245.2502 0.6816718 4974.996 13.81101 -89.1852 164.3772 180
16734.33 0.1666667 2 244.9365 0.6808003 4981.271 13.82844 -89.19655 164.3772 180
16634.33 0.1666667 2 244.6227 0.6799288 4987.545 13.84587 -89.20788 164.3772 180
16534.33 0.1666667 2 244.309 0.6790574 4993.82 13.8633 -89.2192 164.3772 180
16434.33 0.1666667 2 243.9953 0.6781859 5000.094 13.88073 -89.2305 164.3772 180
16334.33 0.1666667 2 243.6816 0.6773145 5006.369 13.89816 -89.24179 164.3772 180
16234.33 0.1666667 2 243.3678 0.676443 5012.643 13.91558 -89.25306 164.3772 180
16134.33 0.1666667 2 243.0541 0.6755715 5018.918 13.93301 -89.26432 164.3772 180
16034.33 0.1666667 2 242.7404 0.6747001 5025.192 13.95044 -89.27557 164.3772 180
15934.33 0.1666667 2 242.4267 0.6738286 5031.467 13.96787 -89.2868 164.3772 180
15834.33 0.1666667 2 242.1129 0.6729572 5037.741 13.9853 -89.29801 164.3772 180
15734.33 0.1666667 2 241.7992 0.6720857 5044.016 14.00273 -89.30921 164.3772 180
15634.33 0.1666667 2 241.4855 0.6712142 5050.29 14.02016 -89.3204 164.3772 180
15534.33 0.1666667 2 241.1718 0.6703428 5056.565 14.03759 -89.33157 164.3772 180
15434.33 0.1666667 2 240.858 0.6694713 5062.839 14.05502 -89.34273 164.3772 180
15334.33 0.1666667 2 240.5443 0.6685999 5069.114 14.07245 -89.35388 164.3772 180
15234.33 0.1666667 2 240.2306 0.6677284 5075.388 14.08988 -89.365 164.3772 180
15134.33 0.1666667 2 239.9169 0.6668569 5081.663 14.10731 -89.37612 164.3772 180
15034.33 0.1666667 2 239.6031 0.6659855 5087.937 14.12473 -89.38722 164.3772 180
14934.33 0.1666667 2 239.2894 0.665114 5094.212 14.14216 -89.3983 164.3772 180
14834.33 0.1666667 2 238.9757 0.6642426 5100.486 14.15959 -89.40937 164.3772 180
14734.33 0.1666667 2 238.662 0.6633711 5106.761 14.17702 -89.42043 164.3772 180
14634.33 0.1666667 2 238.3482 0.6624996 5113.035 14.19445 -89.43147 164.3772 180
14534.33 0.1666667 2 238.0345 0.6616282 5119.31 14.21188 -89.4425 164.3772 180
14434.33 0.1666667 2 237.7208 0.6607567 5125.584 14.22931 -89.45351 164.3772 180
14334.33 0.1666667 2 237.4071 0.6598853 5131.859 14.24674 -89.46451 164.3772 180
14234.33 0.1666667 2 237.0933 0.6590138 5138.133 14.26417 -89.47549 164.3772 180
14134.33 0.1666667 2 236.7796 0.6581423 5144.408 14.2816 -89.48646 164.3772 180
14034.33 0.1666667 2 236.4659 0.6572709 5150.682 14.29903 -89.49742 164.3772 180
13934.33 0.1666667 2 236.1522 0.6563994 5156.957 14.31646 -89.50836 164.3772 180
13834.33 0.1666667 2 235.8384 0.655528 5163.231 14.33389 -89.51928 164.3772 180
13734.33 0.1666667 2 235.5247 0.6546565 5169.506 14.35131 -89.53019 164.3772 180
13634.33 0.1666667 2 235.211 0.653785 5175.78 14.36874 -89.54109 164.3772 180
13534.33 0.1666667 2 234.8973 0.6529136 5182.055 14.38617 -89.55197 164.3772 180
13434.33 0.1666667 2 234.5835 0.6520421 5188.329 14.4036 -89.56284 164.3772 180
13334.33 0.1666667 2 234.2698 0.6511707 5194.604 14.42103 -89.57369 164.3772 180
13234.33 0.1666667 2 233.9561 0.6502992 5200.878 14.43846 -89.58453 164.3772 180
13134.33 0.1666667 2 233.6424 0.6494277 5207.153 14.45589 -89.59535 164.3772 180
13034.33 0.1666667 2 233.3286 0.6485563 5213.427 14.47332 -89.60616 164.3772 180
12934.33 0.1666667 2 233.0149 0.6476848 5219.702 14.49075 -89.61696 164.3772 180
12834.33 0.1666667 2 232.7012 0.6468134 5225.976 14.50818 -89.62774 164.3772 180
12734.33 0.1666667 2 232.3875 0.6459419 5232.251 14.52561 -89.6385 164.3772 180
12634.33 0.1666667 2 232.0737 0.6450704 5238.525 14.54304 -89.64925 164.3772 180
12534.33 0.1666667 2 231.76 0.644199 5244.8 14.56046 -89.65999 164.3772 180
12434.33 0.1666667 2 231.4463 0.6433275 5251.075 14.57789 -89.67071 164.3772 180
12334.33 0.1666667 2 231.1325 0.6424561 5257.349 14.59532 -89.68142 164.3772 180
12234.33 0.1666667 2 230.8188 0.6415846 5263.624 14.61275 -89.69211 164.3772 180
12134.33 0.1666667 2 230.5051 0.6407131 5269.898 14.63018 -89.70279 164.3772 180
12034.33 0.1666667 2 230.1914 0.6398417 5276.173 14.64761 -89.71346 164.3772 180
11934.33 0.1666667 2 229.8776 0.6389702 5282.447 14.66504 -89.72411 164.3772 180
11834.33 0.1666667 2 229.5639 0.6380988 5288.722 14.68247 -89.73474 164.3772 180
11734.33 0.1666667 2 229.2502 0.6372273 5294.996 14.6999 -89.74536 164.3772 180
11634.33 0.1666667 2 228.9365 0.6363558 5301.271 14.71733 -89.75597 164.3772 180
11534.33 0.1666667 2 228.6227 0.6354844 5307.545 14.73476 -89.76656 164.3772 180
11434.33 0.1666667 2 228.309 0.6346129 5313.82 14.75219 -89.77714 164.3772 180
11334.33 0.1666667 2 227.9953 0.6337415 5320.094 14.76962 -89.7877 164.3772 180
11234.33 0.1666667 2 227.6816 0.63287 5326.369 14.78704 -89.79825 164.3772 180
11134.33 0.1666667 2 227.3678 0.6319985 5332.643 14.80447 -89.80878 164.3772 180
11034.33 0.1666667 2 227.0541 0.6311271 5338.918 14.8219 -89.8193 164.3772 180
10934.33 0.1666667 2 226.7404 0.6302556 5345.192 14.83933 -89.8298 164.3772 180
10834.33 0.1666667 2 226.4267 0.6293842 5351.467 14.85676 -89.84029 164.3772 180
10734.33 0.1666667 2 226.1129 0.6285127 5357.741 14.87419 -89.85077 164.3772 180
10634.33 0.1666667 2 225.7992 0.6276412 5364.016 14.89162 -89.86123 164.3772 180
10534.33 0.1666667 2 225.4855 0.6267698 5370.29 14.90905 -89.87167 164.3772 180
10434.33 0.1666667 2 225.1718 0.6258983 5376.565 14.92648 -89.88211 164.3772 180
10334.33 0.1666667 2 224.858 0.6250269 5382.839 14.94391 -89.89252 164.3772 180
10234.33 0.1666667 2 224.5443 0.6241554 5389.114 14.96134 -89.90292 164.277 181
10134.33 0.1666667 2 224.2306 0.623284 5395.388 14.97877 -89.91331 164.1639 181
10034.33 0.1666667 2 223.9169 0.6224125 5401.663 14.99619 -89.92368 164.0364 181
9934.333 0.1666667 2 223.6031 0.621541 5407.937 15.01362 -89.93404 163.8906 181
9834.333 0.1666667 2 223.2894 0.6206696 5414.212 15.03105 -89.94438 163.72 181
9734.333 0.1666667 2 222.9757 0.6197981 5420.486 15.04848 -89.95471 163.5145 181
9634.333 0.1666667 2 222.662 0.6189267 5426.761 15.06591 -89.96503 163.2561 181
9534.333 0.1666667 2 222.3482 0.6180552 5433.035 15.08334 -89.97532 162.9072 181
9434.333 0.1666667 2 222.0345 0.6171837 5439.31 15.10077 -89.98561 162.368 181
9334.333 0.1666667 2 221.7208 0.6163123 5445.584 15.1182 -89.99588 161.1174 181
9314.333 0.03333333 2 221.658 0.1231579 5446.839 3.025731 -89.99793 160.4288 181
